[ 2017-04-20T08:30:41+08:00 ] 172.17.32.112 /health/management/Application/index.php/Connector/Sick/getSick
INFO: [ app_init ] --START--
INFO: [ app_init ] --END-- [ RunTime:0.000307s ]
INFO: [ path_info ] --START--
INFO: [ path_info ] --END-- [ RunTime:0.000035s ]
INFO: [ app_begin ] --START--
INFO: Run Behavior\ReadHtmlCache [ RunTime:0.000050s ]
INFO: [ app_begin ] --END-- [ RunTime:0.000130s ]
INFO: [ action_begin ] --START--
INFO: [ action_begin ] --END-- [ RunTime:0.000046s ]
SQL: SHOW COLUMNS FROM `department_info` [ RunTime:0.021731s ]
SQL: SHOW COLUMNS FROM `illness` [ RunTime:0.012550s ]
SQL: SELECT * FROM `department_info` WHERE ( `parent_id` = 0 )  [ RunTime:0.000829s ]
SQL: SELECT * FROM `department_info`  [ RunTime:0.000577s ]
SQL: SELECT * FROM `department_info`  [ RunTime:0.000530s ]
SQL: SELECT * FROM `department_info`  [ RunTime:0.000549s ]
SQL: SELECT * FROM `department_info`  [ RunTime:0.000648s ]
SQL: SELECT * FROM `department_info`  [ RunTime:0.000547s ]
SQL: SELECT * FROM `illness` WHERE ( `two_depa_id` = '6' )  [ RunTime:0.000714s ]
SQL: SELECT * FROM `illness` WHERE ( `two_depa_id` = '7' )  [ RunTime:0.000546s ]
SQL: SELECT * FROM `illness` WHERE ( `two_depa_id` = '8' )  [ RunTime:0.000508s ]
SQL: SELECT * FROM `illness` WHERE ( `two_depa_id` = '9' )  [ RunTime:0.000486s ]
SQL: SELECT * FROM `illness` WHERE ( `two_depa_id` = '11' )  [ RunTime:0.000481s ]
SQL: SELECT * FROM `illness` WHERE ( `two_depa_id` = '13' )  [ RunTime:0.000479s ]
SQL: SELECT * FROM `illness` WHERE ( `two_depa_id` = '12' )  [ RunTime:0.000479s ]
SQL: SELECT * FROM `illness` WHERE ( `two_depa_id` = '14' )  [ RunTime:0.000490s ]
SQL: SELECT * FROM `illness` WHERE ( `two_depa_id` = '10' )  [ RunTime:0.000477s ]
SQL: SELECT * FROM `illness` WHERE ( `two_depa_id` = '15' )  [ RunTime:0.000444s ]
INFO: [ app_end ] --START--
INFO: Run Behavior\ShowPageTrace [ RunTime:0.000072s ]
INFO: [ app_end ] --END-- [ RunTime:0.000186s ]

[ 2017-04-20T08:35:46+08:00 ] 172.17.32.112 /health/management/Application/index.php/Connector/Sick/getSick
INFO: [ app_init ] --START--
INFO: [ app_init ] --END-- [ RunTime:0.000420s ]
INFO: [ path_info ] --START--
INFO: [ path_info ] --END-- [ RunTime:0.000036s ]
INFO: [ app_begin ] --START--
INFO: Run Behavior\ReadHtmlCache [ RunTime:0.000044s ]
INFO: [ app_begin ] --END-- [ RunTime:0.000106s ]
INFO: [ action_begin ] --START--
INFO: [ action_begin ] --END-- [ RunTime:0.000045s ]
SQL: SHOW COLUMNS FROM `department_info` [ RunTime:0.005431s ]
SQL: SHOW COLUMNS FROM `illness` [ RunTime:0.004739s ]
SQL: SELECT * FROM `department_info` WHERE ( `parent_id` = 0 )  [ RunTime:0.000746s ]
SQL: SELECT * FROM `department_info`  [ RunTime:0.000446s ]
SQL: SELECT * FROM `department_info`  [ RunTime:0.000406s ]
SQL: SELECT * FROM `department_info`  [ RunTime:0.000443s ]
SQL: SELECT * FROM `department_info`  [ RunTime:0.000432s ]
SQL: SELECT * FROM `department_info`  [ RunTime:0.000397s ]
SQL: SELECT * FROM `illness` WHERE ( `two_depa_id` = '6' )  [ RunTime:0.000448s ]
SQL: SELECT * FROM `illness` WHERE ( `two_depa_id` = '7' )  [ RunTime:0.000407s ]
SQL: SELECT * FROM `illness` WHERE ( `two_depa_id` = '8' )  [ RunTime:0.000402s ]
SQL: SELECT * FROM `illness` WHERE ( `two_depa_id` = '9' )  [ RunTime:0.000397s ]
SQL: SELECT * FROM `illness` WHERE ( `two_depa_id` = '11' )  [ RunTime:0.000400s ]
SQL: SELECT * FROM `illness` WHERE ( `two_depa_id` = '13' )  [ RunTime:0.000394s ]
SQL: SELECT * FROM `illness` WHERE ( `two_depa_id` = '12' )  [ RunTime:0.000393s ]
SQL: SELECT * FROM `illness` WHERE ( `two_depa_id` = '14' )  [ RunTime:0.000727s ]
SQL: SELECT * FROM `illness` WHERE ( `two_depa_id` = '10' )  [ RunTime:0.000404s ]
SQL: SELECT * FROM `illness` WHERE ( `two_depa_id` = '15' )  [ RunTime:0.000400s ]
INFO: [ app_end ] --START--
INFO: Run Behavior\ShowPageTrace [ RunTime:0.000072s ]
INFO: [ app_end ] --END-- [ RunTime:0.000183s ]

[ 2017-04-20T08:36:07+08:00 ] 172.17.32.112 /health/management/Application/index.php/Connector/Sick/getSick
INFO: [ app_init ] --START--
INFO: [ app_init ] --END-- [ RunTime:0.000343s ]
INFO: [ path_info ] --START--
INFO: [ path_info ] --END-- [ RunTime:0.000040s ]
INFO: [ app_begin ] --START--
INFO: Run Behavior\ReadHtmlCache [ RunTime:0.000044s ]
INFO: [ app_begin ] --END-- [ RunTime:0.000101s ]
INFO: [ action_begin ] --START--
INFO: [ action_begin ] --END-- [ RunTime:0.000033s ]
SQL: SHOW COLUMNS FROM `department_info` [ RunTime:0.004956s ]
SQL: SHOW COLUMNS FROM `illness` [ RunTime:0.004922s ]
SQL: SELECT * FROM `department_info` WHERE ( `parent_id` = 0 )  [ RunTime:0.000531s ]
SQL: SELECT * FROM `department_info`  [ RunTime:0.000426s ]
SQL: SELECT * FROM `department_info`  [ RunTime:0.000409s ]
SQL: SELECT * FROM `department_info`  [ RunTime:0.000409s ]
SQL: SELECT * FROM `department_info`  [ RunTime:0.000383s ]
SQL: SELECT * FROM `department_info`  [ RunTime:0.000505s ]
SQL: SELECT * FROM `illness` WHERE ( `two_depa_id` = '6' )  [ RunTime:0.000576s ]
SQL: SELECT * FROM `illness` WHERE ( `two_depa_id` = '7' )  [ RunTime:0.000503s ]
SQL: SELECT * FROM `illness` WHERE ( `two_depa_id` = '8' )  [ RunTime:0.000420s ]
SQL: SELECT * FROM `illness` WHERE ( `two_depa_id` = '9' )  [ RunTime:0.000677s ]
SQL: SELECT * FROM `illness` WHERE ( `two_depa_id` = '11' )  [ RunTime:0.001021s ]
SQL: SELECT * FROM `illness` WHERE ( `two_depa_id` = '13' )  [ RunTime:0.000530s ]
SQL: SELECT * FROM `illness` WHERE ( `two_depa_id` = '12' )  [ RunTime:0.000657s ]
SQL: SELECT * FROM `illness` WHERE ( `two_depa_id` = '14' )  [ RunTime:0.000504s ]
SQL: SELECT * FROM `illness` WHERE ( `two_depa_id` = '10' )  [ RunTime:0.000479s ]
SQL: SELECT * FROM `illness` WHERE ( `two_depa_id` = '15' )  [ RunTime:0.000441s ]
INFO: [ app_end ] --START--
INFO: Run Behavior\ShowPageTrace [ RunTime:0.000073s ]
INFO: [ app_end ] --END-- [ RunTime:0.000188s ]

[ 2017-04-20T08:36:23+08:00 ] 172.17.32.112 /health/management/Application/index.php/Connector/Sick/getSick
INFO: [ app_init ] --START--
INFO: [ app_init ] --END-- [ RunTime:0.000255s ]
INFO: [ path_info ] --START--
INFO: [ path_info ] --END-- [ RunTime:0.000029s ]
INFO: [ app_begin ] --START--
INFO: Run Behavior\ReadHtmlCache [ RunTime:0.000040s ]
INFO: [ app_begin ] --END-- [ RunTime:0.000096s ]
INFO: [ action_begin ] --START--
INFO: [ action_begin ] --END-- [ RunTime:0.000036s ]
SQL: SHOW COLUMNS FROM `department_info` [ RunTime:0.004771s ]
SQL: SHOW COLUMNS FROM `illness` [ RunTime:0.005432s ]
SQL: SELECT * FROM `department_info` WHERE ( `parent_id` = 0 )  [ RunTime:0.000534s ]
SQL: SELECT * FROM `department_info`  [ RunTime:0.000423s ]
SQL: SELECT * FROM `department_info`  [ RunTime:0.000407s ]
SQL: SELECT * FROM `department_info`  [ RunTime:0.000412s ]
SQL: SELECT * FROM `department_info`  [ RunTime:0.000385s ]
SQL: SELECT * FROM `department_info`  [ RunTime:0.000476s ]
SQL: SELECT * FROM `illness` WHERE ( `two_depa_id` = '6' )  [ RunTime:0.000423s ]
SQL: SELECT * FROM `illness` WHERE ( `two_depa_id` = '7' )  [ RunTime:0.000450s ]
SQL: SELECT * FROM `illness` WHERE ( `two_depa_id` = '8' )  [ RunTime:0.000405s ]
SQL: SELECT * FROM `illness` WHERE ( `two_depa_id` = '9' )  [ RunTime:0.000398s ]
SQL: SELECT * FROM `illness` WHERE ( `two_depa_id` = '11' )  [ RunTime:0.000396s ]
SQL: SELECT * FROM `illness` WHERE ( `two_depa_id` = '13' )  [ RunTime:0.000392s ]
SQL: SELECT * FROM `illness` WHERE ( `two_depa_id` = '12' )  [ RunTime:0.000449s ]
SQL: SELECT * FROM `illness` WHERE ( `two_depa_id` = '14' )  [ RunTime:0.000412s ]
SQL: SELECT * FROM `illness` WHERE ( `two_depa_id` = '10' )  [ RunTime:0.000421s ]
SQL: SELECT * FROM `illness` WHERE ( `two_depa_id` = '15' )  [ RunTime:0.000395s ]
INFO: [ app_end ] --START--
INFO: Run Behavior\ShowPageTrace [ RunTime:0.000073s ]
INFO: [ app_end ] --END-- [ RunTime:0.000184s ]

[ 2017-04-20T08:39:02+08:00 ] 172.17.32.112 /health/management/Application/index.php/Connector/User/login
INFO: [ app_init ] --START--
INFO: [ app_init ] --END-- [ RunTime:0.000371s ]
INFO: [ path_info ] --START--
INFO: [ path_info ] --END-- [ RunTime:0.000039s ]
INFO: [ app_begin ] --START--
INFO: Run Behavior\ReadHtmlCache [ RunTime:0.000053s ]
INFO: [ app_begin ] --END-- [ RunTime:0.000125s ]
INFO: [ action_begin ] --START--
INFO: [ action_begin ] --END-- [ RunTime:0.000044s ]
SQL: SHOW COLUMNS FROM `user_info` [ RunTime:0.006008s ]
SQL: SELECT * FROM `user_info` WHERE ( `user_phone` = '15768653949' ) AND ( `user_token` = '132fed193c4d695393b05f3f06ef8184' ) LIMIT 1   [ RunTime:0.000978s ]
SQL: UPDATE `user_info` SET `user_token`='d26afa4c7d1d6070b205d10143612402',`token_time`='2017-04-20 08:39:02',`login_time`='2017-04-20 08:39:02' WHERE ( `user_phone` = '15768653949' ) AND ( `user_token` = '132fed193c4d695393b05f3f06ef8184' ) [ RunTime:0.039872s ]
INFO: [ app_end ] --START--
INFO: Run Behavior\ShowPageTrace [ RunTime:0.000072s ]
INFO: [ app_end ] --END-- [ RunTime:0.000184s ]

[ 2017-04-20T08:39:03+08:00 ] 172.17.32.112 /health/management/Application/index.php/Connector/User/getKnowList
INFO: [ app_init ] --START--
INFO: [ app_init ] --END-- [ RunTime:0.000497s ]
INFO: [ path_info ] --START--
INFO: [ path_info ] --END-- [ RunTime:0.000057s ]
INFO: [ app_begin ] --START--
INFO: Run Behavior\ReadHtmlCache [ RunTime:0.000084s ]
INFO: [ app_begin ] --END-- [ RunTime:0.000187s ]
INFO: [ action_begin ] --START--
INFO: [ action_begin ] --END-- [ RunTime:0.000058s ]
SQL: SHOW COLUMNS FROM `health_know` [ RunTime:0.004893s ]
SQL: SELECT * FROM `health_know`  [ RunTime:0.000555s ]
INFO: [ app_end ] --START--
INFO: Run Behavior\ShowPageTrace [ RunTime:0.000069s ]
INFO: [ app_end ] --END-- [ RunTime:0.000177s ]

[ 2017-04-20T08:39:04+08:00 ] 172.17.32.112 /health/management/Application/index.php/Home/Index/getHotHos?category=news
INFO: [ app_init ] --START--
INFO: [ app_init ] --END-- [ RunTime:0.000333s ]
INFO: [ path_info ] --START--
INFO: [ path_info ] --END-- [ RunTime:0.000033s ]
INFO: [ app_begin ] --START--
INFO: Run Behavior\ReadHtmlCache [ RunTime:0.000046s ]
INFO: [ app_begin ] --END-- [ RunTime:0.000103s ]
INFO: [ action_begin ] --START--
INFO: [ action_begin ] --END-- [ RunTime:0.000077s ]
SQL: SHOW COLUMNS FROM `hospital_info` [ RunTime:0.005932s ]
SQL: SELECT * FROM `hospital_info`  [ RunTime:0.000732s ]
INFO: [ app_end ] --START--
INFO: Run Behavior\ShowPageTrace [ RunTime:0.000070s ]
INFO: [ app_end ] --END-- [ RunTime:0.000182s ]

[ 2017-04-20T08:39:06+08:00 ] 172.17.32.112 /health/management/Application/index.php/Home/Index/getHotDoc
INFO: [ app_init ] --START--
INFO: [ app_init ] --END-- [ RunTime:0.000301s ]
INFO: [ path_info ] --START--
INFO: [ path_info ] --END-- [ RunTime:0.000031s ]
INFO: [ app_begin ] --START--
INFO: Run Behavior\ReadHtmlCache [ RunTime:0.000045s ]
INFO: [ app_begin ] --END-- [ RunTime:0.000100s ]
INFO: [ action_begin ] --START--
INFO: [ action_begin ] --END-- [ RunTime:0.000078s ]
NOTIC: [2048] Declaration of Admin\Model\DoctorInfoModel::_after_insert() should be compatible with that of Think\Model::_after_insert() D:\WWW\health\management\Application\Admin\Model\DoctorInfoModel.class.php 第 7 行.
SQL: SHOW COLUMNS FROM `doctor_info` [ RunTime:0.005407s ]
SQL: SELECT a.*,b.hos_name,c.dep_name FROM doctor_info a LEFT JOIN hospital_info b on a.hos_id=b.hos_id LEFT JOIN department_info c on a.depa_id=c.dep_id  [ RunTime:0.001571s ]
INFO: [ app_end ] --START--
INFO: Run Behavior\ShowPageTrace [ RunTime:0.000073s ]
INFO: [ app_end ] --END-- [ RunTime:0.000278s ]

[ 2017-04-20T08:39:07+08:00 ] 172.17.32.112 /health/management/Application/index.php/Connector/User/getuserInfo
INFO: [ app_init ] --START--
INFO: [ app_init ] --END-- [ RunTime:0.000303s ]
INFO: [ path_info ] --START--
INFO: [ path_info ] --END-- [ RunTime:0.000031s ]
INFO: [ app_begin ] --START--
INFO: Run Behavior\ReadHtmlCache [ RunTime:0.000043s ]
INFO: [ app_begin ] --END-- [ RunTime:0.000100s ]
INFO: [ action_begin ] --START--
INFO: [ action_begin ] --END-- [ RunTime:0.000053s ]
SQL: SHOW COLUMNS FROM `user_info` [ RunTime:0.005496s ]
SQL: SELECT * FROM `user_info` WHERE ( `user_phone` = '15768653949' ) LIMIT 1   [ RunTime:0.000733s ]
INFO: [ app_end ] --START--
INFO: Run Behavior\ShowPageTrace [ RunTime:0.000069s ]
INFO: [ app_end ] --END-- [ RunTime:0.000178s ]

[ 2017-04-20T08:39:15+08:00 ] 172.17.32.112 /health/management/Application/index.php/Connector/Doc/getDocName
INFO: [ app_init ] --START--
INFO: [ app_init ] --END-- [ RunTime:0.000496s ]
INFO: [ path_info ] --START--
INFO: [ path_info ] --END-- [ RunTime:0.000057s ]
INFO: [ app_begin ] --START--
INFO: Run Behavior\ReadHtmlCache [ RunTime:0.000083s ]
INFO: [ app_begin ] --END-- [ RunTime:0.000186s ]
INFO: [ action_begin ] --START--
INFO: [ action_begin ] --END-- [ RunTime:0.000059s ]
NOTIC: [2048] Declaration of Admin\Model\DoctorInfoModel::_after_insert() should be compatible with that of Think\Model::_after_insert() D:\WWW\health\management\Application\Admin\Model\DoctorInfoModel.class.php 第 7 行.
SQL: SHOW COLUMNS FROM `doctor_info` [ RunTime:0.005356s ]
SQL: SELECT `doc_id`,`doc_name` FROM `doctor_info`  [ RunTime:0.000569s ]
NOTIC: [8] Undefined variable: info D:\WWW\health\management\Application\Connector\Controller\DocController.class.php 第 54 行.
NOTIC: [2] in_array() expects parameter 2 to be array, null given D:\WWW\health\management\Application\Connector\Controller\DocController.class.php 第 54 行.
INFO: [ app_end ] --START--
INFO: Run Behavior\ShowPageTrace [ RunTime:0.000070s ]
INFO: [ app_end ] --END-- [ RunTime:0.000177s ]

[ 2017-04-20T08:40:38+08:00 ] 172.17.32.112 /health/management/Application/index.php/Connector/Doc/getDocDetail?doc_id=40
INFO: [ app_init ] --START--
INFO: [ app_init ] --END-- [ RunTime:0.000322s ]
INFO: [ path_info ] --START--
INFO: [ path_info ] --END-- [ RunTime:0.000037s ]
INFO: [ app_begin ] --START--
INFO: Run Behavior\ReadHtmlCache [ RunTime:0.000054s ]
INFO: [ app_begin ] --END-- [ RunTime:0.000120s ]
INFO: [ action_begin ] --START--
INFO: [ action_begin ] --END-- [ RunTime:0.000045s ]
NOTIC: [2048] Declaration of Admin\Model\DoctorInfoModel::_after_insert() should be compatible with that of Think\Model::_after_insert() D:\WWW\health\management\Application\Admin\Model\DoctorInfoModel.class.php 第 7 行.
SQL: SHOW COLUMNS FROM `doctor_info` [ RunTime:0.005815s ]
SQL: SELECT a.*,b.hos_name,c.dep_name FROM doctor_info a LEFT JOIN hospital_info b on a.hos_id=b.hos_id LEFT JOIN department_info c on a.depa_id=c.dep_id WHERE ( `doc_id` = '40' ) LIMIT 1   [ RunTime:0.000785s ]
INFO: [ app_end ] --START--
INFO: Run Behavior\ShowPageTrace [ RunTime:0.000069s ]
INFO: [ app_end ] --END-- [ RunTime:0.000175s ]

[ 2017-04-20T09:40:39+08:00 ] 172.17.32.112 /health/management/Application/index.php/Connector/Doc/getDocDetail?doc_id=20
INFO: [ app_init ] --START--
INFO: [ app_init ] --END-- [ RunTime:0.000337s ]
INFO: [ path_info ] --START--
INFO: [ path_info ] --END-- [ RunTime:0.000030s ]
INFO: [ app_begin ] --START--
INFO: Run Behavior\ReadHtmlCache [ RunTime:0.000049s ]
INFO: [ app_begin ] --END-- [ RunTime:0.000111s ]
INFO: [ action_begin ] --START--
INFO: [ action_begin ] --END-- [ RunTime:0.000039s ]
NOTIC: [2048] Declaration of Admin\Model\DoctorInfoModel::_after_insert() should be compatible with that of Think\Model::_after_insert() D:\WWW\health\management\Application\Admin\Model\DoctorInfoModel.class.php 第 7 行.
SQL: SHOW COLUMNS FROM `doctor_info` [ RunTime:0.008288s ]
SQL: SELECT a.*,b.hos_name,c.dep_name FROM doctor_info a LEFT JOIN hospital_info b on a.hos_id=b.hos_id LEFT JOIN department_info c on a.depa_id=c.dep_id WHERE ( `doc_id` = '20' ) LIMIT 1   [ RunTime:0.002153s ]
INFO: [ app_end ] --START--
INFO: Run Behavior\ShowPageTrace [ RunTime:0.000071s ]
INFO: [ app_end ] --END-- [ RunTime:0.000183s ]

[ 2017-04-20T09:41:20+08:00 ] 172.17.32.112 /health/management/Application/index.php/Connector/Doc/getDocDetail?doc_id=20
INFO: [ app_init ] --START--
INFO: [ app_init ] --END-- [ RunTime:0.000270s ]
INFO: [ path_info ] --START--
INFO: [ path_info ] --END-- [ RunTime:0.000034s ]
INFO: [ app_begin ] --START--
INFO: Run Behavior\ReadHtmlCache [ RunTime:0.000044s ]
INFO: [ app_begin ] --END-- [ RunTime:0.000100s ]
INFO: [ action_begin ] --START--
INFO: [ action_begin ] --END-- [ RunTime:0.000031s ]
NOTIC: [2048] Declaration of Admin\Model\DoctorInfoModel::_after_insert() should be compatible with that of Think\Model::_after_insert() D:\WWW\health\management\Application\Admin\Model\DoctorInfoModel.class.php 第 7 行.
SQL: SHOW COLUMNS FROM `doctor_info` [ RunTime:0.003079s ]
SQL: SELECT a.*,b.hos_name,c.dep_name FROM doctor_info a LEFT JOIN hospital_info b on a.hos_id=b.hos_id LEFT JOIN department_info c on a.depa_id=c.dep_id WHERE ( `doc_id` = '20' ) LIMIT 1   [ RunTime:0.000579s ]
INFO: [ app_end ] --START--
INFO: Run Behavior\ShowPageTrace [ RunTime:0.000043s ]
INFO: [ app_end ] --END-- [ RunTime:0.000109s ]

[ 2017-04-20T09:42:19+08:00 ] 172.17.32.112 /health/management/Application/index.php/Connector/Im/chatimg
INFO: [ app_init ] --START--
INFO: [ app_init ] --END-- [ RunTime:0.000255s ]
INFO: [ path_info ] --START--
INFO: [ path_info ] --END-- [ RunTime:0.000033s ]
INFO: [ app_begin ] --START--
INFO: Run Behavior\ReadHtmlCache [ RunTime:0.000040s ]
INFO: [ app_begin ] --END-- [ RunTime:0.000096s ]
INFO: [ action_begin ] --START--
INFO: [ action_begin ] --END-- [ RunTime:0.000029s ]
INFO: [ app_end ] --START--
INFO: Run Behavior\ShowPageTrace [ RunTime:0.000038s ]
INFO: [ app_end ] --END-- [ RunTime:0.000109s ]

[ 2017-04-20T09:44:14+08:00 ] 172.17.32.112 /health/management/Application/index.php/Connector/User/getuserInfo
INFO: [ app_init ] --START--
INFO: [ app_init ] --END-- [ RunTime:0.000598s ]
INFO: [ path_info ] --START--
INFO: [ path_info ] --END-- [ RunTime:0.000060s ]
INFO: [ app_begin ] --START--
INFO: Run Behavior\ReadHtmlCache [ RunTime:0.000081s ]
INFO: [ app_begin ] --END-- [ RunTime:0.000194s ]
INFO: [ action_begin ] --START--
INFO: [ action_begin ] --END-- [ RunTime:0.000061s ]
SQL: SHOW COLUMNS FROM `user_info` [ RunTime:0.006056s ]
SQL: SELECT * FROM `user_info` WHERE ( `user_phone` = '15768653949' ) LIMIT 1   [ RunTime:0.000958s ]
INFO: [ app_end ] --START--
INFO: Run Behavior\ShowPageTrace [ RunTime:0.000070s ]
INFO: [ app_end ] --END-- [ RunTime:0.000191s ]

[ 2017-04-20T09:44:21+08:00 ] 172.17.32.112 /health/management/Application/index.php/Connector/User/headimg
INFO: [ app_init ] --START--
INFO: [ app_init ] --END-- [ RunTime:0.000270s ]
INFO: [ path_info ] --START--
INFO: [ path_info ] --END-- [ RunTime:0.000030s ]
INFO: [ app_begin ] --START--
INFO: Run Behavior\ReadHtmlCache [ RunTime:0.000042s ]
INFO: [ app_begin ] --END-- [ RunTime:0.000094s ]
INFO: [ action_begin ] --START--
INFO: [ action_begin ] --END-- [ RunTime:0.000029s ]
SQL: SHOW COLUMNS FROM `user_info` [ RunTime:0.006048s ]
SQL: UPDATE `user_info` SET `user_img`='User/headimg/58f81274d81f5.png' WHERE ( `user_phone` = '15768653949' ) [ RunTime:0.028600s ]
INFO: [ app_end ] --START--
INFO: Run Behavior\ShowPageTrace [ RunTime:0.000072s ]
INFO: [ app_end ] --END-- [ RunTime:0.000180s ]

[ 2017-04-20T09:44:23+08:00 ] 172.17.32.112 /health/management/Application/index.php/Connector/User/getuserInfo
INFO: [ app_init ] --START--
INFO: [ app_init ] --END-- [ RunTime:0.000268s ]
INFO: [ path_info ] --START--
INFO: [ path_info ] --END-- [ RunTime:0.000030s ]
INFO: [ app_begin ] --START--
INFO: Run Behavior\ReadHtmlCache [ RunTime:0.000042s ]
INFO: [ app_begin ] --END-- [ RunTime:0.000095s ]
INFO: [ action_begin ] --START--
INFO: [ action_begin ] --END-- [ RunTime:0.000029s ]
SQL: SHOW COLUMNS FROM `user_info` [ RunTime:0.002924s ]
SQL: SELECT * FROM `user_info` WHERE ( `user_phone` = '15768653949' ) LIMIT 1   [ RunTime:0.000441s ]
INFO: [ app_end ] --START--
INFO: Run Behavior\ShowPageTrace [ RunTime:0.000039s ]
INFO: [ app_end ] --END-- [ RunTime:0.000104s ]

[ 2017-04-20T09:44:53+08:00 ] 172.17.32.112 /health/management/Application/index.php/Connector/User/login
INFO: [ app_init ] --START--
INFO: [ app_init ] --END-- [ RunTime:0.000767s ]
INFO: [ path_info ] --START--
INFO: [ path_info ] --END-- [ RunTime:0.000065s ]
INFO: [ app_begin ] --START--
INFO: Run Behavior\ReadHtmlCache [ RunTime:0.000085s ]
INFO: [ app_begin ] --END-- [ RunTime:0.000196s ]
INFO: [ action_begin ] --START--
INFO: [ action_begin ] --END-- [ RunTime:0.000061s ]
SQL: SHOW COLUMNS FROM `user_info` [ RunTime:0.014669s ]
SQL: SELECT * FROM `user_info` WHERE ( `user_phone` = '15768653949' ) AND ( `user_password` = 'e10adc3949ba59abbe56e057f20f883e' ) LIMIT 1   [ RunTime:0.000927s ]
SQL: UPDATE `user_info` SET `user_token`='fc603fb1084605eb9a1e91435e6ee213',`token_time`='2017-04-20 09:44:53',`login_time`='2017-04-20 09:44:53' WHERE ( `user_phone` = '15768653949' ) AND ( `user_password` = 'e10adc3949ba59abbe56e057f20f883e' ) [ RunTime:0.058396s ]
INFO: [ app_end ] --START--
INFO: Run Behavior\ShowPageTrace [ RunTime:0.000052s ]
INFO: [ app_end ] --END-- [ RunTime:0.000129s ]

[ 2017-04-20T09:45:03+08:00 ] 172.17.32.112 /health/management/Application/index.php/Connector/User/getuserInfo
INFO: [ app_init ] --START--
INFO: [ app_init ] --END-- [ RunTime:0.000509s ]
INFO: [ path_info ] --START--
INFO: [ path_info ] --END-- [ RunTime:0.000059s ]
INFO: [ app_begin ] --START--
INFO: Run Behavior\ReadHtmlCache [ RunTime:0.000081s ]
INFO: [ app_begin ] --END-- [ RunTime:0.000184s ]
INFO: [ action_begin ] --START--
INFO: [ action_begin ] --END-- [ RunTime:0.000058s ]
SQL: SHOW COLUMNS FROM `user_info` [ RunTime:0.006097s ]
SQL: SELECT * FROM `user_info` WHERE ( `user_phone` = '15768653949' ) LIMIT 1   [ RunTime:0.000848s ]
INFO: [ app_end ] --START--
INFO: Run Behavior\ShowPageTrace [ RunTime:0.000068s ]
INFO: [ app_end ] --END-- [ RunTime:0.000172s ]

[ 2017-04-20T09:45:10+08:00 ] 172.17.32.112 /health/management/Application/index.php/Connector/User/getuserInfo
INFO: [ app_init ] --START--
INFO: [ app_init ] --END-- [ RunTime:0.000525s ]
INFO: [ path_info ] --START--
INFO: [ path_info ] --END-- [ RunTime:0.000062s ]
INFO: [ app_begin ] --START--
INFO: Run Behavior\ReadHtmlCache [ RunTime:0.000078s ]
INFO: [ app_begin ] --END-- [ RunTime:0.000183s ]
INFO: [ action_begin ] --START--
INFO: [ action_begin ] --END-- [ RunTime:0.000254s ]
SQL: SHOW COLUMNS FROM `user_info` [ RunTime:0.005668s ]
SQL: SELECT * FROM `user_info` WHERE ( `user_phone` = '15768653949' ) LIMIT 1   [ RunTime:0.000835s ]
INFO: [ app_end ] --START--
INFO: Run Behavior\ShowPageTrace [ RunTime:0.000073s ]
INFO: [ app_end ] --END-- [ RunTime:0.000186s ]

[ 2017-04-20T09:45:14+08:00 ] 172.17.32.112 /health/management/Application/index.php/Connector/User/getuserInfo
INFO: [ app_init ] --START--
INFO: [ app_init ] --END-- [ RunTime:0.000258s ]
INFO: [ path_info ] --START--
INFO: [ path_info ] --END-- [ RunTime:0.000029s ]
INFO: [ app_begin ] --START--
INFO: Run Behavior\ReadHtmlCache [ RunTime:0.000042s ]
INFO: [ app_begin ] --END-- [ RunTime:0.000094s ]
INFO: [ action_begin ] --START--
INFO: [ action_begin ] --END-- [ RunTime:0.000030s ]
SQL: SHOW COLUMNS FROM `user_info` [ RunTime:0.003305s ]
SQL: SELECT * FROM `user_info` WHERE ( `user_phone` = '15768653949' ) LIMIT 1   [ RunTime:0.000432s ]
INFO: [ app_end ] --START--
INFO: Run Behavior\ShowPageTrace [ RunTime:0.000039s ]
INFO: [ app_end ] --END-- [ RunTime:0.000101s ]

[ 2017-04-20T09:45:26+08:00 ] 172.17.32.112 /health/management/Application/index.php/Connector/User/getuserInfo
INFO: [ app_init ] --START--
INFO: [ app_init ] --END-- [ RunTime:0.000382s ]
INFO: [ path_info ] --START--
INFO: [ path_info ] --END-- [ RunTime:0.000030s ]
INFO: [ app_begin ] --START--
INFO: Run Behavior\ReadHtmlCache [ RunTime:0.000042s ]
INFO: [ app_begin ] --END-- [ RunTime:0.000094s ]
INFO: [ action_begin ] --START--
INFO: [ action_begin ] --END-- [ RunTime:0.000030s ]
SQL: SHOW COLUMNS FROM `user_info` [ RunTime:0.003221s ]
SQL: SELECT * FROM `user_info` WHERE ( `user_phone` = '15768653949' ) LIMIT 1   [ RunTime:0.000561s ]
INFO: [ app_end ] --START--
INFO: Run Behavior\ShowPageTrace [ RunTime:0.000040s ]
INFO: [ app_end ] --END-- [ RunTime:0.000104s ]

[ 2017-04-20T09:45:41+08:00 ] 172.17.32.112 /health/management/Application/index.php/Connector/User/getuserInfo
INFO: [ app_init ] --START--
INFO: [ app_init ] --END-- [ RunTime:0.000630s ]
INFO: [ path_info ] --START--
INFO: [ path_info ] --END-- [ RunTime:0.000071s ]
INFO: [ app_begin ] --START--
INFO: Run Behavior\ReadHtmlCache [ RunTime:0.000081s ]
INFO: [ app_begin ] --END-- [ RunTime:0.000195s ]
INFO: [ action_begin ] --START--
INFO: [ action_begin ] --END-- [ RunTime:0.000059s ]
SQL: SHOW COLUMNS FROM `user_info` [ RunTime:0.003861s ]
SQL: SELECT * FROM `user_info` WHERE ( `user_phone` = '15768653949' ) LIMIT 1   [ RunTime:0.000541s ]
INFO: [ app_end ] --START--
INFO: Run Behavior\ShowPageTrace [ RunTime:0.000046s ]
INFO: [ app_end ] --END-- [ RunTime:0.000114s ]

[ 2017-04-20T09:45:45+08:00 ] 172.17.32.112 /health/management/Application/index.php/Connector/User/getuserInfo
INFO: [ app_init ] --START--
INFO: [ app_init ] --END-- [ RunTime:0.000517s ]
INFO: [ path_info ] --START--
INFO: [ path_info ] --END-- [ RunTime:0.000064s ]
INFO: [ app_begin ] --START--
INFO: Run Behavior\ReadHtmlCache [ RunTime:0.000082s ]
INFO: [ app_begin ] --END-- [ RunTime:0.000185s ]
INFO: [ action_begin ] --START--
INFO: [ action_begin ] --END-- [ RunTime:0.000058s ]
SQL: SHOW COLUMNS FROM `user_info` [ RunTime:0.005863s ]
SQL: SELECT * FROM `user_info` WHERE ( `user_phone` = '15768653949' ) LIMIT 1   [ RunTime:0.000790s ]
INFO: [ app_end ] --START--
INFO: Run Behavior\ShowPageTrace [ RunTime:0.000069s ]
INFO: [ app_end ] --END-- [ RunTime:0.000181s ]

[ 2017-04-20T09:46:13+08:00 ] 172.17.32.112 /health/management/Application/index.php/Connector/User/login
INFO: [ app_init ] --START--
INFO: [ app_init ] --END-- [ RunTime:0.000526s ]
INFO: [ path_info ] --START--
INFO: [ path_info ] --END-- [ RunTime:0.000059s ]
INFO: [ app_begin ] --START--
INFO: Run Behavior\ReadHtmlCache [ RunTime:0.000080s ]
INFO: [ app_begin ] --END-- [ RunTime:0.000350s ]
INFO: [ action_begin ] --START--
INFO: [ action_begin ] --END-- [ RunTime:0.000063s ]
SQL: SHOW COLUMNS FROM `user_info` [ RunTime:0.005527s ]
SQL: SELECT * FROM `user_info` WHERE ( `user_phone` = '15768653948' ) AND ( `user_password` = 'e10adc3949ba59abbe56e057f20f883e' ) LIMIT 1   [ RunTime:0.000988s ]
SQL: UPDATE `user_info` SET `user_token`='d5b2c969d4f07bce7c5d5556b457d077',`token_time`='2017-04-20 09:46:13',`login_time`='2017-04-20 09:46:13' WHERE ( `user_phone` = '15768653948' ) AND ( `user_password` = 'e10adc3949ba59abbe56e057f20f883e' ) [ RunTime:0.044205s ]
INFO: [ app_end ] --START--
INFO: Run Behavior\ShowPageTrace [ RunTime:0.000074s ]
INFO: [ app_end ] --END-- [ RunTime:0.000178s ]

[ 2017-04-20T09:46:32+08:00 ] 172.17.32.112 /health/management/Application/index.php/Connector/User/login
INFO: [ app_init ] --START--
INFO: [ app_init ] --END-- [ RunTime:0.000570s ]
INFO: [ path_info ] --START--
INFO: [ path_info ] --END-- [ RunTime:0.000061s ]
INFO: [ app_begin ] --START--
INFO: Run Behavior\ReadHtmlCache [ RunTime:0.000080s ]
INFO: [ app_begin ] --END-- [ RunTime:0.000189s ]
INFO: [ action_begin ] --START--
INFO: [ action_begin ] --END-- [ RunTime:0.000058s ]
SQL: SHOW COLUMNS FROM `user_info` [ RunTime:0.005767s ]
SQL: SELECT * FROM `user_info` WHERE ( `user_phone` = '15768653948' ) AND ( `user_password` = 'e10adc3949ba59abbe56e057f20f883e' ) LIMIT 1   [ RunTime:0.000882s ]
SQL: UPDATE `user_info` SET `user_token`='903e5947d133ecd19f95da3a3a1c4773',`token_time`='2017-04-20 09:46:32',`login_time`='2017-04-20 09:46:32' WHERE ( `user_phone` = '15768653948' ) AND ( `user_password` = 'e10adc3949ba59abbe56e057f20f883e' ) [ RunTime:0.071550s ]
INFO: [ app_end ] --START--
INFO: Run Behavior\ShowPageTrace [ RunTime:0.000073s ]
INFO: [ app_end ] --END-- [ RunTime:0.000177s ]

[ 2017-04-20T09:48:29+08:00 ] 172.17.32.112 /health/management/Application/index.php/Connector/User/login
INFO: [ app_init ] --START--
INFO: [ app_init ] --END-- [ RunTime:0.000315s ]
INFO: [ path_info ] --START--
INFO: [ path_info ] --END-- [ RunTime:0.000032s ]
INFO: [ app_begin ] --START--
INFO: Run Behavior\ReadHtmlCache [ RunTime:0.000043s ]
INFO: [ app_begin ] --END-- [ RunTime:0.000120s ]
INFO: [ action_begin ] --START--
INFO: [ action_begin ] --END-- [ RunTime:0.000043s ]
SQL: SHOW COLUMNS FROM `user_info` [ RunTime:0.003175s ]
SQL: SELECT * FROM `user_info` WHERE ( `user_phone` = '15768653949' ) AND ( `user_password` = 'e10adc3949ba59abbe56e057f20f883e' ) LIMIT 1   [ RunTime:0.000516s ]
SQL: UPDATE `user_info` SET `user_token`='4cd2b1c57c9604ea3e1106d4969d8f5a',`token_time`='2017-04-20 09:48:29',`login_time`='2017-04-20 09:48:29' WHERE ( `user_phone` = '15768653949' ) AND ( `user_password` = 'e10adc3949ba59abbe56e057f20f883e' ) [ RunTime:0.044681s ]
INFO: [ app_end ] --START--
INFO: Run Behavior\ShowPageTrace [ RunTime:0.000077s ]
INFO: [ app_end ] --END-- [ RunTime:0.000196s ]

[ 2017-04-20T09:50:36+08:00 ] 172.17.32.112 /health/management/Application/index.php/Connector/User/login
INFO: [ app_init ] --START--
INFO: [ app_init ] --END-- [ RunTime:0.000636s ]
INFO: [ path_info ] --START--
INFO: [ path_info ] --END-- [ RunTime:0.000065s ]
INFO: [ app_begin ] --START--
INFO: Run Behavior\ReadHtmlCache [ RunTime:0.000083s ]
INFO: [ app_begin ] --END-- [ RunTime:0.001225s ]
INFO: [ action_begin ] --START--
INFO: [ action_begin ] --END-- [ RunTime:0.000038s ]
SQL: SHOW COLUMNS FROM `user_info` [ RunTime:0.003402s ]
SQL: SELECT * FROM `user_info` WHERE ( `user_phone` = '15768653949' ) AND ( `user_token` = '4cd2b1c57c9604ea3e1106d4969d8f5a' ) LIMIT 1   [ RunTime:0.000477s ]
SQL: UPDATE `user_info` SET `user_token`='54d966e2547e9722f05a59026378f952',`token_time`='2017-04-20 09:50:36',`login_time`='2017-04-20 09:50:36' WHERE ( `user_phone` = '15768653949' ) AND ( `user_token` = '4cd2b1c57c9604ea3e1106d4969d8f5a' ) [ RunTime:0.032769s ]
INFO: [ app_end ] --START--
INFO: Run Behavior\ShowPageTrace [ RunTime:0.000043s ]
INFO: [ app_end ] --END-- [ RunTime:0.000113s ]

[ 2017-04-20T09:50:37+08:00 ] 172.17.32.112 /health/management/Application/index.php/Connector/User/getKnowList
INFO: [ app_init ] --START--
INFO: [ app_init ] --END-- [ RunTime:0.000294s ]
INFO: [ path_info ] --START--
INFO: [ path_info ] --END-- [ RunTime:0.000031s ]
INFO: [ app_begin ] --START--
INFO: Run Behavior\ReadHtmlCache [ RunTime:0.000045s ]
INFO: [ app_begin ] --END-- [ RunTime:0.000100s ]
INFO: [ action_begin ] --START--
INFO: [ action_begin ] --END-- [ RunTime:0.000047s ]
SQL: SHOW COLUMNS FROM `health_know` [ RunTime:0.005570s ]
SQL: SELECT * FROM `health_know`  [ RunTime:0.000656s ]
INFO: [ app_end ] --START--
INFO: Run Behavior\ShowPageTrace [ RunTime:0.000073s ]
INFO: [ app_end ] --END-- [ RunTime:0.000186s ]

[ 2017-04-20T09:50:38+08:00 ] 172.17.32.112 /health/management/Application/index.php/Home/Index/getHotHos?category=news
INFO: [ app_init ] --START--
INFO: [ app_init ] --END-- [ RunTime:0.000506s ]
INFO: [ path_info ] --START--
INFO: [ path_info ] --END-- [ RunTime:0.000063s ]
INFO: [ app_begin ] --START--
INFO: Run Behavior\ReadHtmlCache [ RunTime:0.000088s ]
INFO: [ app_begin ] --END-- [ RunTime:0.000196s ]
INFO: [ action_begin ] --START--
INFO: [ action_begin ] --END-- [ RunTime:0.000653s ]
SQL: SHOW COLUMNS FROM `hospital_info` [ RunTime:0.005289s ]
SQL: SELECT * FROM `hospital_info`  [ RunTime:0.000690s ]
INFO: [ app_end ] --START--
INFO: Run Behavior\ShowPageTrace [ RunTime:0.000072s ]
INFO: [ app_end ] --END-- [ RunTime:0.000434s ]

[ 2017-04-20T09:50:39+08:00 ] 172.17.32.112 /health/management/Application/index.php/Home/Index/getHotDoc
INFO: [ app_init ] --START--
INFO: [ app_init ] --END-- [ RunTime:0.000300s ]
INFO: [ path_info ] --START--
INFO: [ path_info ] --END-- [ RunTime:0.000033s ]
INFO: [ app_begin ] --START--
INFO: Run Behavior\ReadHtmlCache [ RunTime:0.000044s ]
INFO: [ app_begin ] --END-- [ RunTime:0.000100s ]
INFO: [ action_begin ] --START--
INFO: [ action_begin ] --END-- [ RunTime:0.000081s ]
NOTIC: [2048] Declaration of Admin\Model\DoctorInfoModel::_after_insert() should be compatible with that of Think\Model::_after_insert() D:\WWW\health\management\Application\Admin\Model\DoctorInfoModel.class.php 第 7 行.
SQL: SHOW COLUMNS FROM `doctor_info` [ RunTime:0.002997s ]
SQL: SELECT a.*,b.hos_name,c.dep_name FROM doctor_info a LEFT JOIN hospital_info b on a.hos_id=b.hos_id LEFT JOIN department_info c on a.depa_id=c.dep_id  [ RunTime:0.000738s ]
INFO: [ app_end ] --START--
INFO: Run Behavior\ShowPageTrace [ RunTime:0.000047s ]
INFO: [ app_end ] --END-- [ RunTime:0.000191s ]

[ 2017-04-20T09:50:40+08:00 ] 172.17.32.112 /health/management/Application/index.php/Connector/User/getuserInfo
INFO: [ app_init ] --START--
INFO: [ app_init ] --END-- [ RunTime:0.000603s ]
INFO: [ path_info ] --START--
INFO: [ path_info ] --END-- [ RunTime:0.000062s ]
INFO: [ app_begin ] --START--
INFO: Run Behavior\ReadHtmlCache [ RunTime:0.000081s ]
INFO: [ app_begin ] --END-- [ RunTime:0.000193s ]
INFO: [ action_begin ] --START--
INFO: [ action_begin ] --END-- [ RunTime:0.000087s ]
SQL: SHOW COLUMNS FROM `user_info` [ RunTime:0.011766s ]
SQL: SELECT * FROM `user_info` WHERE ( `user_phone` = '15768653949' ) LIMIT 1   [ RunTime:0.000502s ]
INFO: [ app_end ] --START--
INFO: Run Behavior\ShowPageTrace [ RunTime:0.000040s ]
INFO: [ app_end ] --END-- [ RunTime:0.000107s ]

[ 2017-04-20T09:50:52+08:00 ] 172.17.32.112 /health/management/Application/index.php/Connector/User/login
INFO: [ app_init ] --START--
INFO: [ app_init ] --END-- [ RunTime:0.000497s ]
INFO: [ path_info ] --START--
INFO: [ path_info ] --END-- [ RunTime:0.000056s ]
INFO: [ app_begin ] --START--
INFO: Run Behavior\ReadHtmlCache [ RunTime:0.000080s ]
INFO: [ app_begin ] --END-- [ RunTime:0.000194s ]
INFO: [ action_begin ] --START--
INFO: [ action_begin ] --END-- [ RunTime:0.000059s ]
SQL: SHOW COLUMNS FROM `user_info` [ RunTime:0.005831s ]
SQL: SELECT * FROM `user_info` WHERE ( `user_phone` = '15768653948' ) AND ( `user_password` = 'e10adc3949ba59abbe56e057f20f883e' ) LIMIT 1   [ RunTime:0.000877s ]
SQL: UPDATE `user_info` SET `user_token`='256cd968b66f9b52b3abb8309d91c0f8',`token_time`='2017-04-20 09:50:52',`login_time`='2017-04-20 09:50:52' WHERE ( `user_phone` = '15768653948' ) AND ( `user_password` = 'e10adc3949ba59abbe56e057f20f883e' ) [ RunTime:0.040416s ]
INFO: [ app_end ] --START--
INFO: Run Behavior\ShowPageTrace [ RunTime:0.000077s ]
INFO: [ app_end ] --END-- [ RunTime:0.000193s ]

[ 2017-04-20T09:51:08+08:00 ] 172.17.32.112 /health/management/Application/index.php/Connector/User/login
INFO: [ app_init ] --START--
INFO: [ app_init ] --END-- [ RunTime:0.000285s ]
INFO: [ path_info ] --START--
INFO: [ path_info ] --END-- [ RunTime:0.000034s ]
INFO: [ app_begin ] --START--
INFO: Run Behavior\ReadHtmlCache [ RunTime:0.000048s ]
INFO: [ app_begin ] --END-- [ RunTime:0.000117s ]
INFO: [ action_begin ] --START--
INFO: [ action_begin ] --END-- [ RunTime:0.000035s ]
SQL: SHOW COLUMNS FROM `user_info` [ RunTime:0.005798s ]
SQL: SELECT * FROM `user_info` WHERE ( `user_phone` = '15768653948' ) AND ( `user_token` = '256cd968b66f9b52b3abb8309d91c0f8' ) LIMIT 1   [ RunTime:0.000811s ]
SQL: UPDATE `user_info` SET `user_token`='6db289e74adf2ad3f8ea845b351ceedb',`token_time`='2017-04-20 09:51:08',`login_time`='2017-04-20 09:51:08' WHERE ( `user_phone` = '15768653948' ) AND ( `user_token` = '256cd968b66f9b52b3abb8309d91c0f8' ) [ RunTime:0.045635s ]
INFO: [ app_end ] --START--
INFO: Run Behavior\ShowPageTrace [ RunTime:0.000042s ]
INFO: [ app_end ] --END-- [ RunTime:0.000108s ]

[ 2017-04-20T09:51:09+08:00 ] 172.17.32.112 /health/management/Application/index.php/Connector/User/getKnowList
INFO: [ app_init ] --START--
INFO: [ app_init ] --END-- [ RunTime:0.000506s ]
INFO: [ path_info ] --START--
INFO: [ path_info ] --END-- [ RunTime:0.000059s ]
INFO: [ app_begin ] --START--
INFO: Run Behavior\ReadHtmlCache [ RunTime:0.000083s ]
INFO: [ app_begin ] --END-- [ RunTime:0.000197s ]
INFO: [ action_begin ] --START--
INFO: [ action_begin ] --END-- [ RunTime:0.000046s ]
SQL: SHOW COLUMNS FROM `health_know` [ RunTime:0.005661s ]
SQL: SELECT * FROM `health_know`  [ RunTime:0.000700s ]
INFO: [ app_end ] --START--
INFO: Run Behavior\ShowPageTrace [ RunTime:0.000074s ]
INFO: [ app_end ] --END-- [ RunTime:0.000194s ]

[ 2017-04-20T09:51:10+08:00 ] 172.17.32.112 /health/management/Application/index.php/Home/Index/getHotHos?category=news
INFO: [ app_init ] --START--
INFO: [ app_init ] --END-- [ RunTime:0.000500s ]
INFO: [ path_info ] --START--
INFO: [ path_info ] --END-- [ RunTime:0.000065s ]
INFO: [ app_begin ] --START--
INFO: Run Behavior\ReadHtmlCache [ RunTime:0.000096s ]
INFO: [ app_begin ] --END-- [ RunTime:0.000210s ]
INFO: [ action_begin ] --START--
INFO: [ action_begin ] --END-- [ RunTime:0.000084s ]
SQL: SHOW COLUMNS FROM `hospital_info` [ RunTime:0.005165s ]
SQL: SELECT * FROM `hospital_info`  [ RunTime:0.000615s ]
INFO: [ app_end ] --START--
INFO: Run Behavior\ShowPageTrace [ RunTime:0.000075s ]
INFO: [ app_end ] --END-- [ RunTime:0.000184s ]

[ 2017-04-20T09:51:11+08:00 ] 172.17.32.112 /health/management/Application/index.php/Home/Index/getHotDoc
INFO: [ app_init ] --START--
INFO: [ app_init ] --END-- [ RunTime:0.000544s ]
INFO: [ path_info ] --START--
INFO: [ path_info ] --END-- [ RunTime:0.000035s ]
INFO: [ app_begin ] --START--
INFO: Run Behavior\ReadHtmlCache [ RunTime:0.000045s ]
INFO: [ app_begin ] --END-- [ RunTime:0.000101s ]
INFO: [ action_begin ] --START--
INFO: [ action_begin ] --END-- [ RunTime:0.000078s ]
NOTIC: [2048] Declaration of Admin\Model\DoctorInfoModel::_after_insert() should be compatible with that of Think\Model::_after_insert() D:\WWW\health\management\Application\Admin\Model\DoctorInfoModel.class.php 第 7 行.
SQL: SHOW COLUMNS FROM `doctor_info` [ RunTime:0.005543s ]
SQL: SELECT a.*,b.hos_name,c.dep_name FROM doctor_info a LEFT JOIN hospital_info b on a.hos_id=b.hos_id LEFT JOIN department_info c on a.depa_id=c.dep_id  [ RunTime:0.001061s ]
INFO: [ app_end ] --START--
INFO: Run Behavior\ShowPageTrace [ RunTime:0.000122s ]
INFO: [ app_end ] --END-- [ RunTime:0.000407s ]

[ 2017-04-20T09:51:12+08:00 ] 172.17.32.112 /health/management/Application/index.php/Connector/User/getuserInfo
INFO: [ app_init ] --START--
INFO: [ app_init ] --END-- [ RunTime:0.000256s ]
INFO: [ path_info ] --START--
INFO: [ path_info ] --END-- [ RunTime:0.000030s ]
INFO: [ app_begin ] --START--
INFO: Run Behavior\ReadHtmlCache [ RunTime:0.000044s ]
INFO: [ app_begin ] --END-- [ RunTime:0.000104s ]
INFO: [ action_begin ] --START--
INFO: [ action_begin ] --END-- [ RunTime:0.000159s ]
SQL: SHOW COLUMNS FROM `user_info` [ RunTime:0.005365s ]
SQL: SELECT * FROM `user_info` WHERE ( `user_phone` = '15768653948' ) LIMIT 1   [ RunTime:0.000751s ]
INFO: [ app_end ] --START--
INFO: Run Behavior\ShowPageTrace [ RunTime:0.000072s ]
INFO: [ app_end ] --END-- [ RunTime:0.000187s ]

[ 2017-04-20T09:51:20+08:00 ] 172.17.32.112 /health/management/Application/index.php/Connector/User/login
INFO: [ app_init ] --START--
INFO: [ app_init ] --END-- [ RunTime:0.000490s ]
INFO: [ path_info ] --START--
INFO: [ path_info ] --END-- [ RunTime:0.000059s ]
INFO: [ app_begin ] --START--
INFO: Run Behavior\ReadHtmlCache [ RunTime:0.000080s ]
INFO: [ app_begin ] --END-- [ RunTime:0.000199s ]
INFO: [ action_begin ] --START--
INFO: [ action_begin ] --END-- [ RunTime:0.000059s ]
SQL: SHOW COLUMNS FROM `user_info` [ RunTime:0.003733s ]
SQL: SELECT * FROM `user_info` WHERE ( `user_phone` = '15768653948' ) AND ( `user_password` = 'e10adc3949ba59abbe56e057f20f883e' ) LIMIT 1   [ RunTime:0.000886s ]
SQL: UPDATE `user_info` SET `user_token`='6477417cb687ab97f3b15ad6d1b5b28c',`token_time`='2017-04-20 09:51:20',`login_time`='2017-04-20 09:51:20' WHERE ( `user_phone` = '15768653948' ) AND ( `user_password` = 'e10adc3949ba59abbe56e057f20f883e' ) [ RunTime:0.032412s ]
INFO: [ app_end ] --START--
INFO: Run Behavior\ShowPageTrace [ RunTime:0.000049s ]
INFO: [ app_end ] --END-- [ RunTime:0.000123s ]

[ 2017-04-20T09:51:59+08:00 ] 172.17.32.112 /health/management/Application/index.php/Connector/User/login
INFO: [ app_init ] --START--
INFO: [ app_init ] --END-- [ RunTime:0.000519s ]
INFO: [ path_info ] --START--
INFO: [ path_info ] --END-- [ RunTime:0.000113s ]
INFO: [ app_begin ] --START--
INFO: Run Behavior\ReadHtmlCache [ RunTime:0.000085s ]
INFO: [ app_begin ] --END-- [ RunTime:0.000205s ]
INFO: [ action_begin ] --START--
INFO: [ action_begin ] --END-- [ RunTime:0.000072s ]
SQL: SHOW COLUMNS FROM `user_info` [ RunTime:0.006571s ]
SQL: SELECT * FROM `user_info` WHERE ( `user_phone` = '15768653948' ) AND ( `user_token` = '6477417cb687ab97f3b15ad6d1b5b28c' ) LIMIT 1   [ RunTime:0.000881s ]
SQL: UPDATE `user_info` SET `user_token`='1ff824f9ee4e1b406f216e44fdb825bf',`token_time`='2017-04-20 09:51:59',`login_time`='2017-04-20 09:51:59' WHERE ( `user_phone` = '15768653948' ) AND ( `user_token` = '6477417cb687ab97f3b15ad6d1b5b28c' ) [ RunTime:0.034239s ]
INFO: [ app_end ] --START--
INFO: Run Behavior\ShowPageTrace [ RunTime:0.000072s ]
INFO: [ app_end ] --END-- [ RunTime:0.000185s ]

[ 2017-04-20T09:52:00+08:00 ] 172.17.32.112 /health/management/Application/index.php/Connector/User/getKnowList
INFO: [ app_init ] --START--
INFO: [ app_init ] --END-- [ RunTime:0.000510s ]
INFO: [ path_info ] --START--
INFO: [ path_info ] --END-- [ RunTime:0.000062s ]
INFO: [ app_begin ] --START--
INFO: Run Behavior\ReadHtmlCache [ RunTime:0.000051s ]
INFO: [ app_begin ] --END-- [ RunTime:0.000113s ]
INFO: [ action_begin ] --START--
INFO: [ action_begin ] --END-- [ RunTime:0.000078s ]
SQL: SHOW COLUMNS FROM `health_know` [ RunTime:0.005489s ]
SQL: SELECT * FROM `health_know`  [ RunTime:0.000990s ]
INFO: [ app_end ] --START--
INFO: Run Behavior\ShowPageTrace [ RunTime:0.000073s ]
INFO: [ app_end ] --END-- [ RunTime:0.000246s ]

[ 2017-04-20T09:52:01+08:00 ] 172.17.32.112 /health/management/Application/index.php/Home/Index/getHotHos?category=news
INFO: [ app_init ] --START--
INFO: [ app_init ] --END-- [ RunTime:0.000503s ]
INFO: [ path_info ] --START--
INFO: [ path_info ] --END-- [ RunTime:0.000073s ]
INFO: [ app_begin ] --START--
INFO: Run Behavior\ReadHtmlCache [ RunTime:0.000084s ]
INFO: [ app_begin ] --END-- [ RunTime:0.000189s ]
INFO: [ action_begin ] --START--
INFO: [ action_begin ] --END-- [ RunTime:0.000077s ]
SQL: SHOW COLUMNS FROM `hospital_info` [ RunTime:0.005611s ]
SQL: SELECT * FROM `hospital_info`  [ RunTime:0.001068s ]
INFO: [ app_end ] --START--
INFO: Run Behavior\ShowPageTrace [ RunTime:0.000076s ]
INFO: [ app_end ] --END-- [ RunTime:0.000250s ]

[ 2017-04-20T09:52:02+08:00 ] 172.17.32.112 /health/management/Application/index.php/Home/Index/getHotDoc
INFO: [ app_init ] --START--
INFO: [ app_init ] --END-- [ RunTime:0.000262s ]
INFO: [ path_info ] --START--
INFO: [ path_info ] --END-- [ RunTime:0.000032s ]
INFO: [ app_begin ] --START--
INFO: Run Behavior\ReadHtmlCache [ RunTime:0.000045s ]
INFO: [ app_begin ] --END-- [ RunTime:0.000100s ]
INFO: [ action_begin ] --START--
INFO: [ action_begin ] --END-- [ RunTime:0.000080s ]
NOTIC: [2048] Declaration of Admin\Model\DoctorInfoModel::_after_insert() should be compatible with that of Think\Model::_after_insert() D:\WWW\health\management\Application\Admin\Model\DoctorInfoModel.class.php 第 7 行.
SQL: SHOW COLUMNS FROM `doctor_info` [ RunTime:0.002925s ]
SQL: SELECT a.*,b.hos_name,c.dep_name FROM doctor_info a LEFT JOIN hospital_info b on a.hos_id=b.hos_id LEFT JOIN department_info c on a.depa_id=c.dep_id  [ RunTime:0.000637s ]
INFO: [ app_end ] --START--
INFO: Run Behavior\ShowPageTrace [ RunTime:0.000040s ]
INFO: [ app_end ] --END-- [ RunTime:0.000155s ]

[ 2017-04-20T09:52:03+08:00 ] 172.17.32.112 /health/management/Application/index.php/Connector/User/getuserInfo
INFO: [ app_init ] --START--
INFO: [ app_init ] --END-- [ RunTime:0.000497s ]
INFO: [ path_info ] --START--
INFO: [ path_info ] --END-- [ RunTime:0.000035s ]
INFO: [ app_begin ] --START--
INFO: Run Behavior\ReadHtmlCache [ RunTime:0.000048s ]
INFO: [ app_begin ] --END-- [ RunTime:0.000108s ]
INFO: [ action_begin ] --START--
INFO: [ action_begin ] --END-- [ RunTime:0.000056s ]
SQL: SHOW COLUMNS FROM `user_info` [ RunTime:0.002853s ]
SQL: SELECT * FROM `user_info` WHERE ( `user_phone` = '15768653948' ) LIMIT 1   [ RunTime:0.000386s ]
INFO: [ app_end ] --START--
INFO: Run Behavior\ShowPageTrace [ RunTime:0.000038s ]
INFO: [ app_end ] --END-- [ RunTime:0.000092s ]

[ 2017-04-20T09:52:14+08:00 ] 172.17.32.112 /health/management/Application/index.php/Connector/User/login
INFO: [ app_init ] --START--
INFO: [ app_init ] --END-- [ RunTime:0.000504s ]
INFO: [ path_info ] --START--
INFO: [ path_info ] --END-- [ RunTime:0.000056s ]
INFO: [ app_begin ] --START--
INFO: Run Behavior\ReadHtmlCache [ RunTime:0.000078s ]
INFO: [ app_begin ] --END-- [ RunTime:0.000179s ]
INFO: [ action_begin ] --START--
INFO: [ action_begin ] --END-- [ RunTime:0.000030s ]
SQL: SHOW COLUMNS FROM `user_info` [ RunTime:0.005457s ]
SQL: SELECT * FROM `user_info` WHERE ( `user_phone` = '15768653949' ) AND ( `user_password` = 'e10adc3949ba59abbe56e057f20f883e' ) LIMIT 1   [ RunTime:0.000849s ]
SQL: UPDATE `user_info` SET `user_token`='4ee2a4d2494eee5fcc6694bf5006af96',`token_time`='2017-04-20 09:52:14',`login_time`='2017-04-20 09:52:14' WHERE ( `user_phone` = '15768653949' ) AND ( `user_password` = 'e10adc3949ba59abbe56e057f20f883e' ) [ RunTime:0.038511s ]
INFO: [ app_end ] --START--
INFO: Run Behavior\ShowPageTrace [ RunTime:0.000073s ]
INFO: [ app_end ] --END-- [ RunTime:0.000175s ]

[ 2017-04-20T09:52:16+08:00 ] 172.17.32.112 /health/management/Application/index.php/Connector/User/getuserInfo
INFO: [ app_init ] --START--
INFO: [ app_init ] --END-- [ RunTime:0.000288s ]
INFO: [ path_info ] --START--
INFO: [ path_info ] --END-- [ RunTime:0.000036s ]
INFO: [ app_begin ] --START--
INFO: Run Behavior\ReadHtmlCache [ RunTime:0.000044s ]
INFO: [ app_begin ] --END-- [ RunTime:0.000100s ]
INFO: [ action_begin ] --START--
INFO: [ action_begin ] --END-- [ RunTime:0.000033s ]
SQL: SHOW COLUMNS FROM `user_info` [ RunTime:0.006292s ]
SQL: SELECT * FROM `user_info` WHERE ( `user_phone` = '15768653949' ) LIMIT 1   [ RunTime:0.000792s ]
INFO: [ app_end ] --START--
INFO: Run Behavior\ShowPageTrace [ RunTime:0.000071s ]
INFO: [ app_end ] --END-- [ RunTime:0.000186s ]

[ 2017-04-20T09:52:31+08:00 ] 172.17.32.112 /health/management/Application/index.php/Connector/User/login
INFO: [ app_init ] --START--
INFO: [ app_init ] --END-- [ RunTime:0.000254s ]
INFO: [ path_info ] --START--
INFO: [ path_info ] --END-- [ RunTime:0.000032s ]
INFO: [ app_begin ] --START--
INFO: Run Behavior\ReadHtmlCache [ RunTime:0.000040s ]
INFO: [ app_begin ] --END-- [ RunTime:0.000093s ]
INFO: [ action_begin ] --START--
INFO: [ action_begin ] --END-- [ RunTime:0.000051s ]
SQL: SHOW COLUMNS FROM `user_info` [ RunTime:0.003184s ]
SQL: SELECT * FROM `user_info` WHERE ( `user_phone` = '15768653333' ) AND ( `user_password` = 'e10adc3949ba59abbe56e057f20f883e' ) LIMIT 1   [ RunTime:0.000509s ]
SQL: UPDATE `user_info` SET `user_token`='64dcbc8069f7d0bf0d6a713f0513c833',`token_time`='2017-04-20 09:52:31',`login_time`='2017-04-20 09:52:31' WHERE ( `user_phone` = '15768653333' ) AND ( `user_password` = 'e10adc3949ba59abbe56e057f20f883e' ) [ RunTime:0.035984s ]
INFO: [ app_end ] --START--
INFO: Run Behavior\ShowPageTrace [ RunTime:0.000046s ]
INFO: [ app_end ] --END-- [ RunTime:0.000119s ]

[ 2017-04-20T09:52:32+08:00 ] 172.17.32.112 /health/management/Application/index.php/Connector/User/getuserInfo
INFO: [ app_init ] --START--
INFO: [ app_init ] --END-- [ RunTime:0.000494s ]
INFO: [ path_info ] --START--
INFO: [ path_info ] --END-- [ RunTime:0.000058s ]
INFO: [ app_begin ] --START--
INFO: Run Behavior\ReadHtmlCache [ RunTime:0.000077s ]
INFO: [ app_begin ] --END-- [ RunTime:0.000182s ]
INFO: [ action_begin ] --START--
INFO: [ action_begin ] --END-- [ RunTime:0.000057s ]
SQL: SHOW COLUMNS FROM `user_info` [ RunTime:0.005542s ]
SQL: SELECT * FROM `user_info` WHERE ( `user_phone` = '15768653333' ) LIMIT 1   [ RunTime:0.001259s ]
INFO: [ app_end ] --START--
INFO: Run Behavior\ShowPageTrace [ RunTime:0.000071s ]
INFO: [ app_end ] --END-- [ RunTime:0.000181s ]

[ 2017-04-20T09:52:40+08:00 ] 172.17.32.112 /health/management/Application/index.php/Connector/User/getuserInfo
INFO: [ app_init ] --START--
INFO: [ app_init ] --END-- [ RunTime:0.000358s ]
INFO: [ path_info ] --START--
INFO: [ path_info ] --END-- [ RunTime:0.000038s ]
INFO: [ app_begin ] --START--
INFO: Run Behavior\ReadHtmlCache [ RunTime:0.000043s ]
INFO: [ app_begin ] --END-- [ RunTime:0.000101s ]
INFO: [ action_begin ] --START--
INFO: [ action_begin ] --END-- [ RunTime:0.000033s ]
SQL: SHOW COLUMNS FROM `user_info` [ RunTime:0.005720s ]
SQL: SELECT * FROM `user_info` WHERE ( `user_phone` = '15768653333' ) LIMIT 1   [ RunTime:0.000808s ]
INFO: [ app_end ] --START--
INFO: Run Behavior\ShowPageTrace [ RunTime:0.000073s ]
INFO: [ app_end ] --END-- [ RunTime:0.000204s ]

[ 2017-04-20T09:52:44+08:00 ] 172.17.32.112 /health/management/Application/index.php/Connector/User/getuserInfo
INFO: [ app_init ] --START--
INFO: [ app_init ] --END-- [ RunTime:0.000262s ]
INFO: [ path_info ] --START--
INFO: [ path_info ] --END-- [ RunTime:0.000031s ]
INFO: [ app_begin ] --START--
INFO: Run Behavior\ReadHtmlCache [ RunTime:0.000041s ]
INFO: [ app_begin ] --END-- [ RunTime:0.000096s ]
INFO: [ action_begin ] --START--
INFO: [ action_begin ] --END-- [ RunTime:0.000032s ]
SQL: SHOW COLUMNS FROM `user_info` [ RunTime:0.006117s ]
SQL: SELECT * FROM `user_info` WHERE ( `user_phone` = '15768653333' ) LIMIT 1   [ RunTime:0.000941s ]
INFO: [ app_end ] --START--
INFO: Run Behavior\ShowPageTrace [ RunTime:0.000073s ]
INFO: [ app_end ] --END-- [ RunTime:0.000193s ]

[ 2017-04-20T09:52:58+08:00 ] 172.17.32.112 /health/management/Application/index.php/Connector/User/getuserInfo
INFO: [ app_init ] --START--
INFO: [ app_init ] --END-- [ RunTime:0.000525s ]
INFO: [ path_info ] --START--
INFO: [ path_info ] --END-- [ RunTime:0.000059s ]
INFO: [ app_begin ] --START--
INFO: Run Behavior\ReadHtmlCache [ RunTime:0.000079s ]
INFO: [ app_begin ] --END-- [ RunTime:0.000422s ]
INFO: [ action_begin ] --START--
INFO: [ action_begin ] --END-- [ RunTime:0.000040s ]
SQL: SHOW COLUMNS FROM `user_info` [ RunTime:0.005786s ]
SQL: SELECT * FROM `user_info` WHERE ( `user_phone` = '15768653333' ) LIMIT 1   [ RunTime:0.000809s ]
INFO: [ app_end ] --START--
INFO: Run Behavior\ShowPageTrace [ RunTime:0.000071s ]
INFO: [ app_end ] --END-- [ RunTime:0.000185s ]

[ 2017-04-20T09:53:02+08:00 ] 172.17.32.112 /health/management/Application/index.php/Connector/User/getuserInfo
INFO: [ app_init ] --START--
INFO: [ app_init ] --END-- [ RunTime:0.000280s ]
INFO: [ path_info ] --START--
INFO: [ path_info ] --END-- [ RunTime:0.000034s ]
INFO: [ app_begin ] --START--
INFO: Run Behavior\ReadHtmlCache [ RunTime:0.000042s ]
INFO: [ app_begin ] --END-- [ RunTime:0.000096s ]
INFO: [ action_begin ] --START--
INFO: [ action_begin ] --END-- [ RunTime:0.000032s ]
SQL: SHOW COLUMNS FROM `user_info` [ RunTime:0.005528s ]
SQL: SELECT * FROM `user_info` WHERE ( `user_phone` = '15768653333' ) LIMIT 1   [ RunTime:0.000762s ]
INFO: [ app_end ] --START--
INFO: Run Behavior\ShowPageTrace [ RunTime:0.000071s ]
INFO: [ app_end ] --END-- [ RunTime:0.000187s ]

[ 2017-04-20T11:39:48+08:00 ] 172.17.32.112 /health/management/Application/index.php/Connector/Sick/getSick
INFO: [ app_init ] --START--
INFO: [ app_init ] --END-- [ RunTime:0.000363s ]
INFO: [ path_info ] --START--
INFO: [ path_info ] --END-- [ RunTime:0.000034s ]
INFO: [ app_begin ] --START--
INFO: Run Behavior\ReadHtmlCache [ RunTime:0.000046s ]
INFO: [ app_begin ] --END-- [ RunTime:0.000104s ]
INFO: [ action_begin ] --START--
INFO: [ action_begin ] --END-- [ RunTime:0.000041s ]
SQL: SHOW COLUMNS FROM `department_info` [ RunTime:0.003293s ]
SQL: SHOW COLUMNS FROM `illness` [ RunTime:0.003219s ]
SQL: SELECT * FROM `department_info` WHERE ( `parent_id` = 0 )  [ RunTime:0.000476s ]
SQL: SELECT * FROM `department_info`  [ RunTime:0.000280s ]
SQL: SELECT * FROM `department_info`  [ RunTime:0.000260s ]
SQL: SELECT * FROM `department_info`  [ RunTime:0.000246s ]
SQL: SELECT * FROM `department_info`  [ RunTime:0.000217s ]
SQL: SELECT * FROM `department_info`  [ RunTime:0.000219s ]
SQL: SELECT * FROM `illness` WHERE ( `two_depa_id` = '6' )  [ RunTime:0.000328s ]
SQL: SELECT * FROM `illness` WHERE ( `two_depa_id` = '7' )  [ RunTime:0.000241s ]
SQL: SELECT * FROM `illness` WHERE ( `two_depa_id` = '8' )  [ RunTime:0.000234s ]
SQL: SELECT * FROM `illness` WHERE ( `two_depa_id` = '9' )  [ RunTime:0.000244s ]
SQL: SELECT * FROM `illness` WHERE ( `two_depa_id` = '11' )  [ RunTime:0.000232s ]
SQL: SELECT * FROM `illness` WHERE ( `two_depa_id` = '13' )  [ RunTime:0.000234s ]
SQL: SELECT * FROM `illness` WHERE ( `two_depa_id` = '12' )  [ RunTime:0.000225s ]
SQL: SELECT * FROM `illness` WHERE ( `two_depa_id` = '14' )  [ RunTime:0.000229s ]
SQL: SELECT * FROM `illness` WHERE ( `two_depa_id` = '10' )  [ RunTime:0.000225s ]
SQL: SELECT * FROM `illness` WHERE ( `two_depa_id` = '15' )  [ RunTime:0.000222s ]
INFO: [ app_end ] --START--
INFO: Run Behavior\ShowPageTrace [ RunTime:0.000040s ]
INFO: [ app_end ] --END-- [ RunTime:0.000098s ]

[ 2017-04-20T11:40:23+08:00 ] 172.17.32.112 /health/management/Application/index.php/Connector/Sick/getSick
INFO: [ app_init ] --START--
INFO: [ app_init ] --END-- [ RunTime:0.000295s ]
INFO: [ path_info ] --START--
INFO: [ path_info ] --END-- [ RunTime:0.000040s ]
INFO: [ app_begin ] --START--
INFO: Run Behavior\ReadHtmlCache [ RunTime:0.000044s ]
INFO: [ app_begin ] --END-- [ RunTime:0.000105s ]
INFO: [ action_begin ] --START--
INFO: [ action_begin ] --END-- [ RunTime:0.000038s ]
SQL: SHOW COLUMNS FROM `department_info` [ RunTime:0.004692s ]
SQL: SHOW COLUMNS FROM `illness` [ RunTime:0.006701s ]
SQL: SELECT * FROM `department_info` WHERE ( `parent_id` = 0 )  [ RunTime:0.000600s ]
SQL: SELECT * FROM `department_info`  [ RunTime:0.000503s ]
SQL: SELECT * FROM `department_info`  [ RunTime:0.000425s ]
SQL: SELECT * FROM `department_info`  [ RunTime:0.000421s ]
SQL: SELECT * FROM `department_info`  [ RunTime:0.000508s ]
SQL: SELECT * FROM `department_info`  [ RunTime:0.002254s ]
SQL: SELECT * FROM `illness` WHERE ( `two_depa_id` = '6' )  [ RunTime:0.000883s ]
SQL: SELECT * FROM `illness` WHERE ( `two_depa_id` = '7' )  [ RunTime:0.000536s ]
SQL: SELECT * FROM `illness` WHERE ( `two_depa_id` = '8' )  [ RunTime:0.000442s ]
SQL: SELECT * FROM `illness` WHERE ( `two_depa_id` = '9' )  [ RunTime:0.000402s ]
SQL: SELECT * FROM `illness` WHERE ( `two_depa_id` = '11' )  [ RunTime:0.000348s ]
SQL: SELECT * FROM `illness` WHERE ( `two_depa_id` = '13' )  [ RunTime:0.000449s ]
SQL: SELECT * FROM `illness` WHERE ( `two_depa_id` = '12' )  [ RunTime:0.000459s ]
SQL: SELECT * FROM `illness` WHERE ( `two_depa_id` = '14' )  [ RunTime:0.000431s ]
SQL: SELECT * FROM `illness` WHERE ( `two_depa_id` = '10' )  [ RunTime:0.000442s ]
SQL: SELECT * FROM `illness` WHERE ( `two_depa_id` = '15' )  [ RunTime:0.000399s ]
INFO: [ app_end ] --START--
INFO: Run Behavior\ShowPageTrace [ RunTime:0.000078s ]
INFO: [ app_end ] --END-- [ RunTime:0.000195s ]

[ 2017-04-20T11:42:55+08:00 ] 172.17.32.112 /health/management/Application/index.php/Connector/Sick/getSick
INFO: [ app_init ] --START--
INFO: [ app_init ] --END-- [ RunTime:0.000373s ]
INFO: [ path_info ] --START--
INFO: [ path_info ] --END-- [ RunTime:0.000035s ]
INFO: [ app_begin ] --START--
INFO: Run Behavior\ReadHtmlCache [ RunTime:0.000045s ]
INFO: [ app_begin ] --END-- [ RunTime:0.000107s ]
INFO: [ action_begin ] --START--
INFO: [ action_begin ] --END-- [ RunTime:0.000049s ]
SQL: SHOW COLUMNS FROM `department_info` [ RunTime:0.002878s ]
SQL: SHOW COLUMNS FROM `illness` [ RunTime:0.002607s ]
SQL: SELECT * FROM `department_info` WHERE ( `parent_id` = 0 )  [ RunTime:0.000379s ]
SQL: SELECT * FROM `department_info`  [ RunTime:0.000248s ]
SQL: SELECT * FROM `department_info`  [ RunTime:0.000235s ]
SQL: SELECT * FROM `department_info`  [ RunTime:0.000227s ]
SQL: SELECT * FROM `department_info`  [ RunTime:0.000220s ]
SQL: SELECT * FROM `department_info`  [ RunTime:0.000223s ]
SQL: SELECT * FROM `illness` WHERE ( `two_depa_id` = '6' )  [ RunTime:0.000245s ]
SQL: SELECT * FROM `illness` WHERE ( `two_depa_id` = '7' )  [ RunTime:0.000229s ]
SQL: SELECT * FROM `illness` WHERE ( `two_depa_id` = '8' )  [ RunTime:0.000221s ]
SQL: SELECT * FROM `illness` WHERE ( `two_depa_id` = '9' )  [ RunTime:0.000239s ]
SQL: SELECT * FROM `illness` WHERE ( `two_depa_id` = '11' )  [ RunTime:0.000222s ]
SQL: SELECT * FROM `illness` WHERE ( `two_depa_id` = '13' )  [ RunTime:0.000277s ]
SQL: SELECT * FROM `illness` WHERE ( `two_depa_id` = '12' )  [ RunTime:0.000227s ]
SQL: SELECT * FROM `illness` WHERE ( `two_depa_id` = '14' )  [ RunTime:0.000227s ]
SQL: SELECT * FROM `illness` WHERE ( `two_depa_id` = '10' )  [ RunTime:0.000313s ]
SQL: SELECT * FROM `illness` WHERE ( `two_depa_id` = '15' )  [ RunTime:0.000227s ]
INFO: [ app_end ] --START--
INFO: Run Behavior\ShowPageTrace [ RunTime:0.000044s ]
INFO: [ app_end ] --END-- [ RunTime:0.000109s ]

