[ 2017-05-01T12:24:11+08:00 ] 10.77.118.187 /health/management/Application/index.php/Connector/User/login
INFO: [ app_init ] --START--
INFO: [ app_init ] --END-- [ RunTime:0.018408s ]
INFO: [ path_info ] --START--
INFO: [ path_info ] --END-- [ RunTime:0.000029s ]
INFO: [ app_begin ] --START--
INFO: Run Behavior\ReadHtmlCache [ RunTime:0.000425s ]
INFO: [ app_begin ] --END-- [ RunTime:0.000495s ]
INFO: [ action_begin ] --START--
INFO: [ action_begin ] --END-- [ RunTime:0.000033s ]
NOTIC: [8192] mysql_connect(): The mysql extension is deprecated and will be removed in the future: use mysqli or PDO instead D:\xampp\htdocs\health\management\ThinkPHP\Library\Think\Db\Driver\Mysql.class.php 第 52 行.
SQL: SHOW COLUMNS FROM `user_info` [ RunTime:0.049198s ]
SQL: SELECT * FROM `user_info` WHERE ( `user_phone` = '15768650568' ) AND ( `user_token` = '68547771a802bf1686d1bbcbccbd7a6a' ) LIMIT 1   [ RunTime:0.001918s ]
SQL: UPDATE `user_info` SET `user_token`='167347367f6a19f04efa6c9839f9a6f4',`token_time`='2017-05-01 12:24:11',`login_time`='2017-05-01 12:24:11' WHERE ( `user_phone` = '15768650568' ) AND ( `user_token` = '68547771a802bf1686d1bbcbccbd7a6a' ) [ RunTime:0.092200s ]
INFO: [ app_end ] --START--
INFO: Run Behavior\ShowPageTrace [ RunTime:0.000026s ]
INFO: [ app_end ] --END-- [ RunTime:0.000059s ]

[ 2017-05-01T12:24:11+08:00 ] 10.77.118.187 /health/management/Application/index.php/Connector/User/getKnowList
INFO: [ app_init ] --START--
INFO: [ app_init ] --END-- [ RunTime:0.000234s ]
INFO: [ path_info ] --START--
INFO: [ path_info ] --END-- [ RunTime:0.000019s ]
INFO: [ app_begin ] --START--
INFO: Run Behavior\ReadHtmlCache [ RunTime:0.000029s ]
INFO: [ app_begin ] --END-- [ RunTime:0.000060s ]
INFO: [ action_begin ] --START--
INFO: [ action_begin ] --END-- [ RunTime:0.000021s ]
NOTIC: [8192] mysql_connect(): The mysql extension is deprecated and will be removed in the future: use mysqli or PDO instead D:\xampp\htdocs\health\management\ThinkPHP\Library\Think\Db\Driver\Mysql.class.php 第 52 行.
SQL: SHOW COLUMNS FROM `health_know` [ RunTime:0.039968s ]
SQL: SELECT * FROM `health_know` ORDER BY know_see desc LIMIT 5   [ RunTime:0.011960s ]
INFO: [ app_end ] --START--
INFO: Run Behavior\ShowPageTrace [ RunTime:0.000035s ]
INFO: [ app_end ] --END-- [ RunTime:0.000074s ]

[ 2017-05-01T12:24:12+08:00 ] 10.77.118.187 /health/management/Application/index.php/Home/Index/getHotHos?category=news
INFO: [ app_init ] --START--
INFO: [ app_init ] --END-- [ RunTime:0.000379s ]
INFO: [ path_info ] --START--
INFO: [ path_info ] --END-- [ RunTime:0.000033s ]
INFO: [ app_begin ] --START--
INFO: Run Behavior\ReadHtmlCache [ RunTime:0.000036s ]
INFO: [ app_begin ] --END-- [ RunTime:0.000073s ]
INFO: [ action_begin ] --START--
INFO: [ action_begin ] --END-- [ RunTime:0.000047s ]
NOTIC: [8192] mysql_connect(): The mysql extension is deprecated and will be removed in the future: use mysqli or PDO instead D:\xampp\htdocs\health\management\ThinkPHP\Library\Think\Db\Driver\Mysql.class.php 第 52 行.
SQL: SHOW COLUMNS FROM `hospital_info` [ RunTime:0.012947s ]
SQL: SELECT * FROM `hospital_info`  [ RunTime:0.000314s ]
INFO: [ app_end ] --START--
INFO: Run Behavior\ShowPageTrace [ RunTime:0.000029s ]
INFO: [ app_end ] --END-- [ RunTime:0.000067s ]

[ 2017-05-01T12:24:12+08:00 ] 10.77.118.187 /health/management/Application/index.php/Home/Index/getHotDoc
INFO: [ app_init ] --START--
INFO: [ app_init ] --END-- [ RunTime:0.000249s ]
INFO: [ path_info ] --START--
INFO: [ path_info ] --END-- [ RunTime:0.000030s ]
INFO: [ app_begin ] --START--
INFO: Run Behavior\ReadHtmlCache [ RunTime:0.000036s ]
INFO: [ app_begin ] --END-- [ RunTime:0.000076s ]
INFO: [ action_begin ] --START--
INFO: [ action_begin ] --END-- [ RunTime:0.000046s ]
NOTIC: [2048] Declaration of Admin\Model\DoctorInfoModel::_after_insert() should be compatible with Think\Model::_after_insert($data, $options) D:\xampp\htdocs\health\management\Application\Admin\Model\DoctorInfoModel.class.php 第 7 行.
NOTIC: [8192] mysql_connect(): The mysql extension is deprecated and will be removed in the future: use mysqli or PDO instead D:\xampp\htdocs\health\management\ThinkPHP\Library\Think\Db\Driver\Mysql.class.php 第 52 行.
SQL: SHOW COLUMNS FROM `doctor_info` [ RunTime:0.016821s ]
SQL: SELECT a.*,b.hos_name,c.dep_name FROM doctor_info a LEFT JOIN hospital_info b on a.hos_id=b.hos_id LEFT JOIN department_info c on a.depa_id=c.dep_id  [ RunTime:0.193344s ]
INFO: [ app_end ] --START--
INFO: Run Behavior\ShowPageTrace [ RunTime:0.000061s ]
INFO: [ app_end ] --END-- [ RunTime:0.000231s ]

[ 2017-05-01T12:24:12+08:00 ] 10.77.118.187 /health/management/Application/index.php/Connector/User/getuserInfo
INFO: [ app_init ] --START--
INFO: [ app_init ] --END-- [ RunTime:0.000283s ]
INFO: [ path_info ] --START--
INFO: [ path_info ] --END-- [ RunTime:0.000020s ]
INFO: [ app_begin ] --START--
INFO: Run Behavior\ReadHtmlCache [ RunTime:0.000029s ]
INFO: [ app_begin ] --END-- [ RunTime:0.000062s ]
INFO: [ action_begin ] --START--
INFO: [ action_begin ] --END-- [ RunTime:0.000027s ]
NOTIC: [8192] mysql_connect(): The mysql extension is deprecated and will be removed in the future: use mysqli or PDO instead D:\xampp\htdocs\health\management\ThinkPHP\Library\Think\Db\Driver\Mysql.class.php 第 52 行.
SQL: SHOW COLUMNS FROM `user_info` [ RunTime:0.001395s ]
SQL: SELECT * FROM `user_info` WHERE ( `user_phone` = '15768650568' ) LIMIT 1   [ RunTime:0.000365s ]
INFO: [ app_end ] --START--
INFO: Run Behavior\ShowPageTrace [ RunTime:0.000025s ]
INFO: [ app_end ] --END-- [ RunTime:0.000062s ]

[ 2017-05-01T12:24:20+08:00 ] 10.77.118.187 /health/management/Application/index.php/Connector/Health/getHisRelaName?user_phone=15768650568
INFO: [ app_init ] --START--
INFO: [ app_init ] --END-- [ RunTime:0.000221s ]
INFO: [ path_info ] --START--
INFO: [ path_info ] --END-- [ RunTime:0.000018s ]
INFO: [ app_begin ] --START--
INFO: Run Behavior\ReadHtmlCache [ RunTime:0.000030s ]
INFO: [ app_begin ] --END-- [ RunTime:0.000063s ]
INFO: [ action_begin ] --START--
INFO: [ action_begin ] --END-- [ RunTime:0.000033s ]
NOTIC: [8192] mysql_connect(): The mysql extension is deprecated and will be removed in the future: use mysqli or PDO instead D:\xampp\htdocs\health\management\ThinkPHP\Library\Think\Db\Driver\Mysql.class.php 第 52 行.
SQL: SHOW COLUMNS FROM `user_info` [ RunTime:0.001361s ]
SQL: SELECT `user_id` FROM `user_info` WHERE ( `user_phone` = '15768650568' ) LIMIT 1   [ RunTime:0.000240s ]
SQL: SHOW COLUMNS FROM `relative_info` [ RunTime:0.021019s ]
SQL: SELECT `relative_id`,`relative_name` FROM `relative_info` WHERE ( `user_id` = '45' )  [ RunTime:0.000308s ]
INFO: [ app_end ] --START--
INFO: Run Behavior\ShowPageTrace [ RunTime:0.000026s ]
INFO: [ app_end ] --END-- [ RunTime:0.000068s ]

[ 2017-05-01T12:24:20+08:00 ] 10.77.118.187 /health/management/Application/index.php/Connector/Health/getHisVis?relative_id=0&user_phone=15768650568
INFO: [ app_init ] --START--
INFO: [ app_init ] --END-- [ RunTime:0.000248s ]
INFO: [ path_info ] --START--
INFO: [ path_info ] --END-- [ RunTime:0.000020s ]
INFO: [ app_begin ] --START--
INFO: Run Behavior\ReadHtmlCache [ RunTime:0.000029s ]
INFO: [ app_begin ] --END-- [ RunTime:0.000061s ]
INFO: [ action_begin ] --START--
INFO: [ action_begin ] --END-- [ RunTime:0.000070s ]
NOTIC: [8192] mysql_connect(): The mysql extension is deprecated and will be removed in the future: use mysqli or PDO instead D:\xampp\htdocs\health\management\ThinkPHP\Library\Think\Db\Driver\Mysql.class.php 第 52 行.
SQL: SHOW COLUMNS FROM `user_info` [ RunTime:0.001358s ]
SQL: SELECT `user_id` FROM `user_info` WHERE ( `user_phone` = '15768650568' ) LIMIT 1   [ RunTime:0.000241s ]
SQL: SHOW COLUMNS FROM `see_doc_case` [ RunTime:0.004913s ]
SQL: SELECT a.* FROM see_doc_case a WHERE ( a.relative_id = '0' ) AND ( a.user_id = '45' )  [ RunTime:0.000319s ]
INFO: [ app_end ] --START--
INFO: Run Behavior\ShowPageTrace [ RunTime:0.000030s ]
INFO: [ app_end ] --END-- [ RunTime:0.000080s ]

[ 2017-05-01T12:24:24+08:00 ] 10.77.118.187 /health/management/Application/index.php/Connector/Health/getHisVis?relative_id=33&user_phone=15768650568
INFO: [ app_init ] --START--
INFO: [ app_init ] --END-- [ RunTime:0.000219s ]
INFO: [ path_info ] --START--
INFO: [ path_info ] --END-- [ RunTime:0.000020s ]
INFO: [ app_begin ] --START--
INFO: Run Behavior\ReadHtmlCache [ RunTime:0.000029s ]
INFO: [ app_begin ] --END-- [ RunTime:0.000061s ]
INFO: [ action_begin ] --START--
INFO: [ action_begin ] --END-- [ RunTime:0.000021s ]
NOTIC: [8192] mysql_connect(): The mysql extension is deprecated and will be removed in the future: use mysqli or PDO instead D:\xampp\htdocs\health\management\ThinkPHP\Library\Think\Db\Driver\Mysql.class.php 第 52 行.
SQL: SHOW COLUMNS FROM `user_info` [ RunTime:0.001371s ]
SQL: SELECT `user_id` FROM `user_info` WHERE ( `user_phone` = '15768650568' ) LIMIT 1   [ RunTime:0.000241s ]
SQL: SHOW COLUMNS FROM `see_doc_case` [ RunTime:0.001122s ]
SQL: SELECT a.* FROM see_doc_case a WHERE ( a.relative_id = '33' ) AND ( a.user_id = '45' )  [ RunTime:0.000283s ]
NOTIC: [2] Invalid argument supplied for foreach() D:\xampp\htdocs\health\management\Application\Connector\Controller\HealthController.class.php 第 30 行.
INFO: [ app_end ] --START--
INFO: Run Behavior\ShowPageTrace [ RunTime:0.000026s ]
INFO: [ app_end ] --END-- [ RunTime:0.000059s ]

[ 2017-05-01T12:24:26+08:00 ] 10.77.118.187 /health/management/Application/index.php/Connector/Health/getHisVis?relative_id=32&user_phone=15768650568
INFO: [ app_init ] --START--
INFO: [ app_init ] --END-- [ RunTime:0.000219s ]
INFO: [ path_info ] --START--
INFO: [ path_info ] --END-- [ RunTime:0.000019s ]
INFO: [ app_begin ] --START--
INFO: Run Behavior\ReadHtmlCache [ RunTime:0.000030s ]
INFO: [ app_begin ] --END-- [ RunTime:0.000062s ]
INFO: [ action_begin ] --START--
INFO: [ action_begin ] --END-- [ RunTime:0.000031s ]
NOTIC: [8192] mysql_connect(): The mysql extension is deprecated and will be removed in the future: use mysqli or PDO instead D:\xampp\htdocs\health\management\ThinkPHP\Library\Think\Db\Driver\Mysql.class.php 第 52 行.
SQL: SHOW COLUMNS FROM `user_info` [ RunTime:0.001331s ]
SQL: SELECT `user_id` FROM `user_info` WHERE ( `user_phone` = '15768650568' ) LIMIT 1   [ RunTime:0.000238s ]
SQL: SHOW COLUMNS FROM `see_doc_case` [ RunTime:0.001106s ]
SQL: SELECT a.* FROM see_doc_case a WHERE ( a.relative_id = '32' ) AND ( a.user_id = '45' )  [ RunTime:0.000287s ]
NOTIC: [2] Invalid argument supplied for foreach() D:\xampp\htdocs\health\management\Application\Connector\Controller\HealthController.class.php 第 30 行.
INFO: [ app_end ] --START--
INFO: Run Behavior\ShowPageTrace [ RunTime:0.000026s ]
INFO: [ app_end ] --END-- [ RunTime:0.000058s ]

[ 2017-05-01T12:24:27+08:00 ] 10.77.118.187 /health/management/Application/index.php/Connector/Health/getHisVis?relative_id=14&user_phone=15768650568
INFO: [ app_init ] --START--
INFO: [ app_init ] --END-- [ RunTime:0.000237s ]
INFO: [ path_info ] --START--
INFO: [ path_info ] --END-- [ RunTime:0.000020s ]
INFO: [ app_begin ] --START--
INFO: Run Behavior\ReadHtmlCache [ RunTime:0.000046s ]
INFO: [ app_begin ] --END-- [ RunTime:0.000099s ]
INFO: [ action_begin ] --START--
INFO: [ action_begin ] --END-- [ RunTime:0.000021s ]
NOTIC: [8192] mysql_connect(): The mysql extension is deprecated and will be removed in the future: use mysqli or PDO instead D:\xampp\htdocs\health\management\ThinkPHP\Library\Think\Db\Driver\Mysql.class.php 第 52 行.
SQL: SHOW COLUMNS FROM `user_info` [ RunTime:0.001357s ]
SQL: SELECT `user_id` FROM `user_info` WHERE ( `user_phone` = '15768650568' ) LIMIT 1   [ RunTime:0.000240s ]
SQL: SHOW COLUMNS FROM `see_doc_case` [ RunTime:0.001119s ]
SQL: SELECT a.* FROM see_doc_case a WHERE ( a.relative_id = '14' ) AND ( a.user_id = '45' )  [ RunTime:0.000291s ]
INFO: [ app_end ] --START--
INFO: Run Behavior\ShowPageTrace [ RunTime:0.000024s ]
INFO: [ app_end ] --END-- [ RunTime:0.000057s ]

[ 2017-05-01T12:24:30+08:00 ] 10.77.118.187 /health/management/Application/index.php/Connector/User/getRelaData?user_phone=15768650568
INFO: [ app_init ] --START--
INFO: [ app_init ] --END-- [ RunTime:0.000220s ]
INFO: [ path_info ] --START--
INFO: [ path_info ] --END-- [ RunTime:0.000019s ]
INFO: [ app_begin ] --START--
INFO: Run Behavior\ReadHtmlCache [ RunTime:0.000029s ]
INFO: [ app_begin ] --END-- [ RunTime:0.000063s ]
INFO: [ action_begin ] --START--
INFO: [ action_begin ] --END-- [ RunTime:0.000022s ]
NOTIC: [8192] mysql_connect(): The mysql extension is deprecated and will be removed in the future: use mysqli or PDO instead D:\xampp\htdocs\health\management\ThinkPHP\Library\Think\Db\Driver\Mysql.class.php 第 52 行.
SQL: SHOW COLUMNS FROM `user_info` [ RunTime:0.001363s ]
SQL: SELECT `user_id` FROM `user_info` WHERE ( `user_phone` = '15768650568' ) LIMIT 1   [ RunTime:0.000255s ]
SQL: SHOW COLUMNS FROM `relative_info` [ RunTime:0.001119s ]
SQL: SELECT * FROM `relative_info` WHERE ( `user_id` = '45' )  [ RunTime:0.000297s ]
INFO: [ app_end ] --START--
INFO: Run Behavior\ShowPageTrace [ RunTime:0.000024s ]
INFO: [ app_end ] --END-- [ RunTime:0.000058s ]

[ 2017-05-01T12:24:47+08:00 ] 10.77.118.187 /health/management/Application/index.php/Connector/Zixun/mydoclist
INFO: [ app_init ] --START--
INFO: [ app_init ] --END-- [ RunTime:0.000223s ]
INFO: [ path_info ] --START--
INFO: [ path_info ] --END-- [ RunTime:0.000020s ]
INFO: [ app_begin ] --START--
INFO: Run Behavior\ReadHtmlCache [ RunTime:0.000028s ]
INFO: [ app_begin ] --END-- [ RunTime:0.000065s ]
INFO: [ action_begin ] --START--
INFO: [ action_begin ] --END-- [ RunTime:0.000038s ]
NOTIC: [8192] mysql_connect(): The mysql extension is deprecated and will be removed in the future: use mysqli or PDO instead D:\xampp\htdocs\health\management\ThinkPHP\Library\Think\Db\Driver\Mysql.class.php 第 52 行.
SQL: SHOW COLUMNS FROM `my_doc` [ RunTime:0.010518s ]
NOTIC: [8] Use of undefined constant eq - assumed 'eq' D:\xampp\htdocs\health\management\Application\Connector\Controller\ZixunController.class.php 第 111 行.
SQL: SELECT a.*,b.*,c.*,d.* FROM my_doc a LEFT JOIN doctor_info b on a.doc_phone=b.doc_phone LEFT JOIN hospital_info c on b.hos_id=c.hos_id LEFT JOIN department_info d on b.depa_id=d.dep_id WHERE ( a.user_phone = '15768650568' )  [ RunTime:0.000690s ]
INFO: [ app_end ] --START--
INFO: Run Behavior\ShowPageTrace [ RunTime:0.000026s ]
INFO: [ app_end ] --END-- [ RunTime:0.000059s ]

[ 2017-05-01T12:24:58+08:00 ] 10.77.118.187 /health/management/Application/index.php/Connector/User/get_attention_hos
INFO: [ app_init ] --START--
INFO: [ app_init ] --END-- [ RunTime:0.000252s ]
INFO: [ path_info ] --START--
INFO: [ path_info ] --END-- [ RunTime:0.000022s ]
INFO: [ app_begin ] --START--
INFO: Run Behavior\ReadHtmlCache [ RunTime:0.000032s ]
INFO: [ app_begin ] --END-- [ RunTime:0.000071s ]
INFO: [ action_begin ] --START--
INFO: [ action_begin ] --END-- [ RunTime:0.000026s ]
NOTIC: [8192] mysql_connect(): The mysql extension is deprecated and will be removed in the future: use mysqli or PDO instead D:\xampp\htdocs\health\management\ThinkPHP\Library\Think\Db\Driver\Mysql.class.php 第 52 行.
SQL: SHOW COLUMNS FROM `attention_hos` [ RunTime:0.024222s ]
SQL: SELECT a.hos_id,b.hos_name FROM attention_hos a LEFT JOIN hospital_info b on b.hos_id=a.hos_id WHERE ( `user_phone` = '15768650568' )  [ RunTime:0.007670s ]
INFO: [ app_end ] --START--
INFO: Run Behavior\ShowPageTrace [ RunTime:0.000026s ]
INFO: [ app_end ] --END-- [ RunTime:0.000062s ]

[ 2017-05-01T12:24:58+08:00 ] 10.77.118.187 /health/management/Application/index.php/Connector/User/get_attention_doc
INFO: [ app_init ] --START--
INFO: [ app_init ] --END-- [ RunTime:0.000247s ]
INFO: [ path_info ] --START--
INFO: [ path_info ] --END-- [ RunTime:0.000021s ]
INFO: [ app_begin ] --START--
INFO: Run Behavior\ReadHtmlCache [ RunTime:0.000032s ]
INFO: [ app_begin ] --END-- [ RunTime:0.000070s ]
INFO: [ action_begin ] --START--
INFO: [ action_begin ] --END-- [ RunTime:0.000028s ]
NOTIC: [8192] mysql_connect(): The mysql extension is deprecated and will be removed in the future: use mysqli or PDO instead D:\xampp\htdocs\health\management\ThinkPHP\Library\Think\Db\Driver\Mysql.class.php 第 52 行.
SQL: SHOW COLUMNS FROM `attention_doc` [ RunTime:0.014171s ]
SQL: SELECT a.doc_phone,b.doc_name,b.doc_id FROM attention_doc a LEFT JOIN doctor_info b on b.doc_phone=a.doc_phone WHERE ( `user_phone` = '15768650568' )  [ RunTime:0.001860s ]
INFO: [ app_end ] --START--
INFO: Run Behavior\ShowPageTrace [ RunTime:0.000026s ]
INFO: [ app_end ] --END-- [ RunTime:0.000062s ]

[ 2017-05-01T12:25:02+08:00 ] 10.77.118.187 /health/management/Application/index.php/Connector/User/get_attention_hos
INFO: [ app_init ] --START--
INFO: [ app_init ] --END-- [ RunTime:0.000253s ]
INFO: [ path_info ] --START--
INFO: [ path_info ] --END-- [ RunTime:0.000023s ]
INFO: [ app_begin ] --START--
INFO: Run Behavior\ReadHtmlCache [ RunTime:0.000035s ]
INFO: [ app_begin ] --END-- [ RunTime:0.000075s ]
INFO: [ action_begin ] --START--
INFO: [ action_begin ] --END-- [ RunTime:0.000027s ]
NOTIC: [8192] mysql_connect(): The mysql extension is deprecated and will be removed in the future: use mysqli or PDO instead D:\xampp\htdocs\health\management\ThinkPHP\Library\Think\Db\Driver\Mysql.class.php 第 52 行.
SQL: SHOW COLUMNS FROM `attention_hos` [ RunTime:0.001973s ]
SQL: SELECT a.hos_id,b.hos_name FROM attention_hos a LEFT JOIN hospital_info b on b.hos_id=a.hos_id WHERE ( `user_phone` = '15768650568' )  [ RunTime:0.000327s ]
INFO: [ app_end ] --START--
INFO: Run Behavior\ShowPageTrace [ RunTime:0.000026s ]
INFO: [ app_end ] --END-- [ RunTime:0.000063s ]

[ 2017-05-01T12:25:02+08:00 ] 10.77.118.187 /health/management/Application/index.php/Connector/User/get_attention_doc
INFO: [ app_init ] --START--
INFO: [ app_init ] --END-- [ RunTime:0.000350s ]
INFO: [ path_info ] --START--
INFO: [ path_info ] --END-- [ RunTime:0.000034s ]
INFO: [ app_begin ] --START--
INFO: Run Behavior\ReadHtmlCache [ RunTime:0.000054s ]
INFO: [ app_begin ] --END-- [ RunTime:0.000117s ]
INFO: [ action_begin ] --START--
INFO: [ action_begin ] --END-- [ RunTime:0.000027s ]
NOTIC: [8192] mysql_connect(): The mysql extension is deprecated and will be removed in the future: use mysqli or PDO instead D:\xampp\htdocs\health\management\ThinkPHP\Library\Think\Db\Driver\Mysql.class.php 第 52 行.
SQL: SHOW COLUMNS FROM `attention_doc` [ RunTime:0.001362s ]
SQL: SELECT a.doc_phone,b.doc_name,b.doc_id FROM attention_doc a LEFT JOIN doctor_info b on b.doc_phone=a.doc_phone WHERE ( `user_phone` = '15768650568' )  [ RunTime:0.000301s ]
INFO: [ app_end ] --START--
INFO: Run Behavior\ShowPageTrace [ RunTime:0.000029s ]
INFO: [ app_end ] --END-- [ RunTime:0.000071s ]

[ 2017-05-01T12:25:04+08:00 ] 10.77.118.187 /health/management/Application/index.php/Connector/Hos/getHosImg?hos_id=55
INFO: [ app_init ] --START--
INFO: [ app_init ] --END-- [ RunTime:0.000304s ]
INFO: [ path_info ] --START--
INFO: [ path_info ] --END-- [ RunTime:0.000022s ]
INFO: [ app_begin ] --START--
INFO: Run Behavior\ReadHtmlCache [ RunTime:0.000035s ]
INFO: [ app_begin ] --END-- [ RunTime:0.000073s ]
INFO: [ action_begin ] --START--
INFO: [ action_begin ] --END-- [ RunTime:0.000033s ]
NOTIC: [8192] mysql_connect(): The mysql extension is deprecated and will be removed in the future: use mysqli or PDO instead D:\xampp\htdocs\health\management\ThinkPHP\Library\Think\Db\Driver\Mysql.class.php 第 52 行.
SQL: SHOW COLUMNS FROM `hos_img` [ RunTime:0.008156s ]
SQL: SELECT * FROM `hos_img` WHERE ( `hos_id` = '55' )  [ RunTime:0.009505s ]
INFO: [ app_end ] --START--
INFO: Run Behavior\ShowPageTrace [ RunTime:0.000026s ]
INFO: [ app_end ] --END-- [ RunTime:0.000060s ]

[ 2017-05-01T12:25:04+08:00 ] 10.77.118.187 /health/management/Application/index.php/Connector/hos/getHosDetail?hos_id=55
INFO: [ app_init ] --START--
INFO: [ app_init ] --END-- [ RunTime:0.000217s ]
INFO: [ path_info ] --START--
INFO: [ path_info ] --END-- [ RunTime:0.000019s ]
INFO: [ app_begin ] --START--
INFO: Run Behavior\ReadHtmlCache [ RunTime:0.000029s ]
INFO: [ app_begin ] --END-- [ RunTime:0.000061s ]
INFO: [ action_begin ] --START--
INFO: [ action_begin ] --END-- [ RunTime:0.000036s ]
NOTIC: [2048] Declaration of Admin\Model\HospitalInfoModel::_after_insert() should be compatible with Think\Model::_after_insert($data, $options) D:\xampp\htdocs\health\management\Application\Admin\Model\HospitalInfoModel.class.php 第 7 行.
NOTIC: [8192] mysql_connect(): The mysql extension is deprecated and will be removed in the future: use mysqli or PDO instead D:\xampp\htdocs\health\management\ThinkPHP\Library\Think\Db\Driver\Mysql.class.php 第 52 行.
SQL: SHOW COLUMNS FROM `hospital_info` [ RunTime:0.001242s ]
SQL: SELECT * FROM `hospital_info` WHERE ( `hos_id` = 55 ) LIMIT 1   [ RunTime:0.000297s ]
INFO: [ app_end ] --START--
INFO: Run Behavior\ShowPageTrace [ RunTime:0.000024s ]
INFO: [ app_end ] --END-- [ RunTime:0.000057s ]

[ 2017-05-01T12:25:07+08:00 ] 10.77.118.187 /health/management/Application/index.php/Connector/Doc/getDocDetail?doc_id=34
INFO: [ app_init ] --START--
INFO: [ app_init ] --END-- [ RunTime:0.000238s ]
INFO: [ path_info ] --START--
INFO: [ path_info ] --END-- [ RunTime:0.000019s ]
INFO: [ app_begin ] --START--
INFO: Run Behavior\ReadHtmlCache [ RunTime:0.000030s ]
INFO: [ app_begin ] --END-- [ RunTime:0.000062s ]
INFO: [ action_begin ] --START--
INFO: [ action_begin ] --END-- [ RunTime:0.000033s ]
NOTIC: [2048] Declaration of Admin\Model\DoctorInfoModel::_after_insert() should be compatible with Think\Model::_after_insert($data, $options) D:\xampp\htdocs\health\management\Application\Admin\Model\DoctorInfoModel.class.php 第 7 行.
NOTIC: [8192] mysql_connect(): The mysql extension is deprecated and will be removed in the future: use mysqli or PDO instead D:\xampp\htdocs\health\management\ThinkPHP\Library\Think\Db\Driver\Mysql.class.php 第 52 行.
SQL: SHOW COLUMNS FROM `doctor_info` [ RunTime:0.001332s ]
SQL: SELECT a.*,b.hos_name,c.dep_name FROM doctor_info a LEFT JOIN hospital_info b on a.hos_id=b.hos_id LEFT JOIN department_info c on a.depa_id=c.dep_id WHERE ( `doc_id` = '34' ) LIMIT 1   [ RunTime:0.000390s ]
INFO: [ app_end ] --START--
INFO: Run Behavior\ShowPageTrace [ RunTime:0.000025s ]
INFO: [ app_end ] --END-- [ RunTime:0.000057s ]

[ 2017-05-01T12:25:18+08:00 ] 10.77.118.187 /health/management/Application/index.php/Connector/User/attention_doc
INFO: [ app_init ] --START--
INFO: [ app_init ] --END-- [ RunTime:0.000224s ]
INFO: [ path_info ] --START--
INFO: [ path_info ] --END-- [ RunTime:0.000019s ]
INFO: [ app_begin ] --START--
INFO: Run Behavior\ReadHtmlCache [ RunTime:0.000027s ]
INFO: [ app_begin ] --END-- [ RunTime:0.000058s ]
INFO: [ action_begin ] --START--
INFO: [ action_begin ] --END-- [ RunTime:0.000022s ]
NOTIC: [8192] mysql_connect(): The mysql extension is deprecated and will be removed in the future: use mysqli or PDO instead D:\xampp\htdocs\health\management\ThinkPHP\Library\Think\Db\Driver\Mysql.class.php 第 52 行.
SQL: SHOW COLUMNS FROM `attention_doc` [ RunTime:0.001150s ]
SQL: SELECT * FROM `attention_doc` WHERE ( `doc_phone` = '15768651573' ) AND ( `user_phone` = '15768650568' ) LIMIT 1   [ RunTime:0.000267s ]
INFO: [ app_end ] --START--
INFO: Run Behavior\ShowPageTrace [ RunTime:0.000027s ]
INFO: [ app_end ] --END-- [ RunTime:0.000058s ]

[ 2017-05-01T12:25:31+08:00 ] 10.77.118.187 /health/management/Application/index.php/Connector/User/getKnowDetail?knowID=2
INFO: [ app_init ] --START--
INFO: [ app_init ] --END-- [ RunTime:0.000224s ]
INFO: [ path_info ] --START--
INFO: [ path_info ] --END-- [ RunTime:0.000019s ]
INFO: [ app_begin ] --START--
INFO: Run Behavior\ReadHtmlCache [ RunTime:0.000030s ]
INFO: [ app_begin ] --END-- [ RunTime:0.000062s ]
INFO: [ action_begin ] --START--
INFO: [ action_begin ] --END-- [ RunTime:0.000032s ]
NOTIC: [8192] mysql_connect(): The mysql extension is deprecated and will be removed in the future: use mysqli or PDO instead D:\xampp\htdocs\health\management\ThinkPHP\Library\Think\Db\Driver\Mysql.class.php 第 52 行.
SQL: SHOW COLUMNS FROM `health_know` [ RunTime:0.001217s ]
SQL: SELECT * FROM `health_know` WHERE ( `know_id` = 2 ) LIMIT 1   [ RunTime:0.000301s ]
SQL: UPDATE `health_know` SET `know_see`='58' WHERE ( `know_id` = 2 ) [ RunTime:0.110597s ]
INFO: [ app_end ] --START--
INFO: Run Behavior\ShowPageTrace [ RunTime:0.000029s ]
INFO: [ app_end ] --END-- [ RunTime:0.000073s ]

[ 2017-05-01T12:25:34+08:00 ] 10.77.118.187 /health/management/Application/index.php/Connector/User/getKnowDetail?knowID=5
INFO: [ app_init ] --START--
INFO: [ app_init ] --END-- [ RunTime:0.000225s ]
INFO: [ path_info ] --START--
INFO: [ path_info ] --END-- [ RunTime:0.000032s ]
INFO: [ app_begin ] --START--
INFO: Run Behavior\ReadHtmlCache [ RunTime:0.000031s ]
INFO: [ app_begin ] --END-- [ RunTime:0.000063s ]
INFO: [ action_begin ] --START--
INFO: [ action_begin ] --END-- [ RunTime:0.000024s ]
NOTIC: [8192] mysql_connect(): The mysql extension is deprecated and will be removed in the future: use mysqli or PDO instead D:\xampp\htdocs\health\management\ThinkPHP\Library\Think\Db\Driver\Mysql.class.php 第 52 行.
SQL: SHOW COLUMNS FROM `health_know` [ RunTime:0.001170s ]
SQL: SELECT * FROM `health_know` WHERE ( `know_id` = 5 ) LIMIT 1   [ RunTime:0.000280s ]
SQL: UPDATE `health_know` SET `know_see`='24' WHERE ( `know_id` = 5 ) [ RunTime:0.104755s ]
INFO: [ app_end ] --START--
INFO: Run Behavior\ShowPageTrace [ RunTime:0.000026s ]
INFO: [ app_end ] --END-- [ RunTime:0.000061s ]

[ 2017-05-01T12:25:35+08:00 ] 10.77.118.187 /health/management/Application/index.php/Connector/User/getKnowDetail?knowID=6
INFO: [ app_init ] --START--
INFO: [ app_init ] --END-- [ RunTime:0.000222s ]
INFO: [ path_info ] --START--
INFO: [ path_info ] --END-- [ RunTime:0.000019s ]
INFO: [ app_begin ] --START--
INFO: Run Behavior\ReadHtmlCache [ RunTime:0.000030s ]
INFO: [ app_begin ] --END-- [ RunTime:0.000062s ]
INFO: [ action_begin ] --START--
INFO: [ action_begin ] --END-- [ RunTime:0.000023s ]
NOTIC: [8192] mysql_connect(): The mysql extension is deprecated and will be removed in the future: use mysqli or PDO instead D:\xampp\htdocs\health\management\ThinkPHP\Library\Think\Db\Driver\Mysql.class.php 第 52 行.
SQL: SHOW COLUMNS FROM `health_know` [ RunTime:0.001132s ]
SQL: SELECT * FROM `health_know` WHERE ( `know_id` = 6 ) LIMIT 1   [ RunTime:0.000292s ]
SQL: UPDATE `health_know` SET `know_see`='20' WHERE ( `know_id` = 6 ) [ RunTime:0.177508s ]
INFO: [ app_end ] --START--
INFO: Run Behavior\ShowPageTrace [ RunTime:0.000036s ]
INFO: [ app_end ] --END-- [ RunTime:0.000079s ]

[ 2017-05-01T12:25:37+08:00 ] 10.77.118.187 /health/management/Application/index.php/Connector/User/getKnowDetail?knowID=7
INFO: [ app_init ] --START--
INFO: [ app_init ] --END-- [ RunTime:0.000229s ]
INFO: [ path_info ] --START--
INFO: [ path_info ] --END-- [ RunTime:0.000020s ]
INFO: [ app_begin ] --START--
INFO: Run Behavior\ReadHtmlCache [ RunTime:0.000030s ]
INFO: [ app_begin ] --END-- [ RunTime:0.000061s ]
INFO: [ action_begin ] --START--
INFO: [ action_begin ] --END-- [ RunTime:0.000023s ]
NOTIC: [8192] mysql_connect(): The mysql extension is deprecated and will be removed in the future: use mysqli or PDO instead D:\xampp\htdocs\health\management\ThinkPHP\Library\Think\Db\Driver\Mysql.class.php 第 52 行.
SQL: SHOW COLUMNS FROM `health_know` [ RunTime:0.001204s ]
SQL: SELECT * FROM `health_know` WHERE ( `know_id` = 7 ) LIMIT 1   [ RunTime:0.000293s ]
SQL: UPDATE `health_know` SET `know_see`='13' WHERE ( `know_id` = 7 ) [ RunTime:0.074373s ]
INFO: [ app_end ] --START--
INFO: Run Behavior\ShowPageTrace [ RunTime:0.000025s ]
INFO: [ app_end ] --END-- [ RunTime:0.000060s ]

[ 2017-05-01T12:26:10+08:00 ] 10.77.118.187 /health/management/application/index.php/Connector/Search/searchhos
INFO: [ app_init ] --START--
INFO: [ app_init ] --END-- [ RunTime:0.000354s ]
INFO: [ path_info ] --START--
INFO: [ path_info ] --END-- [ RunTime:0.000031s ]
INFO: [ app_begin ] --START--
INFO: Run Behavior\ReadHtmlCache [ RunTime:0.000049s ]
INFO: [ app_begin ] --END-- [ RunTime:0.000105s ]
INFO: [ action_begin ] --START--
INFO: [ action_begin ] --END-- [ RunTime:0.000032s ]
INFO: [ app_end ] --START--
INFO: Run Behavior\ShowPageTrace [ RunTime:0.000025s ]
INFO: [ app_end ] --END-- [ RunTime:0.000056s ]

[ 2017-05-01T12:26:10+08:00 ] 10.77.118.187 /health/management/application/index.php/Connector/Search/searchdoc
INFO: [ app_init ] --START--
INFO: [ app_init ] --END-- [ RunTime:0.000364s ]
INFO: [ path_info ] --START--
INFO: [ path_info ] --END-- [ RunTime:0.000035s ]
INFO: [ app_begin ] --START--
INFO: Run Behavior\ReadHtmlCache [ RunTime:0.000052s ]
INFO: [ app_begin ] --END-- [ RunTime:0.000113s ]
INFO: [ action_begin ] --START--
INFO: [ action_begin ] --END-- [ RunTime:0.000036s ]
INFO: [ app_end ] --START--
INFO: Run Behavior\ShowPageTrace [ RunTime:0.000025s ]
INFO: [ app_end ] --END-- [ RunTime:0.000056s ]

[ 2017-05-01T12:26:10+08:00 ] 10.77.118.187 /health/management/application/index.php/Connector/Search/searchdep
INFO: [ app_init ] --START--
INFO: [ app_init ] --END-- [ RunTime:0.000286s ]
INFO: [ path_info ] --START--
INFO: [ path_info ] --END-- [ RunTime:0.000023s ]
INFO: [ app_begin ] --START--
INFO: Run Behavior\ReadHtmlCache [ RunTime:0.000033s ]
INFO: [ app_begin ] --END-- [ RunTime:0.000073s ]
INFO: [ action_begin ] --START--
INFO: [ action_begin ] --END-- [ RunTime:0.000026s ]
INFO: [ app_end ] --START--
INFO: Run Behavior\ShowPageTrace [ RunTime:0.000024s ]
INFO: [ app_end ] --END-- [ RunTime:0.000056s ]

[ 2017-05-01T12:26:10+08:00 ] 10.77.118.187 /health/management/application/index.php/Connector/Search/search_illness
INFO: [ app_init ] --START--
INFO: [ app_init ] --END-- [ RunTime:0.000273s ]
INFO: [ path_info ] --START--
INFO: [ path_info ] --END-- [ RunTime:0.000020s ]
INFO: [ app_begin ] --START--
INFO: Run Behavior\ReadHtmlCache [ RunTime:0.000029s ]
INFO: [ app_begin ] --END-- [ RunTime:0.000063s ]
INFO: [ action_begin ] --START--
INFO: [ action_begin ] --END-- [ RunTime:0.000031s ]
INFO: [ app_end ] --START--
INFO: Run Behavior\ShowPageTrace [ RunTime:0.000024s ]
INFO: [ app_end ] --END-- [ RunTime:0.000058s ]

[ 2017-05-01T12:26:21+08:00 ] 10.77.118.187 /health/management/application/index.php/Connector/Search/searchdoc
INFO: [ app_init ] --START--
INFO: [ app_init ] --END-- [ RunTime:0.000366s ]
INFO: [ path_info ] --START--
INFO: [ path_info ] --END-- [ RunTime:0.000035s ]
INFO: [ app_begin ] --START--
INFO: Run Behavior\ReadHtmlCache [ RunTime:0.000053s ]
INFO: [ app_begin ] --END-- [ RunTime:0.000121s ]
INFO: [ action_begin ] --START--
INFO: [ action_begin ] --END-- [ RunTime:0.000033s ]
NOTIC: [8192] mysql_connect(): The mysql extension is deprecated and will be removed in the future: use mysqli or PDO instead D:\xampp\htdocs\health\management\ThinkPHP\Library\Think\Db\Driver\Mysql.class.php 第 52 行.
SQL: SHOW COLUMNS FROM `doctor_info` [ RunTime:0.001347s ]
SQL: SELECT a.*,b.hos_name,c.dep_name FROM doctor_info a LEFT JOIN hospital_info b on a.hos_id=b.hos_id LEFT JOIN department_info c on a.depa_id=c.dep_id WHERE ( a.doc_name LIKE '%hhh%' )  [ RunTime:0.056418s ]
INFO: [ app_end ] --START--
INFO: Run Behavior\ShowPageTrace [ RunTime:0.000026s ]
INFO: [ app_end ] --END-- [ RunTime:0.000059s ]

[ 2017-05-01T12:26:21+08:00 ] 10.77.118.187 /health/management/application/index.php/Connector/Search/search_illness
INFO: [ app_init ] --START--
INFO: [ app_init ] --END-- [ RunTime:0.000348s ]
INFO: [ path_info ] --START--
INFO: [ path_info ] --END-- [ RunTime:0.000035s ]
INFO: [ app_begin ] --START--
INFO: Run Behavior\ReadHtmlCache [ RunTime:0.000050s ]
INFO: [ app_begin ] --END-- [ RunTime:0.000112s ]
INFO: [ action_begin ] --START--
INFO: [ action_begin ] --END-- [ RunTime:0.000046s ]
NOTIC: [8192] mysql_connect(): The mysql extension is deprecated and will be removed in the future: use mysqli or PDO instead D:\xampp\htdocs\health\management\ThinkPHP\Library\Think\Db\Driver\Mysql.class.php 第 52 行.
SQL: SHOW COLUMNS FROM `department_info` [ RunTime:0.001142s ]
SQL: SELECT a.*,b.*,c.* FROM department_info a LEFT JOIN doctor_info c on a.dep_id=c.depa_id LEFT JOIN hospital_info b on b.hos_id=c.hos_id WHERE ( c.doc_especial LIKE '%hhh%' )  [ RunTime:0.000489s ]
INFO: [ app_end ] --START--
INFO: Run Behavior\ShowPageTrace [ RunTime:0.000024s ]
INFO: [ app_end ] --END-- [ RunTime:0.000055s ]

[ 2017-05-01T12:26:21+08:00 ] 10.77.118.187 /health/management/application/index.php/Connector/Search/searchhos
INFO: [ app_init ] --START--
INFO: [ app_init ] --END-- [ RunTime:0.000409s ]
INFO: [ path_info ] --START--
INFO: [ path_info ] --END-- [ RunTime:0.000036s ]
INFO: [ app_begin ] --START--
INFO: Run Behavior\ReadHtmlCache [ RunTime:0.000054s ]
INFO: [ app_begin ] --END-- [ RunTime:0.000121s ]
INFO: [ action_begin ] --START--
INFO: [ action_begin ] --END-- [ RunTime:0.000029s ]
NOTIC: [8192] mysql_connect(): The mysql extension is deprecated and will be removed in the future: use mysqli or PDO instead D:\xampp\htdocs\health\management\ThinkPHP\Library\Think\Db\Driver\Mysql.class.php 第 52 行.
SQL: SHOW COLUMNS FROM `hospital_info` [ RunTime:0.001286s ]
SQL: SELECT a.hos_id,c.dep_name FROM hospital_info a LEFT JOIN hos_dep b on a.hos_id=b.hos_id LEFT JOIN department_info c on b.dep_id=c.dep_id WHERE ( a.hos_name LIKE '%hhh%' ) AND ( b.hot = 1 )  [ RunTime:0.010700s ]
NOTIC: [2] Invalid argument supplied for foreach() D:\xampp\htdocs\health\management\Application\Connector\Controller\SearchController.class.php 第 26 行.
SQL: SELECT * FROM `hospital_info` WHERE ( `hos_name` LIKE '%hhh%' )  [ RunTime:0.000303s ]
INFO: [ app_end ] --START--
INFO: Run Behavior\ShowPageTrace [ RunTime:0.000026s ]
INFO: [ app_end ] --END-- [ RunTime:0.000061s ]

[ 2017-05-01T12:26:21+08:00 ] 10.77.118.187 /health/management/application/index.php/Connector/Search/searchdep
INFO: [ app_init ] --START--
INFO: [ app_init ] --END-- [ RunTime:0.000284s ]
INFO: [ path_info ] --START--
INFO: [ path_info ] --END-- [ RunTime:0.000021s ]
INFO: [ app_begin ] --START--
INFO: Run Behavior\ReadHtmlCache [ RunTime:0.000032s ]
INFO: [ app_begin ] --END-- [ RunTime:0.000071s ]
INFO: [ action_begin ] --START--
INFO: [ action_begin ] --END-- [ RunTime:0.000036s ]
NOTIC: [8192] mysql_connect(): The mysql extension is deprecated and will be removed in the future: use mysqli or PDO instead D:\xampp\htdocs\health\management\ThinkPHP\Library\Think\Db\Driver\Mysql.class.php 第 52 行.
SQL: SHOW COLUMNS FROM `department_info` [ RunTime:0.001112s ]
SQL: SELECT a.*,b.*,c.* FROM department_info a LEFT JOIN doctor_info c on a.dep_id=c.depa_id LEFT JOIN hospital_info b on b.hos_id=c.hos_id WHERE ( a.dep_name LIKE '%hhh%' )  [ RunTime:0.000456s ]
INFO: [ app_end ] --START--
INFO: Run Behavior\ShowPageTrace [ RunTime:0.000025s ]
INFO: [ app_end ] --END-- [ RunTime:0.000056s ]

[ 2017-05-01T12:26:32+08:00 ] 10.77.118.187 /health/management/application/index.php/Connector/Search/searchhos
INFO: [ app_init ] --START--
INFO: [ app_init ] --END-- [ RunTime:0.000400s ]
INFO: [ path_info ] --START--
INFO: [ path_info ] --END-- [ RunTime:0.000037s ]
INFO: [ app_begin ] --START--
INFO: Run Behavior\ReadHtmlCache [ RunTime:0.000054s ]
INFO: [ app_begin ] --END-- [ RunTime:0.000122s ]
INFO: [ action_begin ] --START--
INFO: [ action_begin ] --END-- [ RunTime:0.000035s ]
NOTIC: [8192] mysql_connect(): The mysql extension is deprecated and will be removed in the future: use mysqli or PDO instead D:\xampp\htdocs\health\management\ThinkPHP\Library\Think\Db\Driver\Mysql.class.php 第 52 行.
SQL: SHOW COLUMNS FROM `hospital_info` [ RunTime:0.002600s ]
SQL: SELECT a.hos_id,c.dep_name FROM hospital_info a LEFT JOIN hos_dep b on a.hos_id=b.hos_id LEFT JOIN department_info c on b.dep_id=c.dep_id WHERE ( a.hos_name LIKE '%东华%' ) AND ( b.hot = 1 )  [ RunTime:0.000451s ]
SQL: SELECT * FROM `hospital_info` WHERE ( `hos_name` LIKE '%东华%' )  [ RunTime:0.000298s ]
INFO: [ app_end ] --START--
INFO: Run Behavior\ShowPageTrace [ RunTime:0.000029s ]
INFO: [ app_end ] --END-- [ RunTime:0.000067s ]

[ 2017-05-01T12:26:32+08:00 ] 10.77.118.187 /health/management/application/index.php/Connector/Search/searchdoc
INFO: [ app_init ] --START--
INFO: [ app_init ] --END-- [ RunTime:0.000372s ]
INFO: [ path_info ] --START--
INFO: [ path_info ] --END-- [ RunTime:0.000040s ]
INFO: [ app_begin ] --START--
INFO: Run Behavior\ReadHtmlCache [ RunTime:0.000058s ]
INFO: [ app_begin ] --END-- [ RunTime:0.000126s ]
INFO: [ action_begin ] --START--
INFO: [ action_begin ] --END-- [ RunTime:0.000029s ]
NOTIC: [8192] mysql_connect(): The mysql extension is deprecated and will be removed in the future: use mysqli or PDO instead D:\xampp\htdocs\health\management\ThinkPHP\Library\Think\Db\Driver\Mysql.class.php 第 52 行.
SQL: SHOW COLUMNS FROM `doctor_info` [ RunTime:0.002385s ]
SQL: SELECT a.*,b.hos_name,c.dep_name FROM doctor_info a LEFT JOIN hospital_info b on a.hos_id=b.hos_id LEFT JOIN department_info c on a.depa_id=c.dep_id WHERE ( a.doc_name LIKE '%东华%' )  [ RunTime:0.000509s ]
INFO: [ app_end ] --START--
INFO: Run Behavior\ShowPageTrace [ RunTime:0.000026s ]
INFO: [ app_end ] --END-- [ RunTime:0.000061s ]

[ 2017-05-01T12:26:32+08:00 ] 10.77.118.187 /health/management/application/index.php/Connector/Search/searchdep
INFO: [ app_init ] --START--
INFO: [ app_init ] --END-- [ RunTime:0.000368s ]
INFO: [ path_info ] --START--
INFO: [ path_info ] --END-- [ RunTime:0.000036s ]
INFO: [ app_begin ] --START--
INFO: Run Behavior\ReadHtmlCache [ RunTime:0.000054s ]
INFO: [ app_begin ] --END-- [ RunTime:0.000125s ]
INFO: [ action_begin ] --START--
INFO: [ action_begin ] --END-- [ RunTime:0.000030s ]
NOTIC: [8192] mysql_connect(): The mysql extension is deprecated and will be removed in the future: use mysqli or PDO instead D:\xampp\htdocs\health\management\ThinkPHP\Library\Think\Db\Driver\Mysql.class.php 第 52 行.
SQL: SHOW COLUMNS FROM `department_info` [ RunTime:0.001135s ]
SQL: SELECT a.*,b.*,c.* FROM department_info a LEFT JOIN doctor_info c on a.dep_id=c.depa_id LEFT JOIN hospital_info b on b.hos_id=c.hos_id WHERE ( a.dep_name LIKE '%东华%' )  [ RunTime:0.000559s ]
INFO: [ app_end ] --START--
INFO: Run Behavior\ShowPageTrace [ RunTime:0.000040s ]
INFO: [ app_end ] --END-- [ RunTime:0.000119s ]

[ 2017-05-01T12:26:32+08:00 ] 10.77.118.187 /health/management/application/index.php/Connector/Search/search_illness
INFO: [ app_init ] --START--
INFO: [ app_init ] --END-- [ RunTime:0.000427s ]
INFO: [ path_info ] --START--
INFO: [ path_info ] --END-- [ RunTime:0.000024s ]
INFO: [ app_begin ] --START--
INFO: Run Behavior\ReadHtmlCache [ RunTime:0.000034s ]
INFO: [ app_begin ] --END-- [ RunTime:0.000074s ]
INFO: [ action_begin ] --START--
INFO: [ action_begin ] --END-- [ RunTime:0.000036s ]
NOTIC: [8192] mysql_connect(): The mysql extension is deprecated and will be removed in the future: use mysqli or PDO instead D:\xampp\htdocs\health\management\ThinkPHP\Library\Think\Db\Driver\Mysql.class.php 第 52 行.
SQL: SHOW COLUMNS FROM `department_info` [ RunTime:0.001244s ]
SQL: SELECT a.*,b.*,c.* FROM department_info a LEFT JOIN doctor_info c on a.dep_id=c.depa_id LEFT JOIN hospital_info b on b.hos_id=c.hos_id WHERE ( c.doc_especial LIKE '%东华%' )  [ RunTime:0.000501s ]
INFO: [ app_end ] --START--
INFO: Run Behavior\ShowPageTrace [ RunTime:0.000025s ]
INFO: [ app_end ] --END-- [ RunTime:0.000055s ]

[ 2017-05-01T12:26:36+08:00 ] 10.77.118.187 /health/management/Application/index.php/Connector/Hos/getHosImg?hos_id=55
INFO: [ app_init ] --START--
INFO: [ app_init ] --END-- [ RunTime:0.000250s ]
INFO: [ path_info ] --START--
INFO: [ path_info ] --END-- [ RunTime:0.000022s ]
INFO: [ app_begin ] --START--
INFO: Run Behavior\ReadHtmlCache [ RunTime:0.000033s ]
INFO: [ app_begin ] --END-- [ RunTime:0.000070s ]
INFO: [ action_begin ] --START--
INFO: [ action_begin ] --END-- [ RunTime:0.000023s ]
NOTIC: [8192] mysql_connect(): The mysql extension is deprecated and will be removed in the future: use mysqli or PDO instead D:\xampp\htdocs\health\management\ThinkPHP\Library\Think\Db\Driver\Mysql.class.php 第 52 行.
SQL: SHOW COLUMNS FROM `hos_img` [ RunTime:0.001145s ]
SQL: SELECT * FROM `hos_img` WHERE ( `hos_id` = '55' )  [ RunTime:0.000301s ]
INFO: [ app_end ] --START--
INFO: Run Behavior\ShowPageTrace [ RunTime:0.000024s ]
INFO: [ app_end ] --END-- [ RunTime:0.000056s ]

[ 2017-05-01T12:26:36+08:00 ] 10.77.118.187 /health/management/Application/index.php/Connector/hos/getHosDetail?hos_id=55
INFO: [ app_init ] --START--
INFO: [ app_init ] --END-- [ RunTime:0.000260s ]
INFO: [ path_info ] --START--
INFO: [ path_info ] --END-- [ RunTime:0.000021s ]
INFO: [ app_begin ] --START--
INFO: Run Behavior\ReadHtmlCache [ RunTime:0.000033s ]
INFO: [ app_begin ] --END-- [ RunTime:0.000068s ]
INFO: [ action_begin ] --START--
INFO: [ action_begin ] --END-- [ RunTime:0.000035s ]
NOTIC: [2048] Declaration of Admin\Model\HospitalInfoModel::_after_insert() should be compatible with Think\Model::_after_insert($data, $options) D:\xampp\htdocs\health\management\Application\Admin\Model\HospitalInfoModel.class.php 第 7 行.
NOTIC: [8192] mysql_connect(): The mysql extension is deprecated and will be removed in the future: use mysqli or PDO instead D:\xampp\htdocs\health\management\ThinkPHP\Library\Think\Db\Driver\Mysql.class.php 第 52 行.
SQL: SHOW COLUMNS FROM `hospital_info` [ RunTime:0.001252s ]
SQL: SELECT * FROM `hospital_info` WHERE ( `hos_id` = 55 ) LIMIT 1   [ RunTime:0.000300s ]
INFO: [ app_end ] --START--
INFO: Run Behavior\ShowPageTrace [ RunTime:0.000026s ]
INFO: [ app_end ] --END-- [ RunTime:0.000059s ]

[ 2017-05-01T12:26:39+08:00 ] 10.77.118.187 /health/management/application/index.php/Connector/Search/search_illness
INFO: [ app_init ] --START--
INFO: [ app_init ] --END-- [ RunTime:0.000268s ]
INFO: [ path_info ] --START--
INFO: [ path_info ] --END-- [ RunTime:0.000021s ]
INFO: [ app_begin ] --START--
INFO: Run Behavior\ReadHtmlCache [ RunTime:0.000032s ]
INFO: [ app_begin ] --END-- [ RunTime:0.000069s ]
INFO: [ action_begin ] --START--
INFO: [ action_begin ] --END-- [ RunTime:0.000024s ]
NOTIC: [8192] mysql_connect(): The mysql extension is deprecated and will be removed in the future: use mysqli or PDO instead D:\xampp\htdocs\health\management\ThinkPHP\Library\Think\Db\Driver\Mysql.class.php 第 52 行.
SQL: SHOW COLUMNS FROM `department_info` [ RunTime:0.001162s ]
SQL: SELECT a.*,b.*,c.* FROM department_info a LEFT JOIN doctor_info c on a.dep_id=c.depa_id LEFT JOIN hospital_info b on b.hos_id=c.hos_id WHERE ( c.doc_especial LIKE '%东华%' )  [ RunTime:0.000472s ]
INFO: [ app_end ] --START--
INFO: Run Behavior\ShowPageTrace [ RunTime:0.000025s ]
INFO: [ app_end ] --END-- [ RunTime:0.000056s ]

[ 2017-05-01T12:33:38+08:00 ] 10.77.117.237 /health/management/Application/index.php/Admin/index/index
INFO: [ app_init ] --START--
INFO: [ app_init ] --END-- [ RunTime:0.000374s ]
INFO: [ path_info ] --START--
INFO: [ path_info ] --END-- [ RunTime:0.000035s ]
INFO: [ app_begin ] --START--
INFO: Run Behavior\ReadHtmlCache [ RunTime:0.000063s ]
INFO: [ app_begin ] --END-- [ RunTime:0.000138s ]
INFO: [ action_begin ] --START--
INFO: [ action_begin ] --END-- [ RunTime:0.000058s ]
INFO: [ view_begin ] --START--
INFO: [ view_begin ] --END-- [ RunTime:0.000025s ]
INFO: [ view_parse ] --START--
INFO: [ template_filter ] --START--
INFO: Run Behavior\ContentReplace [ RunTime:0.000102s ]
INFO: [ template_filter ] --END-- [ RunTime:0.000198s ]
INFO: Run Behavior\ParseTemplate [ RunTime:0.199900s ]
INFO: [ view_parse ] --END-- [ RunTime:0.199984s ]
INFO: [ view_filter ] --START--
INFO: Run Behavior\WriteHtmlCache [ RunTime:0.000012s ]
INFO: [ view_filter ] --END-- [ RunTime:0.000043s ]
INFO: [ view_end ] --START--
INFO: [ view_end ] --END-- [ RunTime:0.000012s ]
INFO: [ app_end ] --START--
INFO: Run Behavior\ShowPageTrace [ RunTime:0.000087s ]
INFO: [ app_end ] --END-- [ RunTime:0.000119s ]

[ 2017-05-01T12:33:38+08:00 ] 10.77.117.237 /health/management/Application/index.php/Admin/index/main.html
INFO: [ app_init ] --START--
INFO: [ app_init ] --END-- [ RunTime:0.000294s ]
INFO: [ path_info ] --START--
INFO: [ path_info ] --END-- [ RunTime:0.000054s ]
INFO: [ app_begin ] --START--
INFO: Run Behavior\ReadHtmlCache [ RunTime:0.000057s ]
INFO: [ app_begin ] --END-- [ RunTime:0.000136s ]
INFO: [ action_begin ] --START--
INFO: [ action_begin ] --END-- [ RunTime:0.000023s ]
INFO: [ view_begin ] --START--
INFO: [ view_begin ] --END-- [ RunTime:0.000016s ]
INFO: [ view_parse ] --START--
INFO: [ template_filter ] --START--
INFO: Run Behavior\ContentReplace [ RunTime:0.000045s ]
INFO: [ template_filter ] --END-- [ RunTime:0.000104s ]
INFO: Run Behavior\ParseTemplate [ RunTime:0.019427s ]
INFO: [ view_parse ] --END-- [ RunTime:0.019484s ]
INFO: [ view_filter ] --START--
INFO: Run Behavior\WriteHtmlCache [ RunTime:0.000011s ]
INFO: [ view_filter ] --END-- [ RunTime:0.000044s ]
INFO: [ view_end ] --START--
INFO: [ view_end ] --END-- [ RunTime:0.000013s ]
INFO: [ app_end ] --START--
INFO: Run Behavior\ShowPageTrace [ RunTime:0.000032s ]
INFO: [ app_end ] --END-- [ RunTime:0.000060s ]

[ 2017-05-01T12:34:30+08:00 ] 10.77.117.237 /health/management/Application/index.php/Admin/index/index
INFO: [ app_init ] --START--
INFO: [ app_init ] --END-- [ RunTime:0.000877s ]
INFO: [ path_info ] --START--
INFO: [ path_info ] --END-- [ RunTime:0.000031s ]
INFO: [ app_begin ] --START--
INFO: Run Behavior\ReadHtmlCache [ RunTime:0.000061s ]
INFO: [ app_begin ] --END-- [ RunTime:0.000161s ]
INFO: [ action_begin ] --START--
INFO: [ action_begin ] --END-- [ RunTime:0.000053s ]
INFO: [ view_begin ] --START--
INFO: [ view_begin ] --END-- [ RunTime:0.000029s ]
INFO: [ view_parse ] --START--
INFO: [ template_filter ] --START--
INFO: Run Behavior\ContentReplace [ RunTime:0.000056s ]
INFO: [ template_filter ] --END-- [ RunTime:0.000107s ]
INFO: Run Behavior\ParseTemplate [ RunTime:0.006492s ]
INFO: [ view_parse ] --END-- [ RunTime:0.006563s ]
INFO: [ view_filter ] --START--
INFO: Run Behavior\WriteHtmlCache [ RunTime:0.000010s ]
INFO: [ view_filter ] --END-- [ RunTime:0.000039s ]
INFO: [ view_end ] --START--
INFO: [ view_end ] --END-- [ RunTime:0.000012s ]
INFO: [ app_end ] --START--
INFO: Run Behavior\ShowPageTrace [ RunTime:0.000028s ]
INFO: [ app_end ] --END-- [ RunTime:0.000054s ]

[ 2017-05-01T12:34:30+08:00 ] 10.77.117.237 /health/management/Application/index.php/Admin/index/main.html
INFO: [ app_init ] --START--
INFO: [ app_init ] --END-- [ RunTime:0.000420s ]
INFO: [ path_info ] --START--
INFO: [ path_info ] --END-- [ RunTime:0.000035s ]
INFO: [ app_begin ] --START--
INFO: Run Behavior\ReadHtmlCache [ RunTime:0.000057s ]
INFO: [ app_begin ] --END-- [ RunTime:0.000126s ]
INFO: [ action_begin ] --START--
INFO: [ action_begin ] --END-- [ RunTime:0.000058s ]
INFO: [ view_begin ] --START--
INFO: [ view_begin ] --END-- [ RunTime:0.000047s ]
INFO: [ view_parse ] --START--
INFO: [ template_filter ] --START--
INFO: Run Behavior\ContentReplace [ RunTime:0.000124s ]
INFO: [ template_filter ] --END-- [ RunTime:0.000316s ]
INFO: Run Behavior\ParseTemplate [ RunTime:0.007406s ]
INFO: [ view_parse ] --END-- [ RunTime:0.007509s ]
INFO: [ view_filter ] --START--
INFO: Run Behavior\WriteHtmlCache [ RunTime:0.000020s ]
INFO: [ view_filter ] --END-- [ RunTime:0.000075s ]
INFO: [ view_end ] --START--
INFO: [ view_end ] --END-- [ RunTime:0.000022s ]
INFO: [ app_end ] --START--
INFO: Run Behavior\ShowPageTrace [ RunTime:0.000047s ]
INFO: [ app_end ] --END-- [ RunTime:0.000100s ]

[ 2017-05-01T13:17:27+08:00 ] 10.77.117.237 /health/management/Application/index.php/Admin/index/index
INFO: [ app_init ] --START--
INFO: [ app_init ] --END-- [ RunTime:0.000331s ]
INFO: [ path_info ] --START--
INFO: [ path_info ] --END-- [ RunTime:0.000029s ]
INFO: [ app_begin ] --START--
INFO: Run Behavior\ReadHtmlCache [ RunTime:0.000032s ]
INFO: [ app_begin ] --END-- [ RunTime:0.000082s ]
INFO: [ action_begin ] --START--
INFO: [ action_begin ] --END-- [ RunTime:0.000024s ]
INFO: [ view_begin ] --START--
INFO: [ view_begin ] --END-- [ RunTime:0.000016s ]
INFO: [ view_parse ] --START--
INFO: [ template_filter ] --START--
INFO: Run Behavior\ContentReplace [ RunTime:0.000081s ]
INFO: [ template_filter ] --END-- [ RunTime:0.000177s ]
INFO: Run Behavior\ParseTemplate [ RunTime:0.074252s ]
INFO: [ view_parse ] --END-- [ RunTime:0.074337s ]
INFO: [ view_filter ] --START--
INFO: Run Behavior\WriteHtmlCache [ RunTime:0.000021s ]
INFO: [ view_filter ] --END-- [ RunTime:0.000083s ]
INFO: [ view_end ] --START--
INFO: [ view_end ] --END-- [ RunTime:0.000034s ]

[ 2017-05-01T13:17:30+08:00 ] 10.77.117.237 /health/management/Application/index.php/Admin/Login/login.html
INFO: [ app_init ] --START--
INFO: [ app_init ] --END-- [ RunTime:0.000482s ]
INFO: [ path_info ] --START--
INFO: [ path_info ] --END-- [ RunTime:0.000039s ]
INFO: [ app_begin ] --START--
INFO: Run Behavior\ReadHtmlCache [ RunTime:0.000106s ]
INFO: [ app_begin ] --END-- [ RunTime:0.000308s ]
INFO: [ action_begin ] --START--
INFO: [ action_begin ] --END-- [ RunTime:0.000030s ]
INFO: [ view_begin ] --START--
INFO: [ view_begin ] --END-- [ RunTime:0.000025s ]
INFO: [ view_parse ] --START--
INFO: [ template_filter ] --START--
INFO: Run Behavior\ContentReplace [ RunTime:0.000046s ]
INFO: [ template_filter ] --END-- [ RunTime:0.000097s ]
INFO: Run Behavior\ParseTemplate [ RunTime:0.005880s ]
INFO: [ view_parse ] --END-- [ RunTime:0.005950s ]
INFO: [ view_filter ] --START--
INFO: Run Behavior\WriteHtmlCache [ RunTime:0.000010s ]
INFO: [ view_filter ] --END-- [ RunTime:0.000038s ]
INFO: [ view_end ] --START--
INFO: [ view_end ] --END-- [ RunTime:0.000011s ]
INFO: [ app_end ] --START--
INFO: Run Behavior\ShowPageTrace [ RunTime:0.000028s ]
INFO: [ app_end ] --END-- [ RunTime:0.000054s ]

[ 2017-05-01T13:18:49+08:00 ] 10.77.117.237 /health/management/Application/index.php/Admin/Login/login.html
INFO: [ app_init ] --START--
INFO: [ app_init ] --END-- [ RunTime:0.000350s ]
INFO: [ path_info ] --START--
INFO: [ path_info ] --END-- [ RunTime:0.000024s ]
INFO: [ app_begin ] --START--
INFO: Run Behavior\ReadHtmlCache [ RunTime:0.000035s ]
INFO: [ app_begin ] --END-- [ RunTime:0.000080s ]
INFO: [ action_begin ] --START--
INFO: [ action_begin ] --END-- [ RunTime:0.000048s ]
NOTIC: [8192] mysql_connect(): The mysql extension is deprecated and will be removed in the future: use mysqli or PDO instead D:\xampp\htdocs\health\management\ThinkPHP\Library\Think\Db\Driver\Mysql.class.php 第 52 行.
SQL: SHOW COLUMNS FROM `manager` [ RunTime:0.002167s ]
SQL: SELECT * FROM `manager` WHERE ( `mg_admin` = 'admin' ) LIMIT 1   [ RunTime:0.000379s ]
INFO: [ view_begin ] --START--
INFO: [ view_begin ] --END-- [ RunTime:0.000035s ]
INFO: [ view_parse ] --START--
INFO: [ template_filter ] --START--
INFO: Run Behavior\ContentReplace [ RunTime:0.000075s ]
INFO: [ template_filter ] --END-- [ RunTime:0.000187s ]
INFO: Run Behavior\ParseTemplate [ RunTime:0.008981s ]
INFO: [ view_parse ] --END-- [ RunTime:0.009089s ]
INFO: [ view_filter ] --START--
INFO: Run Behavior\WriteHtmlCache [ RunTime:0.000024s ]
INFO: [ view_filter ] --END-- [ RunTime:0.000088s ]
INFO: [ view_end ] --START--
INFO: [ view_end ] --END-- [ RunTime:0.000024s ]

[ 2017-05-01T13:18:52+08:00 ] 10.77.117.237 /health/management/Application/index.php/Admin/Login/login.html
INFO: [ app_init ] --START--
INFO: [ app_init ] --END-- [ RunTime:0.000335s ]
INFO: [ path_info ] --START--
INFO: [ path_info ] --END-- [ RunTime:0.000025s ]
INFO: [ app_begin ] --START--
INFO: Run Behavior\ReadHtmlCache [ RunTime:0.000044s ]
INFO: [ app_begin ] --END-- [ RunTime:0.000099s ]
INFO: [ action_begin ] --START--
INFO: [ action_begin ] --END-- [ RunTime:0.000032s ]
INFO: [ view_begin ] --START--
INFO: [ view_begin ] --END-- [ RunTime:0.000016s ]
INFO: [ view_parse ] --START--
INFO: [ template_filter ] --START--
INFO: Run Behavior\ContentReplace [ RunTime:0.000054s ]
INFO: [ template_filter ] --END-- [ RunTime:0.000112s ]
INFO: Run Behavior\ParseTemplate [ RunTime:0.006039s ]
INFO: [ view_parse ] --END-- [ RunTime:0.006096s ]
INFO: [ view_filter ] --START--
INFO: Run Behavior\WriteHtmlCache [ RunTime:0.000012s ]
INFO: [ view_filter ] --END-- [ RunTime:0.000045s ]
INFO: [ view_end ] --START--
INFO: [ view_end ] --END-- [ RunTime:0.000013s ]
INFO: [ app_end ] --START--
INFO: Run Behavior\ShowPageTrace [ RunTime:0.000032s ]
INFO: [ app_end ] --END-- [ RunTime:0.000063s ]

[ 2017-05-01T13:18:56+08:00 ] 10.77.117.237 /health/management/Application/index.php/Admin/Login/login.html
INFO: [ app_init ] --START--
INFO: [ app_init ] --END-- [ RunTime:0.000262s ]
INFO: [ path_info ] --START--
INFO: [ path_info ] --END-- [ RunTime:0.000020s ]
INFO: [ app_begin ] --START--
INFO: Run Behavior\ReadHtmlCache [ RunTime:0.000030s ]
INFO: [ app_begin ] --END-- [ RunTime:0.000069s ]
INFO: [ action_begin ] --START--
INFO: [ action_begin ] --END-- [ RunTime:0.000022s ]
NOTIC: [8192] mysql_connect(): The mysql extension is deprecated and will be removed in the future: use mysqli or PDO instead D:\xampp\htdocs\health\management\ThinkPHP\Library\Think\Db\Driver\Mysql.class.php 第 52 行.
SQL: SHOW COLUMNS FROM `manager` [ RunTime:0.001156s ]
SQL: SELECT * FROM `manager` WHERE ( `mg_admin` = 'admin' ) LIMIT 1   [ RunTime:0.000412s ]
INFO: [ view_begin ] --START--
INFO: [ view_begin ] --END-- [ RunTime:0.000020s ]
INFO: [ view_parse ] --START--
INFO: [ template_filter ] --START--
INFO: Run Behavior\ContentReplace [ RunTime:0.000041s ]
INFO: [ template_filter ] --END-- [ RunTime:0.000100s ]
INFO: Run Behavior\ParseTemplate [ RunTime:0.006403s ]
INFO: [ view_parse ] --END-- [ RunTime:0.006463s ]
INFO: [ view_filter ] --START--
INFO: Run Behavior\WriteHtmlCache [ RunTime:0.000010s ]
INFO: [ view_filter ] --END-- [ RunTime:0.000036s ]
INFO: [ view_end ] --START--
INFO: [ view_end ] --END-- [ RunTime:0.000012s ]

[ 2017-05-01T13:18:59+08:00 ] 10.77.117.237 /health/management/Application/index.php/Admin/Login/login.html
INFO: [ app_init ] --START--
INFO: [ app_init ] --END-- [ RunTime:0.000355s ]
INFO: [ path_info ] --START--
INFO: [ path_info ] --END-- [ RunTime:0.000020s ]
INFO: [ app_begin ] --START--
INFO: Run Behavior\ReadHtmlCache [ RunTime:0.000031s ]
INFO: [ app_begin ] --END-- [ RunTime:0.000070s ]
INFO: [ action_begin ] --START--
INFO: [ action_begin ] --END-- [ RunTime:0.000022s ]
INFO: [ view_begin ] --START--
INFO: [ view_begin ] --END-- [ RunTime:0.000015s ]
INFO: [ view_parse ] --START--
INFO: [ template_filter ] --START--
INFO: Run Behavior\ContentReplace [ RunTime:0.000044s ]
INFO: [ template_filter ] --END-- [ RunTime:0.000088s ]
INFO: Run Behavior\ParseTemplate [ RunTime:0.005109s ]
INFO: [ view_parse ] --END-- [ RunTime:0.005176s ]
INFO: [ view_filter ] --START--
INFO: Run Behavior\WriteHtmlCache [ RunTime:0.000011s ]
INFO: [ view_filter ] --END-- [ RunTime:0.000044s ]
INFO: [ view_end ] --START--
INFO: [ view_end ] --END-- [ RunTime:0.000012s ]
INFO: [ app_end ] --START--
INFO: Run Behavior\ShowPageTrace [ RunTime:0.000032s ]
INFO: [ app_end ] --END-- [ RunTime:0.000062s ]

[ 2017-05-01T13:19:05+08:00 ] 10.77.117.237 /health/management/Application/index.php/Admin/Login/login.html
INFO: [ app_init ] --START--
INFO: [ app_init ] --END-- [ RunTime:0.000282s ]
INFO: [ path_info ] --START--
INFO: [ path_info ] --END-- [ RunTime:0.000019s ]
INFO: [ app_begin ] --START--
INFO: Run Behavior\ReadHtmlCache [ RunTime:0.000029s ]
INFO: [ app_begin ] --END-- [ RunTime:0.000067s ]
INFO: [ action_begin ] --START--
INFO: [ action_begin ] --END-- [ RunTime:0.000037s ]
NOTIC: [8192] mysql_connect(): The mysql extension is deprecated and will be removed in the future: use mysqli or PDO instead D:\xampp\htdocs\health\management\ThinkPHP\Library\Think\Db\Driver\Mysql.class.php 第 52 行.
SQL: SHOW COLUMNS FROM `manager` [ RunTime:0.001200s ]
SQL: SELECT * FROM `manager` WHERE ( `mg_admin` = 'admin' ) LIMIT 1   [ RunTime:0.000258s ]
INFO: [ view_begin ] --START--
INFO: [ view_begin ] --END-- [ RunTime:0.000018s ]
INFO: [ view_parse ] --START--
INFO: [ template_filter ] --START--
INFO: Run Behavior\ContentReplace [ RunTime:0.000042s ]
INFO: [ template_filter ] --END-- [ RunTime:0.000112s ]
INFO: Run Behavior\ParseTemplate [ RunTime:0.006834s ]
INFO: [ view_parse ] --END-- [ RunTime:0.006891s ]
INFO: [ view_filter ] --START--
INFO: Run Behavior\WriteHtmlCache [ RunTime:0.000015s ]
INFO: [ view_filter ] --END-- [ RunTime:0.000045s ]
INFO: [ view_end ] --START--
INFO: [ view_end ] --END-- [ RunTime:0.000013s ]

[ 2017-05-01T13:19:07+08:00 ] 10.77.117.237 /health/management/Application/index.php/Admin/Index/index.html
INFO: [ app_init ] --START--
INFO: [ app_init ] --END-- [ RunTime:0.000284s ]
INFO: [ path_info ] --START--
INFO: [ path_info ] --END-- [ RunTime:0.000019s ]
INFO: [ app_begin ] --START--
INFO: Run Behavior\ReadHtmlCache [ RunTime:0.000030s ]
INFO: [ app_begin ] --END-- [ RunTime:0.000067s ]
INFO: [ action_begin ] --START--
INFO: [ action_begin ] --END-- [ RunTime:0.000033s ]
INFO: [ view_begin ] --START--
INFO: [ view_begin ] --END-- [ RunTime:0.000017s ]
INFO: [ view_parse ] --START--
INFO: [ template_filter ] --START--
INFO: Run Behavior\ContentReplace [ RunTime:0.000069s ]
INFO: [ template_filter ] --END-- [ RunTime:0.000115s ]
INFO: Run Behavior\ParseTemplate [ RunTime:0.006269s ]
INFO: [ view_parse ] --END-- [ RunTime:0.006340s ]
INFO: [ view_filter ] --START--
INFO: Run Behavior\WriteHtmlCache [ RunTime:0.000010s ]
INFO: [ view_filter ] --END-- [ RunTime:0.000038s ]
INFO: [ view_end ] --START--
INFO: [ view_end ] --END-- [ RunTime:0.000012s ]
INFO: [ app_end ] --START--
INFO: Run Behavior\ShowPageTrace [ RunTime:0.000047s ]
INFO: [ app_end ] --END-- [ RunTime:0.000075s ]

[ 2017-05-01T13:19:07+08:00 ] 10.77.117.237 /health/management/Application/index.php/Admin/Index/main.html
INFO: [ app_init ] --START--
INFO: [ app_init ] --END-- [ RunTime:0.000493s ]
INFO: [ path_info ] --START--
INFO: [ path_info ] --END-- [ RunTime:0.000025s ]
INFO: [ app_begin ] --START--
INFO: Run Behavior\ReadHtmlCache [ RunTime:0.000036s ]
INFO: [ app_begin ] --END-- [ RunTime:0.000080s ]
INFO: [ action_begin ] --START--
INFO: [ action_begin ] --END-- [ RunTime:0.000026s ]
INFO: [ view_begin ] --START--
INFO: [ view_begin ] --END-- [ RunTime:0.000017s ]
INFO: [ view_parse ] --START--
INFO: [ template_filter ] --START--
INFO: Run Behavior\ContentReplace [ RunTime:0.000063s ]
INFO: [ template_filter ] --END-- [ RunTime:0.000155s ]
INFO: Run Behavior\ParseTemplate [ RunTime:0.006864s ]
INFO: [ view_parse ] --END-- [ RunTime:0.006920s ]
INFO: [ view_filter ] --START--
INFO: Run Behavior\WriteHtmlCache [ RunTime:0.000012s ]
INFO: [ view_filter ] --END-- [ RunTime:0.000045s ]
INFO: [ view_end ] --START--
INFO: [ view_end ] --END-- [ RunTime:0.000014s ]
INFO: [ app_end ] --START--
INFO: Run Behavior\ShowPageTrace [ RunTime:0.000033s ]
INFO: [ app_end ] --END-- [ RunTime:0.000063s ]

[ 2017-05-01T13:19:13+08:00 ] 10.77.117.237 /health/management/Application/index.php/Admin/index/index
INFO: [ app_init ] --START--
INFO: [ app_init ] --END-- [ RunTime:0.001308s ]
INFO: [ path_info ] --START--
INFO: [ path_info ] --END-- [ RunTime:0.000025s ]
INFO: [ app_begin ] --START--
INFO: Run Behavior\ReadHtmlCache [ RunTime:0.000048s ]
INFO: [ app_begin ] --END-- [ RunTime:0.000112s ]
INFO: [ action_begin ] --START--
INFO: [ action_begin ] --END-- [ RunTime:0.000035s ]
INFO: [ view_begin ] --START--
INFO: [ view_begin ] --END-- [ RunTime:0.000015s ]
INFO: [ view_parse ] --START--
INFO: [ template_filter ] --START--
INFO: Run Behavior\ContentReplace [ RunTime:0.000054s ]
INFO: [ template_filter ] --END-- [ RunTime:0.000099s ]
INFO: Run Behavior\ParseTemplate [ RunTime:0.005762s ]
INFO: [ view_parse ] --END-- [ RunTime:0.005808s ]
INFO: [ view_filter ] --START--
INFO: Run Behavior\WriteHtmlCache [ RunTime:0.000010s ]
INFO: [ view_filter ] --END-- [ RunTime:0.000038s ]
INFO: [ view_end ] --START--
INFO: [ view_end ] --END-- [ RunTime:0.000011s ]
INFO: [ app_end ] --START--
INFO: Run Behavior\ShowPageTrace [ RunTime:0.000027s ]
INFO: [ app_end ] --END-- [ RunTime:0.000053s ]

[ 2017-05-01T13:19:13+08:00 ] 10.77.117.237 /health/management/Application/index.php/Admin/index/main.html
INFO: [ app_init ] --START--
INFO: [ app_init ] --END-- [ RunTime:0.000436s ]
INFO: [ path_info ] --START--
INFO: [ path_info ] --END-- [ RunTime:0.000038s ]
INFO: [ app_begin ] --START--
INFO: Run Behavior\ReadHtmlCache [ RunTime:0.000055s ]
INFO: [ app_begin ] --END-- [ RunTime:0.000126s ]
INFO: [ action_begin ] --START--
INFO: [ action_begin ] --END-- [ RunTime:0.000036s ]
INFO: [ view_begin ] --START--
INFO: [ view_begin ] --END-- [ RunTime:0.000028s ]
INFO: [ view_parse ] --START--
INFO: [ template_filter ] --START--
INFO: Run Behavior\ContentReplace [ RunTime:0.000049s ]
INFO: [ template_filter ] --END-- [ RunTime:0.000114s ]
INFO: Run Behavior\ParseTemplate [ RunTime:0.008768s ]
INFO: [ view_parse ] --END-- [ RunTime:0.008876s ]
INFO: [ view_filter ] --START--
INFO: Run Behavior\WriteHtmlCache [ RunTime:0.000022s ]
INFO: [ view_filter ] --END-- [ RunTime:0.000082s ]
INFO: [ view_end ] --START--
INFO: [ view_end ] --END-- [ RunTime:0.000023s ]
INFO: [ app_end ] --START--
INFO: Run Behavior\ShowPageTrace [ RunTime:0.000051s ]
INFO: [ app_end ] --END-- [ RunTime:0.000102s ]

[ 2017-05-01T13:19:14+08:00 ] 10.77.117.237 /health/management/Application/index.php/Admin/index/index
INFO: [ app_init ] --START--
INFO: [ app_init ] --END-- [ RunTime:0.000299s ]
INFO: [ path_info ] --START--
INFO: [ path_info ] --END-- [ RunTime:0.000022s ]
INFO: [ app_begin ] --START--
INFO: Run Behavior\ReadHtmlCache [ RunTime:0.000036s ]
INFO: [ app_begin ] --END-- [ RunTime:0.000079s ]
INFO: [ action_begin ] --START--
INFO: [ action_begin ] --END-- [ RunTime:0.000059s ]
INFO: [ view_begin ] --START--
INFO: [ view_begin ] --END-- [ RunTime:0.000029s ]
INFO: [ view_parse ] --START--
INFO: [ template_filter ] --START--
INFO: Run Behavior\ContentReplace [ RunTime:0.000056s ]
INFO: [ template_filter ] --END-- [ RunTime:0.000114s ]
INFO: Run Behavior\ParseTemplate [ RunTime:0.008061s ]
INFO: [ view_parse ] --END-- [ RunTime:0.008124s ]
INFO: [ view_filter ] --START--
INFO: Run Behavior\WriteHtmlCache [ RunTime:0.000011s ]
INFO: [ view_filter ] --END-- [ RunTime:0.000041s ]
INFO: [ view_end ] --START--
INFO: [ view_end ] --END-- [ RunTime:0.000012s ]
INFO: [ app_end ] --START--
INFO: Run Behavior\ShowPageTrace [ RunTime:0.000028s ]
INFO: [ app_end ] --END-- [ RunTime:0.000067s ]

[ 2017-05-01T13:19:14+08:00 ] 10.77.117.237 /health/management/Application/index.php/Admin/index/main.html
INFO: [ app_init ] --START--
INFO: [ app_init ] --END-- [ RunTime:0.000312s ]
INFO: [ path_info ] --START--
INFO: [ path_info ] --END-- [ RunTime:0.000025s ]
INFO: [ app_begin ] --START--
INFO: Run Behavior\ReadHtmlCache [ RunTime:0.000041s ]
INFO: [ app_begin ] --END-- [ RunTime:0.000085s ]
INFO: [ action_begin ] --START--
INFO: [ action_begin ] --END-- [ RunTime:0.000027s ]
INFO: [ view_begin ] --START--
INFO: [ view_begin ] --END-- [ RunTime:0.000017s ]
INFO: [ view_parse ] --START--
INFO: [ template_filter ] --START--
INFO: Run Behavior\ContentReplace [ RunTime:0.000065s ]
INFO: [ template_filter ] --END-- [ RunTime:0.000148s ]
INFO: Run Behavior\ParseTemplate [ RunTime:0.006161s ]
INFO: [ view_parse ] --END-- [ RunTime:0.006217s ]
INFO: [ view_filter ] --START--
INFO: Run Behavior\WriteHtmlCache [ RunTime:0.000012s ]
INFO: [ view_filter ] --END-- [ RunTime:0.000043s ]
INFO: [ view_end ] --START--
INFO: [ view_end ] --END-- [ RunTime:0.000013s ]
INFO: [ app_end ] --START--
INFO: Run Behavior\ShowPageTrace [ RunTime:0.000037s ]
INFO: [ app_end ] --END-- [ RunTime:0.000077s ]

[ 2017-05-01T13:19:15+08:00 ] 10.77.117.237 /health/management/Application/index.php/Admin/index/index
INFO: [ app_init ] --START--
INFO: [ app_init ] --END-- [ RunTime:0.000327s ]
INFO: [ path_info ] --START--
INFO: [ path_info ] --END-- [ RunTime:0.000020s ]
INFO: [ app_begin ] --START--
INFO: Run Behavior\ReadHtmlCache [ RunTime:0.000030s ]
INFO: [ app_begin ] --END-- [ RunTime:0.000068s ]
INFO: [ action_begin ] --START--
INFO: [ action_begin ] --END-- [ RunTime:0.000054s ]
INFO: [ view_begin ] --START--
INFO: [ view_begin ] --END-- [ RunTime:0.000027s ]
INFO: [ view_parse ] --START--
INFO: [ template_filter ] --START--
INFO: Run Behavior\ContentReplace [ RunTime:0.000069s ]
INFO: [ template_filter ] --END-- [ RunTime:0.000130s ]
INFO: Run Behavior\ParseTemplate [ RunTime:0.006239s ]
INFO: [ view_parse ] --END-- [ RunTime:0.006317s ]
INFO: [ view_filter ] --START--
INFO: Run Behavior\WriteHtmlCache [ RunTime:0.000011s ]
INFO: [ view_filter ] --END-- [ RunTime:0.000038s ]
INFO: [ view_end ] --START--
INFO: [ view_end ] --END-- [ RunTime:0.000011s ]
INFO: [ app_end ] --START--
INFO: Run Behavior\ShowPageTrace [ RunTime:0.000027s ]
INFO: [ app_end ] --END-- [ RunTime:0.000053s ]

[ 2017-05-01T13:19:15+08:00 ] 10.77.117.237 /health/management/Application/index.php/Admin/index/main.html
INFO: [ app_init ] --START--
INFO: [ app_init ] --END-- [ RunTime:0.000465s ]
INFO: [ path_info ] --START--
INFO: [ path_info ] --END-- [ RunTime:0.000040s ]
INFO: [ app_begin ] --START--
INFO: Run Behavior\ReadHtmlCache [ RunTime:0.000068s ]
INFO: [ app_begin ] --END-- [ RunTime:0.000160s ]
INFO: [ action_begin ] --START--
INFO: [ action_begin ] --END-- [ RunTime:0.000029s ]
INFO: [ view_begin ] --START--
INFO: [ view_begin ] --END-- [ RunTime:0.000017s ]
INFO: [ view_parse ] --START--
INFO: [ template_filter ] --START--
INFO: Run Behavior\ContentReplace [ RunTime:0.000070s ]
INFO: [ template_filter ] --END-- [ RunTime:0.000157s ]
INFO: Run Behavior\ParseTemplate [ RunTime:0.007387s ]
INFO: [ view_parse ] --END-- [ RunTime:0.007471s ]
INFO: [ view_filter ] --START--
INFO: Run Behavior\WriteHtmlCache [ RunTime:0.000020s ]
INFO: [ view_filter ] --END-- [ RunTime:0.000077s ]
INFO: [ view_end ] --START--
INFO: [ view_end ] --END-- [ RunTime:0.000023s ]
INFO: [ app_end ] --START--
INFO: Run Behavior\ShowPageTrace [ RunTime:0.000051s ]
INFO: [ app_end ] --END-- [ RunTime:0.000106s ]

[ 2017-05-01T13:19:17+08:00 ] 10.77.117.237 /health/management/Application/index.php/Admin/index/index
INFO: [ app_init ] --START--
INFO: [ app_init ] --END-- [ RunTime:0.000302s ]
INFO: [ path_info ] --START--
INFO: [ path_info ] --END-- [ RunTime:0.000020s ]
INFO: [ app_begin ] --START--
INFO: Run Behavior\ReadHtmlCache [ RunTime:0.000031s ]
INFO: [ app_begin ] --END-- [ RunTime:0.000071s ]
INFO: [ action_begin ] --START--
INFO: [ action_begin ] --END-- [ RunTime:0.000037s ]
INFO: [ view_begin ] --START--
INFO: [ view_begin ] --END-- [ RunTime:0.000016s ]
INFO: [ view_parse ] --START--
INFO: [ template_filter ] --START--
INFO: Run Behavior\ContentReplace [ RunTime:0.000037s ]
INFO: [ template_filter ] --END-- [ RunTime:0.000081s ]
INFO: Run Behavior\ParseTemplate [ RunTime:0.005105s ]
INFO: [ view_parse ] --END-- [ RunTime:0.005154s ]
INFO: [ view_filter ] --START--
INFO: Run Behavior\WriteHtmlCache [ RunTime:0.000009s ]
INFO: [ view_filter ] --END-- [ RunTime:0.000038s ]
INFO: [ view_end ] --START--
INFO: [ view_end ] --END-- [ RunTime:0.000015s ]

[ 2017-05-01T13:19:20+08:00 ] 10.77.117.237 /health/management/Application/index.php/Admin/Login/login.html
INFO: [ app_init ] --START--
INFO: [ app_init ] --END-- [ RunTime:0.000419s ]
INFO: [ path_info ] --START--
INFO: [ path_info ] --END-- [ RunTime:0.000025s ]
INFO: [ app_begin ] --START--
INFO: Run Behavior\ReadHtmlCache [ RunTime:0.000046s ]
INFO: [ app_begin ] --END-- [ RunTime:0.000106s ]
INFO: [ action_begin ] --START--
INFO: [ action_begin ] --END-- [ RunTime:0.000030s ]
INFO: [ view_begin ] --START--
INFO: [ view_begin ] --END-- [ RunTime:0.000017s ]
INFO: [ view_parse ] --START--
INFO: [ template_filter ] --START--
INFO: Run Behavior\ContentReplace [ RunTime:0.000061s ]
INFO: [ template_filter ] --END-- [ RunTime:0.000136s ]
INFO: Run Behavior\ParseTemplate [ RunTime:0.009023s ]
INFO: [ view_parse ] --END-- [ RunTime:0.009100s ]
INFO: [ view_filter ] --START--
INFO: Run Behavior\WriteHtmlCache [ RunTime:0.000015s ]
INFO: [ view_filter ] --END-- [ RunTime:0.000066s ]
INFO: [ view_end ] --START--
INFO: [ view_end ] --END-- [ RunTime:0.000018s ]
INFO: [ app_end ] --START--
INFO: Run Behavior\ShowPageTrace [ RunTime:0.000044s ]
INFO: [ app_end ] --END-- [ RunTime:0.000081s ]

[ 2017-05-01T13:20:06+08:00 ] 10.77.117.237 /health/management/Application/index.php/Admin/Login/login.html
INFO: [ app_init ] --START--
INFO: [ app_init ] --END-- [ RunTime:0.000323s ]
INFO: [ path_info ] --START--
INFO: [ path_info ] --END-- [ RunTime:0.000031s ]
INFO: [ app_begin ] --START--
INFO: Run Behavior\ReadHtmlCache [ RunTime:0.000089s ]
INFO: [ app_begin ] --END-- [ RunTime:0.000255s ]
INFO: [ action_begin ] --START--
INFO: [ action_begin ] --END-- [ RunTime:0.000025s ]
NOTIC: [8192] mysql_connect(): The mysql extension is deprecated and will be removed in the future: use mysqli or PDO instead D:\xampp\htdocs\health\management\ThinkPHP\Library\Think\Db\Driver\Mysql.class.php 第 52 行.
SQL: SHOW COLUMNS FROM `manager` [ RunTime:0.001286s ]
SQL: SELECT * FROM `manager` WHERE ( `mg_admin` = 'admin' ) LIMIT 1   [ RunTime:0.000284s ]
INFO: [ view_begin ] --START--
INFO: [ view_begin ] --END-- [ RunTime:0.000016s ]
INFO: [ view_parse ] --START--
INFO: [ template_filter ] --START--
INFO: Run Behavior\ContentReplace [ RunTime:0.000060s ]
INFO: [ template_filter ] --END-- [ RunTime:0.000209s ]
INFO: Run Behavior\ParseTemplate [ RunTime:0.007012s ]
INFO: [ view_parse ] --END-- [ RunTime:0.007104s ]
INFO: [ view_filter ] --START--
INFO: Run Behavior\WriteHtmlCache [ RunTime:0.000013s ]
INFO: [ view_filter ] --END-- [ RunTime:0.000047s ]
INFO: [ view_end ] --START--
INFO: [ view_end ] --END-- [ RunTime:0.000014s ]

[ 2017-05-01T13:20:07+08:00 ] 10.77.117.237 /health/management/Application/index.php/Admin/Index/index.html
INFO: [ app_init ] --START--
INFO: [ app_init ] --END-- [ RunTime:0.000375s ]
INFO: [ path_info ] --START--
INFO: [ path_info ] --END-- [ RunTime:0.000045s ]
INFO: [ app_begin ] --START--
INFO: Run Behavior\ReadHtmlCache [ RunTime:0.000062s ]
INFO: [ app_begin ] --END-- [ RunTime:0.000135s ]
INFO: [ action_begin ] --START--
INFO: [ action_begin ] --END-- [ RunTime:0.000027s ]
INFO: [ view_begin ] --START--
INFO: [ view_begin ] --END-- [ RunTime:0.000018s ]
INFO: [ view_parse ] --START--
INFO: [ template_filter ] --START--
INFO: Run Behavior\ContentReplace [ RunTime:0.000067s ]
INFO: [ template_filter ] --END-- [ RunTime:0.000133s ]
INFO: Run Behavior\ParseTemplate [ RunTime:0.006588s ]
INFO: [ view_parse ] --END-- [ RunTime:0.006669s ]
INFO: [ view_filter ] --START--
INFO: Run Behavior\WriteHtmlCache [ RunTime:0.000014s ]
INFO: [ view_filter ] --END-- [ RunTime:0.000050s ]
INFO: [ view_end ] --START--
INFO: [ view_end ] --END-- [ RunTime:0.000015s ]
INFO: [ app_end ] --START--
INFO: Run Behavior\ShowPageTrace [ RunTime:0.000035s ]
INFO: [ app_end ] --END-- [ RunTime:0.000067s ]

[ 2017-05-01T13:20:07+08:00 ] 10.77.117.237 /health/management/Application/index.php/Admin/Index/main.html
INFO: [ app_init ] --START--
INFO: [ app_init ] --END-- [ RunTime:0.000349s ]
INFO: [ path_info ] --START--
INFO: [ path_info ] --END-- [ RunTime:0.000023s ]
INFO: [ app_begin ] --START--
INFO: Run Behavior\ReadHtmlCache [ RunTime:0.000035s ]
INFO: [ app_begin ] --END-- [ RunTime:0.000079s ]
INFO: [ action_begin ] --START--
INFO: [ action_begin ] --END-- [ RunTime:0.000026s ]
INFO: [ view_begin ] --START--
INFO: [ view_begin ] --END-- [ RunTime:0.000017s ]
INFO: [ view_parse ] --START--
INFO: [ template_filter ] --START--
INFO: Run Behavior\ContentReplace [ RunTime:0.000046s ]
INFO: [ template_filter ] --END-- [ RunTime:0.000101s ]
INFO: Run Behavior\ParseTemplate [ RunTime:0.005408s ]
INFO: [ view_parse ] --END-- [ RunTime:0.005464s ]
INFO: [ view_filter ] --START--
INFO: Run Behavior\WriteHtmlCache [ RunTime:0.000012s ]
INFO: [ view_filter ] --END-- [ RunTime:0.000044s ]
INFO: [ view_end ] --START--
INFO: [ view_end ] --END-- [ RunTime:0.000013s ]
INFO: [ app_end ] --START--
INFO: Run Behavior\ShowPageTrace [ RunTime:0.000032s ]
INFO: [ app_end ] --END-- [ RunTime:0.000062s ]

[ 2017-05-01T13:20:25+08:00 ] 10.77.117.237 /health/management/Application/index.php/Admin/index/index
INFO: [ app_init ] --START--
INFO: [ app_init ] --END-- [ RunTime:0.000322s ]
INFO: [ path_info ] --START--
INFO: [ path_info ] --END-- [ RunTime:0.000020s ]
INFO: [ app_begin ] --START--
INFO: Run Behavior\ReadHtmlCache [ RunTime:0.000031s ]
INFO: [ app_begin ] --END-- [ RunTime:0.000081s ]
INFO: [ action_begin ] --START--
INFO: [ action_begin ] --END-- [ RunTime:0.000024s ]
INFO: [ view_begin ] --START--
INFO: [ view_begin ] --END-- [ RunTime:0.000014s ]
INFO: [ view_parse ] --START--
INFO: [ template_filter ] --START--
INFO: Run Behavior\ContentReplace [ RunTime:0.000056s ]
INFO: [ template_filter ] --END-- [ RunTime:0.000107s ]
INFO: Run Behavior\ParseTemplate [ RunTime:0.007144s ]
INFO: [ view_parse ] --END-- [ RunTime:0.007225s ]
INFO: [ view_filter ] --START--
INFO: Run Behavior\WriteHtmlCache [ RunTime:0.000020s ]
INFO: [ view_filter ] --END-- [ RunTime:0.000074s ]
INFO: [ view_end ] --START--
INFO: [ view_end ] --END-- [ RunTime:0.000023s ]
INFO: [ app_end ] --START--
INFO: Run Behavior\ShowPageTrace [ RunTime:0.000050s ]
INFO: [ app_end ] --END-- [ RunTime:0.000103s ]

[ 2017-05-01T13:20:25+08:00 ] 10.77.117.237 /health/management/Application/index.php/Admin/index/main.html
INFO: [ app_init ] --START--
INFO: [ app_init ] --END-- [ RunTime:0.000473s ]
INFO: [ path_info ] --START--
INFO: [ path_info ] --END-- [ RunTime:0.000034s ]
INFO: [ app_begin ] --START--
INFO: Run Behavior\ReadHtmlCache [ RunTime:0.000056s ]
INFO: [ app_begin ] --END-- [ RunTime:0.000126s ]
INFO: [ action_begin ] --START--
INFO: [ action_begin ] --END-- [ RunTime:0.000059s ]
INFO: [ view_begin ] --START--
INFO: [ view_begin ] --END-- [ RunTime:0.000032s ]
INFO: [ view_parse ] --START--
INFO: [ template_filter ] --START--
INFO: Run Behavior\ContentReplace [ RunTime:0.000048s ]
INFO: [ template_filter ] --END-- [ RunTime:0.000111s ]
INFO: Run Behavior\ParseTemplate [ RunTime:0.006054s ]
INFO: [ view_parse ] --END-- [ RunTime:0.006137s ]
INFO: [ view_filter ] --START--
INFO: Run Behavior\WriteHtmlCache [ RunTime:0.000012s ]
INFO: [ view_filter ] --END-- [ RunTime:0.000045s ]
INFO: [ view_end ] --START--
INFO: [ view_end ] --END-- [ RunTime:0.000013s ]
INFO: [ app_end ] --START--
INFO: Run Behavior\ShowPageTrace [ RunTime:0.000033s ]
INFO: [ app_end ] --END-- [ RunTime:0.000063s ]

[ 2017-05-01T13:20:26+08:00 ] 10.77.117.237 /health/management/Application/index.php/Admin/index/index
INFO: [ app_init ] --START--
INFO: [ app_init ] --END-- [ RunTime:0.000285s ]
INFO: [ path_info ] --START--
INFO: [ path_info ] --END-- [ RunTime:0.000024s ]
INFO: [ app_begin ] --START--
INFO: Run Behavior\ReadHtmlCache [ RunTime:0.000035s ]
INFO: [ app_begin ] --END-- [ RunTime:0.000079s ]
INFO: [ action_begin ] --START--
INFO: [ action_begin ] --END-- [ RunTime:0.000038s ]
INFO: [ view_begin ] --START--
INFO: [ view_begin ] --END-- [ RunTime:0.000015s ]
INFO: [ view_parse ] --START--
INFO: [ template_filter ] --START--
INFO: Run Behavior\ContentReplace [ RunTime:0.000057s ]
INFO: [ template_filter ] --END-- [ RunTime:0.000108s ]
INFO: Run Behavior\ParseTemplate [ RunTime:0.006951s ]
INFO: [ view_parse ] --END-- [ RunTime:0.007031s ]
INFO: [ view_filter ] --START--
INFO: Run Behavior\WriteHtmlCache [ RunTime:0.000011s ]
INFO: [ view_filter ] --END-- [ RunTime:0.000039s ]
INFO: [ view_end ] --START--
INFO: [ view_end ] --END-- [ RunTime:0.000011s ]
INFO: [ app_end ] --START--
INFO: Run Behavior\ShowPageTrace [ RunTime:0.000028s ]
INFO: [ app_end ] --END-- [ RunTime:0.000054s ]

[ 2017-05-01T13:20:26+08:00 ] 10.77.117.237 /health/management/Application/index.php/Admin/index/main.html
INFO: [ app_init ] --START--
INFO: [ app_init ] --END-- [ RunTime:0.000430s ]
INFO: [ path_info ] --START--
INFO: [ path_info ] --END-- [ RunTime:0.000037s ]
INFO: [ app_begin ] --START--
INFO: Run Behavior\ReadHtmlCache [ RunTime:0.000057s ]
INFO: [ app_begin ] --END-- [ RunTime:0.000125s ]
INFO: [ action_begin ] --START--
INFO: [ action_begin ] --END-- [ RunTime:0.000037s ]
INFO: [ view_begin ] --START--
INFO: [ view_begin ] --END-- [ RunTime:0.000017s ]
INFO: [ view_parse ] --START--
INFO: [ template_filter ] --START--
INFO: Run Behavior\ContentReplace [ RunTime:0.000080s ]
INFO: [ template_filter ] --END-- [ RunTime:0.000193s ]
INFO: Run Behavior\ParseTemplate [ RunTime:0.007347s ]
INFO: [ view_parse ] --END-- [ RunTime:0.007430s ]
INFO: [ view_filter ] --START--
INFO: Run Behavior\WriteHtmlCache [ RunTime:0.000019s ]
INFO: [ view_filter ] --END-- [ RunTime:0.000079s ]
INFO: [ view_end ] --START--
INFO: [ view_end ] --END-- [ RunTime:0.000016s ]
INFO: [ app_end ] --START--
INFO: Run Behavior\ShowPageTrace [ RunTime:0.000041s ]
INFO: [ app_end ] --END-- [ RunTime:0.000075s ]

[ 2017-05-01T13:21:48+08:00 ] 10.77.117.237 /health/management/Application/index.php/Admin/Hospital/listHos
INFO: [ app_init ] --START--
INFO: [ app_init ] --END-- [ RunTime:0.000304s ]
INFO: [ path_info ] --START--
INFO: [ path_info ] --END-- [ RunTime:0.000019s ]
INFO: [ app_begin ] --START--
INFO: Run Behavior\ReadHtmlCache [ RunTime:0.000032s ]
INFO: [ app_begin ] --END-- [ RunTime:0.000073s ]
INFO: [ action_begin ] --START--
INFO: [ action_begin ] --END-- [ RunTime:0.000022s ]
NOTIC: [2048] Declaration of Admin\Model\HospitalInfoModel::_after_insert() should be compatible with Think\Model::_after_insert($data, $options) D:\xampp\htdocs\health\management\Application\Admin\Model\HospitalInfoModel.class.php 第 7 行.
NOTIC: [8192] mysql_connect(): The mysql extension is deprecated and will be removed in the future: use mysqli or PDO instead D:\xampp\htdocs\health\management\ThinkPHP\Library\Think\Db\Driver\Mysql.class.php 第 52 行.
SQL: SHOW COLUMNS FROM `hospital_info` [ RunTime:0.002039s ]
SQL: SELECT COUNT(*) AS tp_count FROM `hospital_info` LIMIT 1   [ RunTime:0.000341s ]
NOTIC: [8] Undefined variable: where D:\xampp\htdocs\health\management\Application\Admin\Model\HospitalInfoModel.class.php 第 29 行.
SQL: SELECT * FROM `hospital_info` ORDER BY hos_id desc LIMIT 0,3   [ RunTime:0.000458s ]
INFO: [ view_begin ] --START--
INFO: [ view_begin ] --END-- [ RunTime:0.000016s ]
INFO: [ view_parse ] --START--
INFO: [ template_filter ] --START--
INFO: Run Behavior\ContentReplace [ RunTime:0.000122s ]
INFO: [ template_filter ] --END-- [ RunTime:0.000183s ]
INFO: Run Behavior\ParseTemplate [ RunTime:0.018616s ]
INFO: [ view_parse ] --END-- [ RunTime:0.018673s ]
INFO: [ view_filter ] --START--
INFO: Run Behavior\WriteHtmlCache [ RunTime:0.000011s ]
INFO: [ view_filter ] --END-- [ RunTime:0.000040s ]
INFO: [ view_end ] --START--
INFO: [ view_end ] --END-- [ RunTime:0.000024s ]
INFO: [ app_end ] --START--
INFO: Run Behavior\ShowPageTrace [ RunTime:0.000038s ]
INFO: [ app_end ] --END-- [ RunTime:0.000072s ]

