[ 2017-04-15T15:38:38+08:00 ] 172.17.32.112 /health/management/application/index.php/Connector/Search/searchdep
INFO: [ app_init ] --START--
INFO: [ app_init ] --END-- [ RunTime:0.000342s ]
INFO: [ path_info ] --START--
INFO: [ path_info ] --END-- [ RunTime:0.000034s ]
INFO: [ app_begin ] --START--
INFO: Run Behavior\ReadHtmlCache [ RunTime:0.000049s ]
INFO: [ app_begin ] --END-- [ RunTime:0.000119s ]
INFO: [ action_begin ] --START--
INFO: [ action_begin ] --END-- [ RunTime:0.000053s ]
INFO: [ app_end ] --START--
INFO: Run Behavior\ShowPageTrace [ RunTime:0.000048s ]
INFO: [ app_end ] --END-- [ RunTime:0.000113s ]

[ 2017-04-15T15:41:42+08:00 ] 172.17.32.112 /health/management/Application/index.php/Connector/User/login
INFO: [ app_init ] --START--
INFO: [ app_init ] --END-- [ RunTime:0.000579s ]
INFO: [ path_info ] --START--
INFO: [ path_info ] --END-- [ RunTime:0.000063s ]
INFO: [ app_begin ] --START--
INFO: Run Behavior\ReadHtmlCache [ RunTime:0.000085s ]
INFO: [ app_begin ] --END-- [ RunTime:0.000200s ]
INFO: [ action_begin ] --START--
INFO: [ action_begin ] --END-- [ RunTime:0.000060s ]
SQL: SHOW COLUMNS FROM `user_info` [ RunTime:0.026085s ]
SQL: SELECT * FROM `user_info` WHERE ( `user_phone` = '15768653949' ) AND ( `user_token` = '26c715dece5de2afb17f8833cb41c34c' ) LIMIT 1   [ RunTime:0.001476s ]
SQL: UPDATE `user_info` SET `user_token`='c0d2f47d48b6388bca6eccd58e579351',`token_time`='2017-04-15 15:41:42',`login_time`='2017-04-15 15:41:42' WHERE ( `user_phone` = '15768653949' ) AND ( `user_token` = '26c715dece5de2afb17f8833cb41c34c' ) [ RunTime:0.051506s ]
INFO: [ app_end ] --START--
INFO: Run Behavior\ShowPageTrace [ RunTime:0.000075s ]
INFO: [ app_end ] --END-- [ RunTime:0.000189s ]

[ 2017-04-15T15:41:44+08:00 ] 172.17.32.112 /health/management/Application/index.php/Home/Index/getHotHos?category=news
INFO: [ app_init ] --START--
INFO: [ app_init ] --END-- [ RunTime:0.000347s ]
INFO: [ path_info ] --START--
INFO: [ path_info ] --END-- [ RunTime:0.000037s ]
INFO: [ app_begin ] --START--
INFO: Run Behavior\ReadHtmlCache [ RunTime:0.000052s ]
INFO: [ app_begin ] --END-- [ RunTime:0.000118s ]
INFO: [ action_begin ] --START--
INFO: [ action_begin ] --END-- [ RunTime:0.000037s ]
SQL: SHOW COLUMNS FROM `hospital_info` [ RunTime:0.023684s ]
SQL: SELECT * FROM `hospital_info`  [ RunTime:0.000817s ]
INFO: [ app_end ] --START--
INFO: Run Behavior\ShowPageTrace [ RunTime:0.000070s ]
INFO: [ app_end ] --END-- [ RunTime:0.000176s ]

[ 2017-04-15T15:41:45+08:00 ] 172.17.32.112 /health/management/Application/index.php/Home/Index/getHotDoc
INFO: [ app_init ] --START--
INFO: [ app_init ] --END-- [ RunTime:0.000335s ]
INFO: [ path_info ] --START--
INFO: [ path_info ] --END-- [ RunTime:0.000039s ]
INFO: [ app_begin ] --START--
INFO: Run Behavior\ReadHtmlCache [ RunTime:0.000053s ]
INFO: [ app_begin ] --END-- [ RunTime:0.000118s ]
INFO: [ action_begin ] --START--
INFO: [ action_begin ] --END-- [ RunTime:0.000148s ]
NOTIC: [2048] Declaration of Admin\Model\DoctorInfoModel::_after_insert() should be compatible with that of Think\Model::_after_insert() D:\WWW\health\management\Application\Admin\Model\DoctorInfoModel.class.php 第 7 行.
SQL: SHOW COLUMNS FROM `doctor_info` [ RunTime:0.028556s ]
SQL: SELECT a.*,b.hos_name,c.dep_name FROM doctor_info a LEFT JOIN hospital_info b on a.hos_id=b.hos_id LEFT JOIN department_info c on a.depa_id=c.dep_id  [ RunTime:0.000942s ]
INFO: [ app_end ] --START--
INFO: Run Behavior\ShowPageTrace [ RunTime:0.000041s ]
INFO: [ app_end ] --END-- [ RunTime:0.000171s ]

[ 2017-04-15T15:41:46+08:00 ] 172.17.32.112 /health/management/Application/index.php/Connector/User/getuserInfo
INFO: [ app_init ] --START--
INFO: [ app_init ] --END-- [ RunTime:0.000364s ]
INFO: [ path_info ] --START--
INFO: [ path_info ] --END-- [ RunTime:0.000038s ]
INFO: [ app_begin ] --START--
INFO: Run Behavior\ReadHtmlCache [ RunTime:0.000055s ]
INFO: [ app_begin ] --END-- [ RunTime:0.000124s ]
INFO: [ action_begin ] --START--
INFO: [ action_begin ] --END-- [ RunTime:0.000044s ]
SQL: SHOW COLUMNS FROM `user_info` [ RunTime:0.006061s ]
SQL: SELECT * FROM `user_info` WHERE ( `user_phone` = '15768653949' ) LIMIT 1   [ RunTime:0.000765s ]
INFO: [ app_end ] --START--
INFO: Run Behavior\ShowPageTrace [ RunTime:0.000080s ]
INFO: [ app_end ] --END-- [ RunTime:0.000242s ]

[ 2017-04-15T15:42:05+08:00 ] 172.17.32.112 /health/management/application/index.php/Connector/Search/searchhos
INFO: [ app_init ] --START--
INFO: [ app_init ] --END-- [ RunTime:0.000541s ]
INFO: [ path_info ] --START--
INFO: [ path_info ] --END-- [ RunTime:0.000060s ]
INFO: [ app_begin ] --START--
INFO: Run Behavior\ReadHtmlCache [ RunTime:0.000082s ]
INFO: [ app_begin ] --END-- [ RunTime:0.000192s ]
INFO: [ action_begin ] --START--
INFO: [ action_begin ] --END-- [ RunTime:0.000072s ]
SQL: SHOW COLUMNS FROM `hospital_info` [ RunTime:0.005841s ]
SQL: SELECT a.hos_id,c.dep_name FROM hospital_info a LEFT JOIN hos_dep b on a.hos_id=b.hos_id LEFT JOIN department_info c on b.dep_id=c.dep_id WHERE ( a.hos_name LIKE '%人民%' ) AND ( b.hot = 1 )  [ RunTime:0.001439s ]
SQL: SELECT * FROM `hospital_info` WHERE ( `hos_name` LIKE '%人民%' )  [ RunTime:0.000642s ]
INFO: [ app_end ] --START--
INFO: Run Behavior\ShowPageTrace [ RunTime:0.000070s ]
INFO: [ app_end ] --END-- [ RunTime:0.000177s ]

[ 2017-04-15T15:42:06+08:00 ] 172.17.32.112 /health/management/application/index.php/Connector/Search/searchdoc
INFO: [ app_init ] --START--
INFO: [ app_init ] --END-- [ RunTime:0.000313s ]
INFO: [ path_info ] --START--
INFO: [ path_info ] --END-- [ RunTime:0.000029s ]
INFO: [ app_begin ] --START--
INFO: Run Behavior\ReadHtmlCache [ RunTime:0.000043s ]
INFO: [ app_begin ] --END-- [ RunTime:0.000098s ]
INFO: [ action_begin ] --START--
INFO: [ action_begin ] --END-- [ RunTime:0.000080s ]
SQL: SHOW COLUMNS FROM `doctor_info` [ RunTime:0.017512s ]
SQL: SELECT a.*,b.hos_name,c.dep_name FROM doctor_info a LEFT JOIN hospital_info b on a.hos_id=b.hos_id LEFT JOIN department_info c on a.depa_id=c.dep_id WHERE ( a.doc_name LIKE '%人民%' )  [ RunTime:0.000531s ]
INFO: [ app_end ] --START--
INFO: Run Behavior\ShowPageTrace [ RunTime:0.000045s ]
INFO: [ app_end ] --END-- [ RunTime:0.000141s ]

[ 2017-04-15T15:42:07+08:00 ] 172.17.32.112 /health/management/application/index.php/Connector/Search/searchdep
INFO: [ app_init ] --START--
INFO: [ app_init ] --END-- [ RunTime:0.000300s ]
INFO: [ path_info ] --START--
INFO: [ path_info ] --END-- [ RunTime:0.000031s ]
INFO: [ app_begin ] --START--
INFO: Run Behavior\ReadHtmlCache [ RunTime:0.000042s ]
INFO: [ app_begin ] --END-- [ RunTime:0.000100s ]
INFO: [ action_begin ] --START--
INFO: [ action_begin ] --END-- [ RunTime:0.000053s ]
SQL: SHOW COLUMNS FROM `department_info` [ RunTime:0.002675s ]
SQL: SELECT a.*,b.hos_name,c.dep_introduce FROM department_info a LEFT JOIN hos_dep c on a.dep_id=c.dep_id LEFT JOIN hospital_info b on b.hos_id=c.hos_id WHERE ( a.dep_name LIKE '%人民%' )  [ RunTime:0.000365s ]
INFO: [ app_end ] --START--
INFO: Run Behavior\ShowPageTrace [ RunTime:0.000039s ]
INFO: [ app_end ] --END-- [ RunTime:0.000096s ]

[ 2017-04-15T15:42:07+08:00 ] 172.17.32.112 /health/management/application/index.php/Connector/Search/searchillness
INFO: [ app_init ] --START--
INFO: [ app_init ] --END-- [ RunTime:0.000295s ]
INFO: [ path_info ] --START--
INFO: [ path_info ] --END-- [ RunTime:0.000031s ]
INFO: [ app_begin ] --START--
INFO: Run Behavior\ReadHtmlCache [ RunTime:0.000044s ]
INFO: [ app_begin ] --END-- [ RunTime:0.000106s ]
INFO: [ action_begin ] --START--
INFO: [ action_begin ] --END-- [ RunTime:0.000049s ]
ERR: 非法操作:searchillness

[ 2017-04-15T15:42:19+08:00 ] 172.17.32.112 /health/management/Application/index.php/Connector/Doc/getDocDetail?doc_id=42
INFO: [ app_init ] --START--
INFO: [ app_init ] --END-- [ RunTime:0.000335s ]
INFO: [ path_info ] --START--
INFO: [ path_info ] --END-- [ RunTime:0.000071s ]
INFO: [ app_begin ] --START--
INFO: Run Behavior\ReadHtmlCache [ RunTime:0.000055s ]
INFO: [ app_begin ] --END-- [ RunTime:0.000118s ]
INFO: [ action_begin ] --START--
INFO: [ action_begin ] --END-- [ RunTime:0.000039s ]
NOTIC: [2048] Declaration of Admin\Model\DoctorInfoModel::_after_insert() should be compatible with that of Think\Model::_after_insert() D:\WWW\health\management\Application\Admin\Model\DoctorInfoModel.class.php 第 7 行.
SQL: SHOW COLUMNS FROM `doctor_info` [ RunTime:0.005757s ]
SQL: SELECT a.*,b.hos_name,c.dep_name FROM doctor_info a LEFT JOIN hospital_info b on a.hos_id=b.hos_id LEFT JOIN department_info c on a.depa_id=c.dep_id WHERE ( `doc_id` = '42' ) LIMIT 1   [ RunTime:0.000820s ]
INFO: [ app_end ] --START--
INFO: Run Behavior\ShowPageTrace [ RunTime:0.000072s ]
INFO: [ app_end ] --END-- [ RunTime:0.000182s ]

[ 2017-04-15T15:42:44+08:00 ] 172.17.32.112 /health/management/application/index.php/Connector/Search/searchhos
INFO: [ app_init ] --START--
INFO: [ app_init ] --END-- [ RunTime:0.000282s ]
INFO: [ path_info ] --START--
INFO: [ path_info ] --END-- [ RunTime:0.000029s ]
INFO: [ app_begin ] --START--
INFO: Run Behavior\ReadHtmlCache [ RunTime:0.000043s ]
INFO: [ app_begin ] --END-- [ RunTime:0.000095s ]
INFO: [ action_begin ] --START--
INFO: [ action_begin ] --END-- [ RunTime:0.000035s ]
SQL: SHOW COLUMNS FROM `hospital_info` [ RunTime:0.005563s ]
SQL: SELECT a.hos_id,c.dep_name FROM hospital_info a LEFT JOIN hos_dep b on a.hos_id=b.hos_id LEFT JOIN department_info c on b.dep_id=c.dep_id WHERE ( a.hos_name LIKE '%医院%' ) AND ( b.hot = 1 )  [ RunTime:0.001261s ]
SQL: SELECT * FROM `hospital_info` WHERE ( `hos_name` LIKE '%医院%' )  [ RunTime:0.000566s ]
NOTIC: [8] Undefined index: 56 D:\WWW\health\management\Application\Connector\Controller\SearchController.class.php 第 38 行.
INFO: [ app_end ] --START--
INFO: Run Behavior\ShowPageTrace [ RunTime:0.000071s ]
INFO: [ app_end ] --END-- [ RunTime:0.000178s ]

[ 2017-04-15T15:42:45+08:00 ] 172.17.32.112 /health/management/application/index.php/Connector/Search/searchdoc
INFO: [ app_init ] --START--
INFO: [ app_init ] --END-- [ RunTime:0.000247s ]
INFO: [ path_info ] --START--
INFO: [ path_info ] --END-- [ RunTime:0.000029s ]
INFO: [ app_begin ] --START--
INFO: Run Behavior\ReadHtmlCache [ RunTime:0.000043s ]
INFO: [ app_begin ] --END-- [ RunTime:0.000095s ]
INFO: [ action_begin ] --START--
INFO: [ action_begin ] --END-- [ RunTime:0.000082s ]
SQL: SHOW COLUMNS FROM `doctor_info` [ RunTime:0.002964s ]
SQL: SELECT a.*,b.hos_name,c.dep_name FROM doctor_info a LEFT JOIN hospital_info b on a.hos_id=b.hos_id LEFT JOIN department_info c on a.depa_id=c.dep_id WHERE ( a.doc_name LIKE '%医院%' )  [ RunTime:0.000438s ]
INFO: [ app_end ] --START--
INFO: Run Behavior\ShowPageTrace [ RunTime:0.000038s ]
INFO: [ app_end ] --END-- [ RunTime:0.000101s ]

[ 2017-04-15T15:42:46+08:00 ] 172.17.32.112 /health/management/application/index.php/Connector/Search/searchdep
INFO: [ app_init ] --START--
INFO: [ app_init ] --END-- [ RunTime:0.000252s ]
INFO: [ path_info ] --START--
INFO: [ path_info ] --END-- [ RunTime:0.000028s ]
INFO: [ app_begin ] --START--
INFO: Run Behavior\ReadHtmlCache [ RunTime:0.000042s ]
INFO: [ app_begin ] --END-- [ RunTime:0.000094s ]
INFO: [ action_begin ] --START--
INFO: [ action_begin ] --END-- [ RunTime:0.000047s ]
SQL: SHOW COLUMNS FROM `department_info` [ RunTime:0.002644s ]
SQL: SELECT a.*,b.hos_name,c.dep_introduce FROM department_info a LEFT JOIN hos_dep c on a.dep_id=c.dep_id LEFT JOIN hospital_info b on b.hos_id=c.hos_id WHERE ( a.dep_name LIKE '%医院%' )  [ RunTime:0.000373s ]
INFO: [ app_end ] --START--
INFO: Run Behavior\ShowPageTrace [ RunTime:0.000037s ]
INFO: [ app_end ] --END-- [ RunTime:0.000095s ]

[ 2017-04-15T15:42:46+08:00 ] 172.17.32.112 /health/management/application/index.php/Connector/Search/searchillness
INFO: [ app_init ] --START--
INFO: [ app_init ] --END-- [ RunTime:0.000325s ]
INFO: [ path_info ] --START--
INFO: [ path_info ] --END-- [ RunTime:0.000030s ]
INFO: [ app_begin ] --START--
INFO: Run Behavior\ReadHtmlCache [ RunTime:0.000042s ]
INFO: [ app_begin ] --END-- [ RunTime:0.000094s ]
INFO: [ action_begin ] --START--
INFO: [ action_begin ] --END-- [ RunTime:0.000072s ]
ERR: 非法操作:searchillness

[ 2017-04-15T15:43:03+08:00 ] 172.17.32.112 /health/management/application/index.php/Connector/Search/searchhos
INFO: [ app_init ] --START--
INFO: [ app_init ] --END-- [ RunTime:0.000519s ]
INFO: [ path_info ] --START--
INFO: [ path_info ] --END-- [ RunTime:0.000063s ]
INFO: [ app_begin ] --START--
INFO: Run Behavior\ReadHtmlCache [ RunTime:0.000082s ]
INFO: [ app_begin ] --END-- [ RunTime:0.000192s ]
INFO: [ action_begin ] --START--
INFO: [ action_begin ] --END-- [ RunTime:0.000060s ]
SQL: SHOW COLUMNS FROM `hospital_info` [ RunTime:0.005470s ]
SQL: SELECT a.hos_id,c.dep_name FROM hospital_info a LEFT JOIN hos_dep b on a.hos_id=b.hos_id LEFT JOIN department_info c on b.dep_id=c.dep_id WHERE ( a.hos_name LIKE '%医院%' ) AND ( b.hot = 1 )  [ RunTime:0.000901s ]
SQL: SELECT * FROM `hospital_info` WHERE ( `hos_name` LIKE '%医院%' )  [ RunTime:0.000583s ]
NOTIC: [8] Undefined index: 56 D:\WWW\health\management\Application\Connector\Controller\SearchController.class.php 第 38 行.
INFO: [ app_end ] --START--
INFO: Run Behavior\ShowPageTrace [ RunTime:0.000071s ]
INFO: [ app_end ] --END-- [ RunTime:0.000181s ]

[ 2017-04-15T15:43:04+08:00 ] 172.17.32.112 /health/management/application/index.php/Connector/Search/searchdoc
INFO: [ app_init ] --START--
INFO: [ app_init ] --END-- [ RunTime:0.000495s ]
INFO: [ path_info ] --START--
INFO: [ path_info ] --END-- [ RunTime:0.000059s ]
INFO: [ app_begin ] --START--
INFO: Run Behavior\ReadHtmlCache [ RunTime:0.000080s ]
INFO: [ app_begin ] --END-- [ RunTime:0.000182s ]
INFO: [ action_begin ] --START--
INFO: [ action_begin ] --END-- [ RunTime:0.000109s ]
SQL: SHOW COLUMNS FROM `doctor_info` [ RunTime:0.004881s ]
SQL: SELECT a.*,b.hos_name,c.dep_name FROM doctor_info a LEFT JOIN hospital_info b on a.hos_id=b.hos_id LEFT JOIN department_info c on a.depa_id=c.dep_id WHERE ( a.doc_name LIKE '%医院%' )  [ RunTime:0.000853s ]
INFO: [ app_end ] --START--
INFO: Run Behavior\ShowPageTrace [ RunTime:0.000045s ]
INFO: [ app_end ] --END-- [ RunTime:0.000105s ]

[ 2017-04-15T15:43:05+08:00 ] 172.17.32.112 /health/management/application/index.php/Connector/Search/searchdep
INFO: [ app_init ] --START--
INFO: [ app_init ] --END-- [ RunTime:0.000262s ]
INFO: [ path_info ] --START--
INFO: [ path_info ] --END-- [ RunTime:0.000029s ]
INFO: [ app_begin ] --START--
INFO: Run Behavior\ReadHtmlCache [ RunTime:0.000043s ]
INFO: [ app_begin ] --END-- [ RunTime:0.000095s ]
INFO: [ action_begin ] --START--
INFO: [ action_begin ] --END-- [ RunTime:0.000050s ]
SQL: SHOW COLUMNS FROM `department_info` [ RunTime:0.004776s ]
SQL: SELECT a.*,b.hos_name,c.dep_introduce FROM department_info a LEFT JOIN hos_dep c on a.dep_id=c.dep_id LEFT JOIN hospital_info b on b.hos_id=c.hos_id WHERE ( a.dep_name LIKE '%医院%' )  [ RunTime:0.000688s ]
INFO: [ app_end ] --START--
INFO: Run Behavior\ShowPageTrace [ RunTime:0.000072s ]
INFO: [ app_end ] --END-- [ RunTime:0.000184s ]

[ 2017-04-15T15:43:05+08:00 ] 172.17.32.112 /health/management/application/index.php/Connector/Search/searchillness
INFO: [ app_init ] --START--
INFO: [ app_init ] --END-- [ RunTime:0.000250s ]
INFO: [ path_info ] --START--
INFO: [ path_info ] --END-- [ RunTime:0.000059s ]
INFO: [ app_begin ] --START--
INFO: Run Behavior\ReadHtmlCache [ RunTime:0.000044s ]
INFO: [ app_begin ] --END-- [ RunTime:0.000097s ]
INFO: [ action_begin ] --START--
INFO: [ action_begin ] --END-- [ RunTime:0.000096s ]
ERR: 非法操作:searchillness

[ 2017-04-15T15:43:20+08:00 ] 172.17.32.112 /health/management/application/index.php/Connector/Search/searchhos
INFO: [ app_init ] --START--
INFO: [ app_init ] --END-- [ RunTime:0.000501s ]
INFO: [ path_info ] --START--
INFO: [ path_info ] --END-- [ RunTime:0.000239s ]
INFO: [ app_begin ] --START--
INFO: Run Behavior\ReadHtmlCache [ RunTime:0.000082s ]
INFO: [ app_begin ] --END-- [ RunTime:0.000187s ]
INFO: [ action_begin ] --START--
INFO: [ action_begin ] --END-- [ RunTime:0.000057s ]
SQL: SHOW COLUMNS FROM `hospital_info` [ RunTime:0.005668s ]
SQL: SELECT a.hos_id,c.dep_name FROM hospital_info a LEFT JOIN hos_dep b on a.hos_id=b.hos_id LEFT JOIN department_info c on b.dep_id=c.dep_id WHERE ( a.hos_name LIKE '%医院%' ) AND ( b.hot = 1 )  [ RunTime:0.000798s ]
SQL: SELECT * FROM `hospital_info` WHERE ( `hos_name` LIKE '%医院%' )  [ RunTime:0.000562s ]
NOTIC: [8] Undefined index: 56 D:\WWW\health\management\Application\Connector\Controller\SearchController.class.php 第 38 行.
INFO: [ app_end ] --START--
INFO: Run Behavior\ShowPageTrace [ RunTime:0.000071s ]
INFO: [ app_end ] --END-- [ RunTime:0.000182s ]

[ 2017-04-15T15:43:21+08:00 ] 172.17.32.112 /health/management/application/index.php/Connector/Search/searchdoc
INFO: [ app_init ] --START--
INFO: [ app_init ] --END-- [ RunTime:0.000514s ]
INFO: [ path_info ] --START--
INFO: [ path_info ] --END-- [ RunTime:0.000070s ]
INFO: [ app_begin ] --START--
INFO: Run Behavior\ReadHtmlCache [ RunTime:0.000079s ]
INFO: [ app_begin ] --END-- [ RunTime:0.000210s ]
INFO: [ action_begin ] --START--
INFO: [ action_begin ] --END-- [ RunTime:0.000340s ]
SQL: SHOW COLUMNS FROM `doctor_info` [ RunTime:0.005566s ]
SQL: SELECT a.*,b.hos_name,c.dep_name FROM doctor_info a LEFT JOIN hospital_info b on a.hos_id=b.hos_id LEFT JOIN department_info c on a.depa_id=c.dep_id WHERE ( a.doc_name LIKE '%医院%' )  [ RunTime:0.000780s ]
INFO: [ app_end ] --START--
INFO: Run Behavior\ShowPageTrace [ RunTime:0.000073s ]
INFO: [ app_end ] --END-- [ RunTime:0.000180s ]

[ 2017-04-15T15:43:22+08:00 ] 172.17.32.112 /health/management/application/index.php/Connector/Search/searchdep
INFO: [ app_init ] --START--
INFO: [ app_init ] --END-- [ RunTime:0.000282s ]
INFO: [ path_info ] --START--
INFO: [ path_info ] --END-- [ RunTime:0.000030s ]
INFO: [ app_begin ] --START--
INFO: Run Behavior\ReadHtmlCache [ RunTime:0.000040s ]
INFO: [ app_begin ] --END-- [ RunTime:0.000092s ]
INFO: [ action_begin ] --START--
INFO: [ action_begin ] --END-- [ RunTime:0.000081s ]
SQL: SHOW COLUMNS FROM `department_info` [ RunTime:0.017761s ]
SQL: SELECT a.*,b.hos_name,c.dep_introduce FROM department_info a LEFT JOIN hos_dep c on a.dep_id=c.dep_id LEFT JOIN hospital_info b on b.hos_id=c.hos_id WHERE ( a.dep_name LIKE '%医院%' )  [ RunTime:0.000628s ]
INFO: [ app_end ] --START--
INFO: Run Behavior\ShowPageTrace [ RunTime:0.000070s ]
INFO: [ app_end ] --END-- [ RunTime:0.000177s ]

[ 2017-04-15T15:43:46+08:00 ] 172.17.32.112 /health/management/application/index.php/Connector/Search/searchdoc
INFO: [ app_init ] --START--
INFO: [ app_init ] --END-- [ RunTime:0.000304s ]
INFO: [ path_info ] --START--
INFO: [ path_info ] --END-- [ RunTime:0.000035s ]
INFO: [ app_begin ] --START--
INFO: Run Behavior\ReadHtmlCache [ RunTime:0.000044s ]
INFO: [ app_begin ] --END-- [ RunTime:0.000100s ]
INFO: [ action_begin ] --START--
INFO: [ action_begin ] --END-- [ RunTime:0.000033s ]
SQL: SHOW COLUMNS FROM `doctor_info` [ RunTime:0.005334s ]
SQL: SELECT a.*,b.hos_name,c.dep_name FROM doctor_info a LEFT JOIN hospital_info b on a.hos_id=b.hos_id LEFT JOIN department_info c on a.depa_id=c.dep_id WHERE ( a.doc_name LIKE '%外科%' )  [ RunTime:0.000802s ]
INFO: [ app_end ] --START--
INFO: Run Behavior\ShowPageTrace [ RunTime:0.000079s ]
INFO: [ app_end ] --END-- [ RunTime:0.000330s ]

[ 2017-04-15T15:43:47+08:00 ] 172.17.32.112 /health/management/application/index.php/Connector/Search/searchhos
INFO: [ app_init ] --START--
INFO: [ app_init ] --END-- [ RunTime:0.000312s ]
INFO: [ path_info ] --START--
INFO: [ path_info ] --END-- [ RunTime:0.000032s ]
INFO: [ app_begin ] --START--
INFO: Run Behavior\ReadHtmlCache [ RunTime:0.000043s ]
INFO: [ app_begin ] --END-- [ RunTime:0.000100s ]
INFO: [ action_begin ] --START--
INFO: [ action_begin ] --END-- [ RunTime:0.000098s ]
SQL: SHOW COLUMNS FROM `hospital_info` [ RunTime:0.005708s ]
SQL: SELECT a.hos_id,c.dep_name FROM hospital_info a LEFT JOIN hos_dep b on a.hos_id=b.hos_id LEFT JOIN department_info c on b.dep_id=c.dep_id WHERE ( a.hos_name LIKE '%外科%' ) AND ( b.hot = 1 )  [ RunTime:0.000671s ]
NOTIC: [2] Invalid argument supplied for foreach() D:\WWW\health\management\Application\Connector\Controller\SearchController.class.php 第 25 行.
SQL: SELECT * FROM `hospital_info` WHERE ( `hos_name` LIKE '%外科%' )  [ RunTime:0.000553s ]
INFO: [ app_end ] --START--
INFO: Run Behavior\ShowPageTrace [ RunTime:0.000070s ]
INFO: [ app_end ] --END-- [ RunTime:0.000171s ]

[ 2017-04-15T15:43:48+08:00 ] 172.17.32.112 /health/management/application/index.php/Connector/Search/searchdep
INFO: [ app_init ] --START--
INFO: [ app_init ] --END-- [ RunTime:0.000263s ]
INFO: [ path_info ] --START--
INFO: [ path_info ] --END-- [ RunTime:0.000033s ]
INFO: [ app_begin ] --START--
INFO: Run Behavior\ReadHtmlCache [ RunTime:0.000044s ]
INFO: [ app_begin ] --END-- [ RunTime:0.000098s ]
INFO: [ action_begin ] --START--
INFO: [ action_begin ] --END-- [ RunTime:0.000255s ]
SQL: SHOW COLUMNS FROM `department_info` [ RunTime:0.004618s ]
SQL: SELECT a.*,b.hos_name,c.dep_introduce FROM department_info a LEFT JOIN hos_dep c on a.dep_id=c.dep_id LEFT JOIN hospital_info b on b.hos_id=c.hos_id WHERE ( a.dep_name LIKE '%外科%' )  [ RunTime:0.001170s ]
INFO: [ app_end ] --START--
INFO: Run Behavior\ShowPageTrace [ RunTime:0.000074s ]
INFO: [ app_end ] --END-- [ RunTime:0.000199s ]

[ 2017-04-15T15:46:35+08:00 ] 172.17.32.112 /health/management/application/index.php/Connector/Search/searchhos
INFO: [ app_init ] --START--
INFO: [ app_init ] --END-- [ RunTime:0.000656s ]
INFO: [ path_info ] --START--
INFO: [ path_info ] --END-- [ RunTime:0.000063s ]
INFO: [ app_begin ] --START--
INFO: Run Behavior\ReadHtmlCache [ RunTime:0.000083s ]
INFO: [ app_begin ] --END-- [ RunTime:0.000191s ]
INFO: [ action_begin ] --START--
INFO: [ action_begin ] --END-- [ RunTime:0.000073s ]
SQL: SHOW COLUMNS FROM `hospital_info` [ RunTime:0.005474s ]
SQL: SELECT a.hos_id,c.dep_name FROM hospital_info a LEFT JOIN hos_dep b on a.hos_id=b.hos_id LEFT JOIN department_info c on b.dep_id=c.dep_id WHERE ( a.hos_name LIKE '%外科%' ) AND ( b.hot = 1 )  [ RunTime:0.000887s ]
NOTIC: [2] Invalid argument supplied for foreach() D:\WWW\health\management\Application\Connector\Controller\SearchController.class.php 第 25 行.
SQL: SELECT * FROM `hospital_info` WHERE ( `hos_name` LIKE '%外科%' )  [ RunTime:0.000520s ]
INFO: [ app_end ] --START--
INFO: Run Behavior\ShowPageTrace [ RunTime:0.000343s ]
INFO: [ app_end ] --END-- [ RunTime:0.000468s ]

[ 2017-04-15T15:46:36+08:00 ] 172.17.32.112 /health/management/application/index.php/Connector/Search/searchdoc
INFO: [ app_init ] --START--
INFO: [ app_init ] --END-- [ RunTime:0.000972s ]
INFO: [ path_info ] --START--
INFO: [ path_info ] --END-- [ RunTime:0.000060s ]
INFO: [ app_begin ] --START--
INFO: Run Behavior\ReadHtmlCache [ RunTime:0.000080s ]
INFO: [ app_begin ] --END-- [ RunTime:0.000187s ]
INFO: [ action_begin ] --START--
INFO: [ action_begin ] --END-- [ RunTime:0.000063s ]
SQL: SHOW COLUMNS FROM `doctor_info` [ RunTime:0.002984s ]
SQL: SELECT a.*,b.hos_name,c.dep_name FROM doctor_info a LEFT JOIN hospital_info b on a.hos_id=b.hos_id LEFT JOIN department_info c on a.depa_id=c.dep_id WHERE ( a.doc_name LIKE '%外科%' )  [ RunTime:0.000455s ]
INFO: [ app_end ] --START--
INFO: Run Behavior\ShowPageTrace [ RunTime:0.000038s ]
INFO: [ app_end ] --END-- [ RunTime:0.000093s ]

[ 2017-04-15T15:46:37+08:00 ] 172.17.32.112 /health/management/application/index.php/Connector/Search/searchdep
INFO: [ app_init ] --START--
INFO: [ app_init ] --END-- [ RunTime:0.000336s ]
INFO: [ path_info ] --START--
INFO: [ path_info ] --END-- [ RunTime:0.000029s ]
INFO: [ app_begin ] --START--
INFO: Run Behavior\ReadHtmlCache [ RunTime:0.000042s ]
INFO: [ app_begin ] --END-- [ RunTime:0.000094s ]
INFO: [ action_begin ] --START--
INFO: [ action_begin ] --END-- [ RunTime:0.000047s ]
SQL: SHOW COLUMNS FROM `department_info` [ RunTime:0.002898s ]
SQL: SELECT a.*,b.hos_name,c.dep_introduce FROM department_info a LEFT JOIN hos_dep c on a.dep_id=c.dep_id LEFT JOIN hospital_info b on b.hos_id=c.hos_id WHERE ( a.dep_name LIKE '%外科%' )  [ RunTime:0.000613s ]
INFO: [ app_end ] --START--
INFO: Run Behavior\ShowPageTrace [ RunTime:0.000041s ]
INFO: [ app_end ] --END-- [ RunTime:0.000100s ]

[ 2017-04-15T15:48:34+08:00 ] 172.17.32.112 /health/management/application/index.php/Connector/Search/searchhos
INFO: [ app_init ] --START--
INFO: [ app_init ] --END-- [ RunTime:0.000513s ]
INFO: [ path_info ] --START--
INFO: [ path_info ] --END-- [ RunTime:0.000032s ]
INFO: [ app_begin ] --START--
INFO: Run Behavior\ReadHtmlCache [ RunTime:0.000048s ]
INFO: [ app_begin ] --END-- [ RunTime:0.000105s ]
INFO: [ action_begin ] --START--
INFO: [ action_begin ] --END-- [ RunTime:0.000031s ]
SQL: SHOW COLUMNS FROM `hospital_info` [ RunTime:0.005365s ]
SQL: SELECT a.hos_id,c.dep_name FROM hospital_info a LEFT JOIN hos_dep b on a.hos_id=b.hos_id LEFT JOIN department_info c on b.dep_id=c.dep_id WHERE ( a.hos_name LIKE '%外科%' ) AND ( b.hot = 1 )  [ RunTime:0.000628s ]
NOTIC: [2] Invalid argument supplied for foreach() D:\WWW\health\management\Application\Connector\Controller\SearchController.class.php 第 25 行.
SQL: SELECT * FROM `hospital_info` WHERE ( `hos_name` LIKE '%外科%' )  [ RunTime:0.000488s ]
INFO: [ app_end ] --START--
INFO: Run Behavior\ShowPageTrace [ RunTime:0.000070s ]
INFO: [ app_end ] --END-- [ RunTime:0.000173s ]

[ 2017-04-15T15:48:39+08:00 ] 172.17.32.112 /health/management/application/index.php/Connector/Search/searchhos
INFO: [ app_init ] --START--
INFO: [ app_init ] --END-- [ RunTime:0.000309s ]
INFO: [ path_info ] --START--
INFO: [ path_info ] --END-- [ RunTime:0.000031s ]
INFO: [ app_begin ] --START--
INFO: Run Behavior\ReadHtmlCache [ RunTime:0.000044s ]
INFO: [ app_begin ] --END-- [ RunTime:0.000101s ]
INFO: [ action_begin ] --START--
INFO: [ action_begin ] --END-- [ RunTime:0.000038s ]
SQL: SHOW COLUMNS FROM `hospital_info` [ RunTime:0.005308s ]
SQL: SELECT a.hos_id,c.dep_name FROM hospital_info a LEFT JOIN hos_dep b on a.hos_id=b.hos_id LEFT JOIN department_info c on b.dep_id=c.dep_id WHERE ( a.hos_name LIKE '%医院%' ) AND ( b.hot = 1 )  [ RunTime:0.000833s ]
SQL: SELECT * FROM `hospital_info` WHERE ( `hos_name` LIKE '%医院%' )  [ RunTime:0.000570s ]
NOTIC: [8] Undefined index: 56 D:\WWW\health\management\Application\Connector\Controller\SearchController.class.php 第 38 行.
INFO: [ app_end ] --START--
INFO: Run Behavior\ShowPageTrace [ RunTime:0.000069s ]
INFO: [ app_end ] --END-- [ RunTime:0.000174s ]

[ 2017-04-15T15:48:40+08:00 ] 172.17.32.112 /health/management/application/index.php/Connector/Search/searchdoc
INFO: [ app_init ] --START--
INFO: [ app_init ] --END-- [ RunTime:0.000323s ]
INFO: [ path_info ] --START--
INFO: [ path_info ] --END-- [ RunTime:0.000031s ]
INFO: [ app_begin ] --START--
INFO: Run Behavior\ReadHtmlCache [ RunTime:0.000042s ]
INFO: [ app_begin ] --END-- [ RunTime:0.000100s ]
INFO: [ action_begin ] --START--
INFO: [ action_begin ] --END-- [ RunTime:0.000079s ]
SQL: SHOW COLUMNS FROM `doctor_info` [ RunTime:0.005845s ]
SQL: SELECT a.*,b.hos_name,c.dep_name FROM doctor_info a LEFT JOIN hospital_info b on a.hos_id=b.hos_id LEFT JOIN department_info c on a.depa_id=c.dep_id WHERE ( a.doc_name LIKE '%医院%' )  [ RunTime:0.000972s ]
INFO: [ app_end ] --START--
INFO: Run Behavior\ShowPageTrace [ RunTime:0.000074s ]
INFO: [ app_end ] --END-- [ RunTime:0.000184s ]

[ 2017-04-15T15:48:41+08:00 ] 172.17.32.112 /health/management/application/index.php/Connector/Search/searchdep
INFO: [ app_init ] --START--
INFO: [ app_init ] --END-- [ RunTime:0.000295s ]
INFO: [ path_info ] --START--
INFO: [ path_info ] --END-- [ RunTime:0.000036s ]
INFO: [ app_begin ] --START--
INFO: Run Behavior\ReadHtmlCache [ RunTime:0.000043s ]
INFO: [ app_begin ] --END-- [ RunTime:0.000100s ]
INFO: [ action_begin ] --START--
INFO: [ action_begin ] --END-- [ RunTime:0.000077s ]
SQL: SHOW COLUMNS FROM `department_info` [ RunTime:0.005410s ]
SQL: SELECT a.*,b.hos_name,c.dep_introduce FROM department_info a LEFT JOIN hos_dep c on a.dep_id=c.dep_id LEFT JOIN hospital_info b on b.hos_id=c.hos_id WHERE ( a.dep_name LIKE '%医院%' )  [ RunTime:0.000703s ]
INFO: [ app_end ] --START--
INFO: Run Behavior\ShowPageTrace [ RunTime:0.000072s ]
INFO: [ app_end ] --END-- [ RunTime:0.000184s ]

[ 2017-04-15T15:48:44+08:00 ] 172.17.32.112 /health/management/application/index.php/Connector/Search/searchhos
INFO: [ app_init ] --START--
INFO: [ app_init ] --END-- [ RunTime:0.000531s ]
INFO: [ path_info ] --START--
INFO: [ path_info ] --END-- [ RunTime:0.000058s ]
INFO: [ app_begin ] --START--
INFO: Run Behavior\ReadHtmlCache [ RunTime:0.000082s ]
INFO: [ app_begin ] --END-- [ RunTime:0.000183s ]
INFO: [ action_begin ] --START--
INFO: [ action_begin ] --END-- [ RunTime:0.000058s ]
SQL: SHOW COLUMNS FROM `hospital_info` [ RunTime:0.005479s ]
SQL: SELECT a.hos_id,c.dep_name FROM hospital_info a LEFT JOIN hos_dep b on a.hos_id=b.hos_id LEFT JOIN department_info c on b.dep_id=c.dep_id WHERE ( a.hos_name LIKE '%医院%' ) AND ( b.hot = 1 )  [ RunTime:0.000801s ]
SQL: SELECT * FROM `hospital_info` WHERE ( `hos_name` LIKE '%医院%' )  [ RunTime:0.000695s ]
NOTIC: [8] Undefined index: 56 D:\WWW\health\management\Application\Connector\Controller\SearchController.class.php 第 38 行.
INFO: [ app_end ] --START--
INFO: Run Behavior\ShowPageTrace [ RunTime:0.000072s ]
INFO: [ app_end ] --END-- [ RunTime:0.000223s ]

[ 2017-04-15T15:48:48+08:00 ] 172.17.32.112 /health/management/Application/index.php/Connector/Hos/getHosImg?hos_id=54
INFO: [ app_init ] --START--
INFO: [ app_init ] --END-- [ RunTime:0.000550s ]
INFO: [ path_info ] --START--
INFO: [ path_info ] --END-- [ RunTime:0.000059s ]
INFO: [ app_begin ] --START--
INFO: Run Behavior\ReadHtmlCache [ RunTime:0.000086s ]
INFO: [ app_begin ] --END-- [ RunTime:0.000191s ]
INFO: [ action_begin ] --START--
INFO: [ action_begin ] --END-- [ RunTime:0.000059s ]
SQL: SHOW COLUMNS FROM `hos_img` [ RunTime:0.005274s ]
SQL: SELECT * FROM `hos_img` WHERE ( `hos_id` = '54' )  [ RunTime:0.000910s ]
INFO: [ app_end ] --START--
INFO: Run Behavior\ShowPageTrace [ RunTime:0.000150s ]
INFO: [ app_end ] --END-- [ RunTime:0.000289s ]

[ 2017-04-15T15:48:49+08:00 ] 172.17.32.112 /health/management/Application/index.php/Connector/hos/getHosDetail?hos_id=54
INFO: [ app_init ] --START--
INFO: [ app_init ] --END-- [ RunTime:0.000489s ]
INFO: [ path_info ] --START--
INFO: [ path_info ] --END-- [ RunTime:0.000057s ]
INFO: [ app_begin ] --START--
INFO: Run Behavior\ReadHtmlCache [ RunTime:0.000084s ]
INFO: [ app_begin ] --END-- [ RunTime:0.000188s ]
INFO: [ action_begin ] --START--
INFO: [ action_begin ] --END-- [ RunTime:0.000100s ]
NOTIC: [2048] Declaration of Admin\Model\HospitalInfoModel::_after_insert() should be compatible with that of Think\Model::_after_insert() D:\WWW\health\management\Application\Admin\Model\HospitalInfoModel.class.php 第 7 行.
SQL: SHOW COLUMNS FROM `hospital_info` [ RunTime:0.005650s ]
SQL: SELECT * FROM `hospital_info` WHERE ( `hos_id` = 54 ) LIMIT 1   [ RunTime:0.000776s ]
INFO: [ app_end ] --START--
INFO: Run Behavior\ShowPageTrace [ RunTime:0.000085s ]
INFO: [ app_end ] --END-- [ RunTime:0.000201s ]

[ 2017-04-15T15:48:58+08:00 ] 172.17.32.112 /health/management/Application/index.php/Connector/Hos/getHosImg?hos_id=56
INFO: [ app_init ] --START--
INFO: [ app_init ] --END-- [ RunTime:0.000498s ]
INFO: [ path_info ] --START--
INFO: [ path_info ] --END-- [ RunTime:0.000058s ]
INFO: [ app_begin ] --START--
INFO: Run Behavior\ReadHtmlCache [ RunTime:0.000087s ]
INFO: [ app_begin ] --END-- [ RunTime:0.000190s ]
INFO: [ action_begin ] --START--
INFO: [ action_begin ] --END-- [ RunTime:0.000057s ]
SQL: SHOW COLUMNS FROM `hos_img` [ RunTime:0.005267s ]
SQL: SELECT * FROM `hos_img` WHERE ( `hos_id` = '56' )  [ RunTime:0.000623s ]
INFO: [ app_end ] --START--
INFO: Run Behavior\ShowPageTrace [ RunTime:0.000071s ]
INFO: [ app_end ] --END-- [ RunTime:0.000180s ]

[ 2017-04-15T15:48:59+08:00 ] 172.17.32.112 /health/management/Application/index.php/Connector/hos/getHosDetail?hos_id=56
INFO: [ app_init ] --START--
INFO: [ app_init ] --END-- [ RunTime:0.000502s ]
INFO: [ path_info ] --START--
INFO: [ path_info ] --END-- [ RunTime:0.000059s ]
INFO: [ app_begin ] --START--
INFO: Run Behavior\ReadHtmlCache [ RunTime:0.000085s ]
INFO: [ app_begin ] --END-- [ RunTime:0.000194s ]
INFO: [ action_begin ] --START--
INFO: [ action_begin ] --END-- [ RunTime:0.000185s ]
NOTIC: [2048] Declaration of Admin\Model\HospitalInfoModel::_after_insert() should be compatible with that of Think\Model::_after_insert() D:\WWW\health\management\Application\Admin\Model\HospitalInfoModel.class.php 第 7 行.
SQL: SHOW COLUMNS FROM `hospital_info` [ RunTime:0.005600s ]
SQL: SELECT * FROM `hospital_info` WHERE ( `hos_id` = 56 ) LIMIT 1   [ RunTime:0.000659s ]
INFO: [ app_end ] --START--
INFO: Run Behavior\ShowPageTrace [ RunTime:0.000071s ]
INFO: [ app_end ] --END-- [ RunTime:0.000177s ]

[ 2017-04-15T15:51:42+08:00 ] 172.17.32.112 /health/management/application/index.php/Connector/Search/searchdoc
INFO: [ app_init ] --START--
INFO: [ app_init ] --END-- [ RunTime:0.000593s ]
INFO: [ path_info ] --START--
INFO: [ path_info ] --END-- [ RunTime:0.000062s ]
INFO: [ app_begin ] --START--
INFO: Run Behavior\ReadHtmlCache [ RunTime:0.000101s ]
INFO: [ app_begin ] --END-- [ RunTime:0.000221s ]
INFO: [ action_begin ] --START--
INFO: [ action_begin ] --END-- [ RunTime:0.000073s ]
SQL: SHOW COLUMNS FROM `doctor_info` [ RunTime:0.006047s ]
SQL: SELECT a.*,b.hos_name,c.dep_name FROM doctor_info a LEFT JOIN hospital_info b on a.hos_id=b.hos_id LEFT JOIN department_info c on a.depa_id=c.dep_id WHERE ( a.doc_name LIKE '%人民%' )  [ RunTime:0.000892s ]
INFO: [ app_end ] --START--
INFO: Run Behavior\ShowPageTrace [ RunTime:0.000080s ]
INFO: [ app_end ] --END-- [ RunTime:0.000189s ]

[ 2017-04-15T15:51:43+08:00 ] 172.17.32.112 /health/management/application/index.php/Connector/Search/searchhos
INFO: [ app_init ] --START--
INFO: [ app_init ] --END-- [ RunTime:0.000623s ]
INFO: [ path_info ] --START--
INFO: [ path_info ] --END-- [ RunTime:0.000060s ]
INFO: [ app_begin ] --START--
INFO: Run Behavior\ReadHtmlCache [ RunTime:0.000081s ]
INFO: [ app_begin ] --END-- [ RunTime:0.000187s ]
INFO: [ action_begin ] --START--
INFO: [ action_begin ] --END-- [ RunTime:0.000076s ]
SQL: SHOW COLUMNS FROM `hospital_info` [ RunTime:0.005383s ]
SQL: SELECT a.hos_id,c.dep_name FROM hospital_info a LEFT JOIN hos_dep b on a.hos_id=b.hos_id LEFT JOIN department_info c on b.dep_id=c.dep_id WHERE ( a.hos_name LIKE '%人民%' ) AND ( b.hot = 1 )  [ RunTime:0.000820s ]
SQL: SELECT * FROM `hospital_info` WHERE ( `hos_name` LIKE '%人民%' )  [ RunTime:0.000591s ]
INFO: [ app_end ] --START--
INFO: Run Behavior\ShowPageTrace [ RunTime:0.000072s ]
INFO: [ app_end ] --END-- [ RunTime:0.000184s ]

[ 2017-04-15T15:51:44+08:00 ] 172.17.32.112 /health/management/application/index.php/Connector/Search/searchdep
INFO: [ app_init ] --START--
INFO: [ app_init ] --END-- [ RunTime:0.000288s ]
INFO: [ path_info ] --START--
INFO: [ path_info ] --END-- [ RunTime:0.000032s ]
INFO: [ app_begin ] --START--
INFO: Run Behavior\ReadHtmlCache [ RunTime:0.000043s ]
INFO: [ app_begin ] --END-- [ RunTime:0.000100s ]
INFO: [ action_begin ] --START--
INFO: [ action_begin ] --END-- [ RunTime:0.000083s ]
SQL: SHOW COLUMNS FROM `department_info` [ RunTime:0.004938s ]
SQL: SELECT a.*,b.hos_name,c.dep_introduce FROM department_info a LEFT JOIN hos_dep c on a.dep_id=c.dep_id LEFT JOIN hospital_info b on b.hos_id=c.hos_id WHERE ( a.dep_name LIKE '%人民%' )  [ RunTime:0.000605s ]
INFO: [ app_end ] --START--
INFO: Run Behavior\ShowPageTrace [ RunTime:0.000081s ]
INFO: [ app_end ] --END-- [ RunTime:0.000259s ]

[ 2017-04-15T15:51:47+08:00 ] 172.17.32.112 /health/management/application/index.php/Connector/Search/searchhos
INFO: [ app_init ] --START--
INFO: [ app_init ] --END-- [ RunTime:0.000484s ]
INFO: [ path_info ] --START--
INFO: [ path_info ] --END-- [ RunTime:0.000057s ]
INFO: [ app_begin ] --START--
INFO: Run Behavior\ReadHtmlCache [ RunTime:0.000079s ]
INFO: [ app_begin ] --END-- [ RunTime:0.000182s ]
INFO: [ action_begin ] --START--
INFO: [ action_begin ] --END-- [ RunTime:0.000070s ]
SQL: SHOW COLUMNS FROM `hospital_info` [ RunTime:0.005460s ]
SQL: SELECT a.hos_id,c.dep_name FROM hospital_info a LEFT JOIN hos_dep b on a.hos_id=b.hos_id LEFT JOIN department_info c on b.dep_id=c.dep_id WHERE ( a.hos_name LIKE '%人民%' ) AND ( b.hot = 1 )  [ RunTime:0.000704s ]
SQL: SELECT * FROM `hospital_info` WHERE ( `hos_name` LIKE '%人民%' )  [ RunTime:0.000528s ]
INFO: [ app_end ] --START--
INFO: Run Behavior\ShowPageTrace [ RunTime:0.000071s ]
INFO: [ app_end ] --END-- [ RunTime:0.000179s ]

[ 2017-04-15T15:51:50+08:00 ] 172.17.32.112 /health/management/application/index.php/Connector/Search/searchdoc
INFO: [ app_init ] --START--
INFO: [ app_init ] --END-- [ RunTime:0.000261s ]
INFO: [ path_info ] --START--
INFO: [ path_info ] --END-- [ RunTime:0.000031s ]
INFO: [ app_begin ] --START--
INFO: Run Behavior\ReadHtmlCache [ RunTime:0.000043s ]
INFO: [ app_begin ] --END-- [ RunTime:0.000096s ]
INFO: [ action_begin ] --START--
INFO: [ action_begin ] --END-- [ RunTime:0.000030s ]
SQL: SHOW COLUMNS FROM `doctor_info` [ RunTime:0.005640s ]
SQL: SELECT a.*,b.hos_name,c.dep_name FROM doctor_info a LEFT JOIN hospital_info b on a.hos_id=b.hos_id LEFT JOIN department_info c on a.depa_id=c.dep_id WHERE ( a.doc_name LIKE '%undefined%' )  [ RunTime:0.000811s ]
INFO: [ app_end ] --START--
INFO: Run Behavior\ShowPageTrace [ RunTime:0.000071s ]
INFO: [ app_end ] --END-- [ RunTime:0.000174s ]

[ 2017-04-15T15:52:30+08:00 ] 172.17.32.112 /health/management/application/index.php/Connector/Search/searchdep
INFO: [ app_init ] --START--
INFO: [ app_init ] --END-- [ RunTime:0.000506s ]
INFO: [ path_info ] --START--
INFO: [ path_info ] --END-- [ RunTime:0.000062s ]
INFO: [ app_begin ] --START--
INFO: Run Behavior\ReadHtmlCache [ RunTime:0.000083s ]
INFO: [ app_begin ] --END-- [ RunTime:0.000189s ]
INFO: [ action_begin ] --START--
INFO: [ action_begin ] --END-- [ RunTime:0.000059s ]
SQL: SHOW COLUMNS FROM `department_info` [ RunTime:0.005088s ]
SQL: SELECT a.*,b.hos_name,c.dep_introduce FROM department_info a LEFT JOIN hos_dep c on a.dep_id=c.dep_id LEFT JOIN hospital_info b on b.hos_id=c.hos_id WHERE ( a.dep_name LIKE '%医院%' )  [ RunTime:0.000691s ]
INFO: [ app_end ] --START--
INFO: Run Behavior\ShowPageTrace [ RunTime:0.000070s ]
INFO: [ app_end ] --END-- [ RunTime:0.000181s ]

[ 2017-04-15T15:52:31+08:00 ] 172.17.32.112 /health/management/application/index.php/Connector/Search/searchhos
INFO: [ app_init ] --START--
INFO: [ app_init ] --END-- [ RunTime:0.000688s ]
INFO: [ path_info ] --START--
INFO: [ path_info ] --END-- [ RunTime:0.000057s ]
INFO: [ app_begin ] --START--
INFO: Run Behavior\ReadHtmlCache [ RunTime:0.000081s ]
INFO: [ app_begin ] --END-- [ RunTime:0.000183s ]
INFO: [ action_begin ] --START--
INFO: [ action_begin ] --END-- [ RunTime:0.000076s ]
SQL: SHOW COLUMNS FROM `hospital_info` [ RunTime:0.005209s ]
SQL: SELECT a.hos_id,c.dep_name FROM hospital_info a LEFT JOIN hos_dep b on a.hos_id=b.hos_id LEFT JOIN department_info c on b.dep_id=c.dep_id WHERE ( a.hos_name LIKE '%医院%' ) AND ( b.hot = 1 )  [ RunTime:0.000831s ]
SQL: SELECT * FROM `hospital_info` WHERE ( `hos_name` LIKE '%医院%' )  [ RunTime:0.000594s ]
NOTIC: [8] Undefined index: 56 D:\WWW\health\management\Application\Connector\Controller\SearchController.class.php 第 38 行.
INFO: [ app_end ] --START--
INFO: Run Behavior\ShowPageTrace [ RunTime:0.000073s ]
INFO: [ app_end ] --END-- [ RunTime:0.000196s ]

[ 2017-04-15T15:52:32+08:00 ] 172.17.32.112 /health/management/application/index.php/Connector/Search/searchdoc
INFO: [ app_init ] --START--
INFO: [ app_init ] --END-- [ RunTime:0.000250s ]
INFO: [ path_info ] --START--
INFO: [ path_info ] --END-- [ RunTime:0.000029s ]
INFO: [ app_begin ] --START--
INFO: Run Behavior\ReadHtmlCache [ RunTime:0.000041s ]
INFO: [ app_begin ] --END-- [ RunTime:0.000093s ]
INFO: [ action_begin ] --START--
INFO: [ action_begin ] --END-- [ RunTime:0.000226s ]
SQL: SHOW COLUMNS FROM `doctor_info` [ RunTime:0.003002s ]
SQL: SELECT a.*,b.hos_name,c.dep_name FROM doctor_info a LEFT JOIN hospital_info b on a.hos_id=b.hos_id LEFT JOIN department_info c on a.depa_id=c.dep_id WHERE ( a.doc_name LIKE '%医院%' )  [ RunTime:0.000459s ]
INFO: [ app_end ] --START--
INFO: Run Behavior\ShowPageTrace [ RunTime:0.000038s ]
INFO: [ app_end ] --END-- [ RunTime:0.000093s ]

[ 2017-04-15T15:52:38+08:00 ] 172.17.32.112 /health/management/application/index.php/Connector/Search/searchhos
INFO: [ app_init ] --START--
INFO: [ app_init ] --END-- [ RunTime:0.000717s ]
INFO: [ path_info ] --START--
INFO: [ path_info ] --END-- [ RunTime:0.000066s ]
INFO: [ app_begin ] --START--
INFO: Run Behavior\ReadHtmlCache [ RunTime:0.000081s ]
INFO: [ app_begin ] --END-- [ RunTime:0.000185s ]
INFO: [ action_begin ] --START--
INFO: [ action_begin ] --END-- [ RunTime:0.000057s ]
SQL: SHOW COLUMNS FROM `hospital_info` [ RunTime:0.005383s ]
SQL: SELECT a.hos_id,c.dep_name FROM hospital_info a LEFT JOIN hos_dep b on a.hos_id=b.hos_id LEFT JOIN department_info c on b.dep_id=c.dep_id WHERE ( a.hos_name LIKE '%人民%' ) AND ( b.hot = 1 )  [ RunTime:0.000768s ]
SQL: SELECT * FROM `hospital_info` WHERE ( `hos_name` LIKE '%人民%' )  [ RunTime:0.000581s ]
INFO: [ app_end ] --START--
INFO: Run Behavior\ShowPageTrace [ RunTime:0.000071s ]
INFO: [ app_end ] --END-- [ RunTime:0.000179s ]

[ 2017-04-15T15:52:39+08:00 ] 172.17.32.112 /health/management/application/index.php/Connector/Search/searchdoc
INFO: [ app_init ] --START--
INFO: [ app_init ] --END-- [ RunTime:0.000492s ]
INFO: [ path_info ] --START--
INFO: [ path_info ] --END-- [ RunTime:0.000056s ]
INFO: [ app_begin ] --START--
INFO: Run Behavior\ReadHtmlCache [ RunTime:0.000082s ]
INFO: [ app_begin ] --END-- [ RunTime:0.000188s ]
INFO: [ action_begin ] --START--
INFO: [ action_begin ] --END-- [ RunTime:0.000077s ]
SQL: SHOW COLUMNS FROM `doctor_info` [ RunTime:0.005417s ]
SQL: SELECT a.*,b.hos_name,c.dep_name FROM doctor_info a LEFT JOIN hospital_info b on a.hos_id=b.hos_id LEFT JOIN department_info c on a.depa_id=c.dep_id WHERE ( a.doc_name LIKE '%人民%' )  [ RunTime:0.000851s ]
INFO: [ app_end ] --START--
INFO: Run Behavior\ShowPageTrace [ RunTime:0.000072s ]
INFO: [ app_end ] --END-- [ RunTime:0.000204s ]

[ 2017-04-15T15:52:40+08:00 ] 172.17.32.112 /health/management/application/index.php/Connector/Search/searchdep
INFO: [ app_init ] --START--
INFO: [ app_init ] --END-- [ RunTime:0.000262s ]
INFO: [ path_info ] --START--
INFO: [ path_info ] --END-- [ RunTime:0.000030s ]
INFO: [ app_begin ] --START--
INFO: Run Behavior\ReadHtmlCache [ RunTime:0.000041s ]
INFO: [ app_begin ] --END-- [ RunTime:0.000092s ]
INFO: [ action_begin ] --START--
INFO: [ action_begin ] --END-- [ RunTime:0.000140s ]
SQL: SHOW COLUMNS FROM `department_info` [ RunTime:0.004912s ]
SQL: SELECT a.*,b.hos_name,c.dep_introduce FROM department_info a LEFT JOIN hos_dep c on a.dep_id=c.dep_id LEFT JOIN hospital_info b on b.hos_id=c.hos_id WHERE ( a.dep_name LIKE '%人民%' )  [ RunTime:0.000598s ]
INFO: [ app_end ] --START--
INFO: Run Behavior\ShowPageTrace [ RunTime:0.000073s ]
INFO: [ app_end ] --END-- [ RunTime:0.000185s ]

[ 2017-04-15T15:52:45+08:00 ] 172.17.32.112 /health/management/application/index.php/Connector/Search/searchhos
INFO: [ app_init ] --START--
INFO: [ app_init ] --END-- [ RunTime:0.000483s ]
INFO: [ path_info ] --START--
INFO: [ path_info ] --END-- [ RunTime:0.000059s ]
INFO: [ app_begin ] --START--
INFO: Run Behavior\ReadHtmlCache [ RunTime:0.000078s ]
INFO: [ app_begin ] --END-- [ RunTime:0.000182s ]
INFO: [ action_begin ] --START--
INFO: [ action_begin ] --END-- [ RunTime:0.000069s ]
SQL: SHOW COLUMNS FROM `hospital_info` [ RunTime:0.005135s ]
SQL: SELECT a.hos_id,c.dep_name FROM hospital_info a LEFT JOIN hos_dep b on a.hos_id=b.hos_id LEFT JOIN department_info c on b.dep_id=c.dep_id WHERE ( a.hos_name LIKE '%人民%' ) AND ( b.hot = 1 )  [ RunTime:0.000714s ]
SQL: SELECT * FROM `hospital_info` WHERE ( `hos_name` LIKE '%人民%' )  [ RunTime:0.000554s ]
INFO: [ app_end ] --START--
INFO: Run Behavior\ShowPageTrace [ RunTime:0.000072s ]
INFO: [ app_end ] --END-- [ RunTime:0.000181s ]

[ 2017-04-15T15:52:50+08:00 ] 172.17.32.112 /health/management/application/index.php/Connector/Search/searchdoc
INFO: [ app_init ] --START--
INFO: [ app_init ] --END-- [ RunTime:0.000483s ]
INFO: [ path_info ] --START--
INFO: [ path_info ] --END-- [ RunTime:0.000060s ]
INFO: [ app_begin ] --START--
INFO: Run Behavior\ReadHtmlCache [ RunTime:0.000084s ]
INFO: [ app_begin ] --END-- [ RunTime:0.000340s ]
INFO: [ action_begin ] --START--
INFO: [ action_begin ] --END-- [ RunTime:0.000042s ]
SQL: SHOW COLUMNS FROM `doctor_info` [ RunTime:0.005381s ]
SQL: SELECT a.*,b.hos_name,c.dep_name FROM doctor_info a LEFT JOIN hospital_info b on a.hos_id=b.hos_id LEFT JOIN department_info c on a.depa_id=c.dep_id WHERE ( a.doc_name LIKE '%人民%' )  [ RunTime:0.001243s ]
INFO: [ app_end ] --START--
INFO: Run Behavior\ShowPageTrace [ RunTime:0.000040s ]
INFO: [ app_end ] --END-- [ RunTime:0.000098s ]

[ 2017-04-15T15:56:15+08:00 ] 172.17.32.112 /health/management/application/index.php/Connector/Search/searchdep
INFO: [ app_init ] --START--
INFO: [ app_init ] --END-- [ RunTime:0.000304s ]
INFO: [ path_info ] --START--
INFO: [ path_info ] --END-- [ RunTime:0.000030s ]
INFO: [ app_begin ] --START--
INFO: Run Behavior\ReadHtmlCache [ RunTime:0.000045s ]
INFO: [ app_begin ] --END-- [ RunTime:0.000103s ]
INFO: [ action_begin ] --START--
INFO: [ action_begin ] --END-- [ RunTime:0.000032s ]
SQL: SHOW COLUMNS FROM `department_info` [ RunTime:0.006211s ]
SQL: SELECT a.*,b.hos_name,c.dep_introduce FROM department_info a LEFT JOIN hos_dep c on a.dep_id=c.dep_id LEFT JOIN hospital_info b on b.hos_id=c.hos_id WHERE ( a.dep_name LIKE '%外科%' )  [ RunTime:0.001069s ]
INFO: [ app_end ] --START--
INFO: Run Behavior\ShowPageTrace [ RunTime:0.000071s ]
INFO: [ app_end ] --END-- [ RunTime:0.000183s ]

[ 2017-04-15T15:56:16+08:00 ] 172.17.32.112 /health/management/application/index.php/Connector/Search/searchhos
INFO: [ app_init ] --START--
INFO: [ app_init ] --END-- [ RunTime:0.000286s ]
INFO: [ path_info ] --START--
INFO: [ path_info ] --END-- [ RunTime:0.000032s ]
INFO: [ app_begin ] --START--
INFO: Run Behavior\ReadHtmlCache [ RunTime:0.000041s ]
INFO: [ app_begin ] --END-- [ RunTime:0.000095s ]
INFO: [ action_begin ] --START--
INFO: [ action_begin ] --END-- [ RunTime:0.000077s ]
SQL: SHOW COLUMNS FROM `hospital_info` [ RunTime:0.005255s ]
SQL: SELECT a.hos_id,c.dep_name FROM hospital_info a LEFT JOIN hos_dep b on a.hos_id=b.hos_id LEFT JOIN department_info c on b.dep_id=c.dep_id WHERE ( a.hos_name LIKE '%外科%' ) AND ( b.hot = 1 )  [ RunTime:0.000590s ]
NOTIC: [2] Invalid argument supplied for foreach() D:\WWW\health\management\Application\Connector\Controller\SearchController.class.php 第 25 行.
SQL: SELECT * FROM `hospital_info` WHERE ( `hos_name` LIKE '%外科%' )  [ RunTime:0.000547s ]
INFO: [ app_end ] --START--
INFO: Run Behavior\ShowPageTrace [ RunTime:0.000072s ]
INFO: [ app_end ] --END-- [ RunTime:0.000176s ]

[ 2017-04-15T15:56:17+08:00 ] 172.17.32.112 /health/management/application/index.php/Connector/Search/searchdoc
INFO: [ app_init ] --START--
INFO: [ app_init ] --END-- [ RunTime:0.000284s ]
INFO: [ path_info ] --START--
INFO: [ path_info ] --END-- [ RunTime:0.000030s ]
INFO: [ app_begin ] --START--
INFO: Run Behavior\ReadHtmlCache [ RunTime:0.000041s ]
INFO: [ app_begin ] --END-- [ RunTime:0.000096s ]
INFO: [ action_begin ] --START--
INFO: [ action_begin ] --END-- [ RunTime:0.000081s ]
SQL: SHOW COLUMNS FROM `doctor_info` [ RunTime:0.005541s ]
SQL: SELECT a.*,b.hos_name,c.dep_name FROM doctor_info a LEFT JOIN hospital_info b on a.hos_id=b.hos_id LEFT JOIN department_info c on a.depa_id=c.dep_id WHERE ( a.doc_name LIKE '%外科%' )  [ RunTime:0.000842s ]
INFO: [ app_end ] --START--
INFO: Run Behavior\ShowPageTrace [ RunTime:0.000073s ]
INFO: [ app_end ] --END-- [ RunTime:0.000177s ]

[ 2017-04-15T15:56:20+08:00 ] 172.17.32.112 /health/management/application/index.php/Connector/Search/searchhos
INFO: [ app_init ] --START--
INFO: [ app_init ] --END-- [ RunTime:0.000285s ]
INFO: [ path_info ] --START--
INFO: [ path_info ] --END-- [ RunTime:0.000034s ]
INFO: [ app_begin ] --START--
INFO: Run Behavior\ReadHtmlCache [ RunTime:0.000045s ]
INFO: [ app_begin ] --END-- [ RunTime:0.000105s ]
INFO: [ action_begin ] --START--
INFO: [ action_begin ] --END-- [ RunTime:0.000033s ]
SQL: SHOW COLUMNS FROM `hospital_info` [ RunTime:0.003738s ]
SQL: SELECT a.hos_id,c.dep_name FROM hospital_info a LEFT JOIN hos_dep b on a.hos_id=b.hos_id LEFT JOIN department_info c on b.dep_id=c.dep_id WHERE ( a.hos_name LIKE '%外科%' ) AND ( b.hot = 1 )  [ RunTime:0.000654s ]
NOTIC: [2] Invalid argument supplied for foreach() D:\WWW\health\management\Application\Connector\Controller\SearchController.class.php 第 25 行.
SQL: SELECT * FROM `hospital_info` WHERE ( `hos_name` LIKE '%外科%' )  [ RunTime:0.000600s ]
INFO: [ app_end ] --START--
INFO: Run Behavior\ShowPageTrace [ RunTime:0.000059s ]
INFO: [ app_end ] --END-- [ RunTime:0.000129s ]

[ 2017-04-15T15:56:23+08:00 ] 172.17.32.112 /health/management/application/index.php/Connector/Search/searchdoc
INFO: [ app_init ] --START--
INFO: [ app_init ] --END-- [ RunTime:0.000488s ]
INFO: [ path_info ] --START--
INFO: [ path_info ] --END-- [ RunTime:0.000058s ]
INFO: [ app_begin ] --START--
INFO: Run Behavior\ReadHtmlCache [ RunTime:0.000082s ]
INFO: [ app_begin ] --END-- [ RunTime:0.000236s ]
INFO: [ action_begin ] --START--
INFO: [ action_begin ] --END-- [ RunTime:0.000064s ]
SQL: SHOW COLUMNS FROM `doctor_info` [ RunTime:0.005366s ]
SQL: SELECT a.*,b.hos_name,c.dep_name FROM doctor_info a LEFT JOIN hospital_info b on a.hos_id=b.hos_id LEFT JOIN department_info c on a.depa_id=c.dep_id WHERE ( a.doc_name LIKE '%外科%' )  [ RunTime:0.000808s ]
INFO: [ app_end ] --START--
INFO: Run Behavior\ShowPageTrace [ RunTime:0.000072s ]
INFO: [ app_end ] --END-- [ RunTime:0.000191s ]

[ 2017-04-15T15:56:25+08:00 ] 172.17.32.112 /health/management/application/index.php/Connector/Search/searchdep
INFO: [ app_init ] --START--
INFO: [ app_init ] --END-- [ RunTime:0.000493s ]
INFO: [ path_info ] --START--
INFO: [ path_info ] --END-- [ RunTime:0.000057s ]
INFO: [ app_begin ] --START--
INFO: Run Behavior\ReadHtmlCache [ RunTime:0.000079s ]
INFO: [ app_begin ] --END-- [ RunTime:0.000182s ]
INFO: [ action_begin ] --START--
INFO: [ action_begin ] --END-- [ RunTime:0.000055s ]
SQL: SHOW COLUMNS FROM `department_info` [ RunTime:0.004824s ]
SQL: SELECT a.*,b.hos_name,c.dep_introduce FROM department_info a LEFT JOIN hos_dep c on a.dep_id=c.dep_id LEFT JOIN hospital_info b on b.hos_id=c.hos_id WHERE ( a.dep_name LIKE '%外科%' )  [ RunTime:0.000938s ]
INFO: [ app_end ] --START--
INFO: Run Behavior\ShowPageTrace [ RunTime:0.000072s ]
INFO: [ app_end ] --END-- [ RunTime:0.000186s ]

